<!DOCTYPE html>

<html>
  <head>
  <meta charset='utf-8'>
  <title>TestNG reports</title>

    <link type="text/css" href="testng-reports1.css" rel="stylesheet" id="ultra" />
    <link type="text/css" href="testng-reports.css" rel="stylesheet" id="retro" disabled="false"/>
    <script type="text/javascript" src="jquery-3.6.0.min.js"></script>
    <script type="text/javascript" src="testng-reports.js"></script>
    <script type="text/javascript" src="https://www.google.com/jsapi"></script>
    <script type='text/javascript'>
      google.load('visualization', '1', {packages:['table']});
      google.setOnLoadCallback(drawTable);
      var suiteTableInitFunctions = new Array();
      var suiteTableData = new Array();
    </script>
    <!--
      <script type="text/javascript" src="jquery-ui/js/jquery-ui-1.8.16.custom.min.js"></script>
     -->
  </head>

  <body>    <div class="top-banner-root">
      <span class="top-banner-title-font">Test results</span>
      <button id="button" class="button">Switch Retro Theme</button> <!-- button -->
      <br/>
      <span class="top-banner-font-1">1 suite, 18 failed tests</span>
    </div> <!-- top-banner-root -->
    <div class="navigator-root">
      <div class="navigator-suite-header">
        <span>All suites</span>
        <a href="#" title="Collapse/expand all the suites" class="collapse-all-link">
          <img src="collapseall.gif" class="collapse-all-icon">
          </img> <!-- collapse-all-icon -->
        </a> <!-- collapse-all-link -->
      </div> <!-- navigator-suite-header -->
      <div class="suite">
        <div class="rounded-window">
          <div class="suite-header light-rounded-window-top">
            <a href="#" panel-name="suite-Suite" class="navigator-link">
              <span class="suite-name border-failed">Suite</span>
            </a> <!-- navigator-link -->
          </div> <!-- suite-header light-rounded-window-top -->
          <div class="navigator-suite-content">
            <div class="suite-section-title">
              <span>Info</span>
            </div> <!-- suite-section-title -->
            <div class="suite-section-content">
              <ul>
                <li>
                  <a href="#" panel-name="test-xml-Suite" class="navigator-link ">
                    <span>C:\AutomationScripts\Auto\testng1.xml</span>
                  </a> <!-- navigator-link  -->
                </li>
                <li>
                  <a href="#" panel-name="testlist-Suite" class="navigator-link ">
                    <span class="test-stats">2 tests</span>
                  </a> <!-- navigator-link  -->
                </li>
                <li>
                  <a href="#" panel-name="group-Suite" class="navigator-link ">
                    <span>0 groups</span>
                  </a> <!-- navigator-link  -->
                </li>
                <li>
                  <a href="#" panel-name="times-Suite" class="navigator-link ">
                    <span>Times</span>
                  </a> <!-- navigator-link  -->
                </li>
                <li>
                  <a href="#" panel-name="reporter-Suite" class="navigator-link ">
                    <span>Reporter output</span>
                  </a> <!-- navigator-link  -->
                </li>
                <li>
                  <a href="#" panel-name="ignored-methods-Suite" class="navigator-link ">
                    <span>Ignored methods</span>
                  </a> <!-- navigator-link  -->
                </li>
                <li>
                  <a href="#" panel-name="chronological-Suite" class="navigator-link ">
                    <span>Chronological view</span>
                  </a> <!-- navigator-link  -->
                </li>
              </ul>
            </div> <!-- suite-section-content -->
            <div class="result-section">
              <div class="suite-section-title">
                <span>Results</span>
              </div> <!-- suite-section-title -->
              <div class="suite-section-content">
                <ul>
                  <li>
                    <span class="method-stats">40 methods, 18 failed,   22 passed</span>
                  </li>
                  <li>
                    <span class="method-list-title failed">Failed methods</span>
                    <span class="show-or-hide-methods failed">
                      <a href="#" panel-name="suite-Suite" class="hide-methods failed suite-Suite"> (hide)</a> <!-- hide-methods failed suite-Suite -->
                      <a href="#" panel-name="suite-Suite" class="show-methods failed suite-Suite"> (show)</a> <!-- show-methods failed suite-Suite -->
                    </span>
                    <div class="method-list-content failed suite-Suite">
                      <span>
                        <img src="failed.png" width="3%"/>
                        <a href="#" panel-name="suite-Suite" title="SkyTravellers_Hotels.TCHO_2_verifyHotelsSearchWithLocationDropdown" class="method navigator-link" hash-for-method="myTest({Origin=vietnam, RoomCount=1, Payment= CreditCard, UserName=tarun@tripgain.com, Email=abcd@tripgain....)">myTest({Origin=vietnam, RoomCount=1, Payment= CreditCard, UserName=tarun@tripgain.com, Email=abcd@tripgain....)</a> <!-- method navigator-link -->
                      </span>
                      <br/>
                      <span>
                        <img src="failed.png" width="3%"/>
                        <a href="#" panel-name="suite-Suite" title="SkyTravellers_Hotels.TCHO_4_verifyHotelsSearchwithFacilities" class="method navigator-link" hash-for-method="myTest({Origin=South Korea, RoomCount=1, Payment= DebitCard, UserName=tarun@tripgain.com, Email=abcd@tripga...)">myTest({Origin=South Korea, RoomCount=1, Payment= DebitCard, UserName=tarun@tripgain.com, Email=abcd@tripga...)</a> <!-- method navigator-link -->
                      </span>
                      <br/>
                      <span>
                        <img src="failed.png" width="3%"/>
                        <a href="#" panel-name="suite-Suite" title="SkyTravellers_Hotels.TCHO_3_verifyHotelsSearchwithStarRating" class="method navigator-link" hash-for-method="myTest({Origin=chennai, UserName=tarun@tripgain.com, Email=abcd@tripgain.com, ChildAge=5, URL=https://uaev2...)">myTest({Origin=chennai, UserName=tarun@tripgain.com, Email=abcd@tripgain.com, ChildAge=5, URL=https://uaev2...)</a> <!-- method navigator-link -->
                      </span>
                      <br/>
                      <span>
                        <img src="failed.png" width="3%"/>
                        <a href="#" panel-name="suite-Suite" title="SkyTravellers_Hotels.TCHO_2_verifyHotelsSearchWithLocationDropdown" class="method navigator-link" hash-for-method="myTest({Origin=Pune, RoomCount=1, Payment= DebitCard, UserName=tarun@tripgain.com, Email=abcd@tripgain.com,...)">myTest({Origin=Pune, RoomCount=1, Payment= DebitCard, UserName=tarun@tripgain.com, Email=abcd@tripgain.com,...)</a> <!-- method navigator-link -->
                      </span>
                      <br/>
                      <span>
                        <img src="failed.png" width="3%"/>
                        <a href="#" panel-name="suite-Suite" title="SkyTravellers_Hotels.TCHO_3_verifyHotelsSearchwithStarRating" class="method navigator-link" hash-for-method="myTest({Origin=maharashtra, UserName=tarun@tripgain.com, Email=abcd@tripgain.com, ChildAge=5, URL=https://u...)">myTest({Origin=maharashtra, UserName=tarun@tripgain.com, Email=abcd@tripgain.com, ChildAge=5, URL=https://u...)</a> <!-- method navigator-link -->
                      </span>
                      <br/>
                      <span>
                        <img src="failed.png" width="3%"/>
                        <a href="#" panel-name="suite-Suite" title="SkyTravellers_Hotels.TCHO_1_verifyHotelsSearch1" class="method navigator-link" hash-for-method="myTest({Origin=dubai, RoomCount=1, Payment=Netbanking, UserName=tarun@tripgain.com, Email=abcd@tripgain.com...)">myTest({Origin=dubai, RoomCount=1, Payment=Netbanking, UserName=tarun@tripgain.com, Email=abcd@tripgain.com...)</a> <!-- method navigator-link -->
                      </span>
                      <br/>
                      <span>
                        <img src="failed.png" width="3%"/>
                        <a href="#" panel-name="suite-Suite" title="SkyTravellers_Hotels.TCHO_4_verifyHotelsSearchwithFacilities" class="method navigator-link" hash-for-method="myTest({Origin=Bihar, RoomCount=1, Payment= DebitCard, UserName=tarun@tripgain.com, Email=abcd@tripgain.com...)">myTest({Origin=Bihar, RoomCount=1, Payment= DebitCard, UserName=tarun@tripgain.com, Email=abcd@tripgain.com...)</a> <!-- method navigator-link -->
                      </span>
                      <br/>
                      <span>
                        <img src="failed.png" width="3%"/>
                        <a href="#" panel-name="suite-Suite" title="SkyTravellers_Hotels.TCHO_3_verifyHotelsSearchwithStarRating" class="method navigator-link" hash-for-method="myTest({Origin=Germany park, UserName=tarun@tripgain.com, Email=abcd@tripgain.com, ChildAge=5, URL=https://...)">myTest({Origin=Germany park, UserName=tarun@tripgain.com, Email=abcd@tripgain.com, ChildAge=5, URL=https://...)</a> <!-- method navigator-link -->
                      </span>
                      <br/>
                      <span>
                        <img src="failed.png" width="3%"/>
                        <a href="#" panel-name="suite-Suite" title="SkyTravellers_Hotels.TCHO_4_verifyHotelsSearchwithFacilities" class="method navigator-link" hash-for-method="myTest({Origin=chennai, RoomCount=1, Payment=Netbanking, UserName=tarun@tripgain.com, Email=abcd@tripgain.c...)">myTest({Origin=chennai, RoomCount=1, Payment=Netbanking, UserName=tarun@tripgain.com, Email=abcd@tripgain.c...)</a> <!-- method navigator-link -->
                      </span>
                      <br/>
                      <span>
                        <img src="failed.png" width="3%"/>
                        <a href="#" panel-name="suite-Suite" title="SkyTravellers_Hotels.TCHO_4_verifyHotelsSearchwithFacilities" class="method navigator-link" hash-for-method="myTest({Origin=Mumbai, RoomCount=1, Payment= CreditCard, UserName=tarun@tripgain.com, Email=abcd@tripgain.c...)">myTest({Origin=Mumbai, RoomCount=1, Payment= CreditCard, UserName=tarun@tripgain.com, Email=abcd@tripgain.c...)</a> <!-- method navigator-link -->
                      </span>
                      <br/>
                      <span>
                        <img src="failed.png" width="3%"/>
                        <a href="#" panel-name="suite-Suite" title="SkyTravellers_Hotels.TCHO_4_verifyHotelsSearchwithFacilities" class="method navigator-link" hash-for-method="myTest({Origin=Jharkhand, RoomCount=1, Payment=UPI, UserName=tarun@tripgain.com, Email=abcd@tripgain.com, T...)">myTest({Origin=Jharkhand, RoomCount=1, Payment=UPI, UserName=tarun@tripgain.com, Email=abcd@tripgain.com, T...)</a> <!-- method navigator-link -->
                      </span>
                      <br/>
                      <span>
                        <img src="failed.png" width="3%"/>
                        <a href="#" panel-name="suite-Suite" title="SkyTravellers_Hotels.TCHO_3_verifyHotelsSearchwithStarRating" class="method navigator-link" hash-for-method="myTest({Origin=mumbai, UserName=tarun@tripgain.com, Email=abcd@tripgain.com, ChildAge=6,7, URL=https://uaev...)">myTest({Origin=mumbai, UserName=tarun@tripgain.com, Email=abcd@tripgain.com, ChildAge=6,7, URL=https://uaev...)</a> <!-- method navigator-link -->
                      </span>
                      <br/>
                      <span>
                        <img src="failed.png" width="3%"/>
                        <a href="#" panel-name="suite-Suite" title="SkyTravellers_Hotels.TCHO_3_verifyHotelsSearchwithStarRating" class="method navigator-link" hash-for-method="myTest({Origin=Turkey, UserName=tarun@tripgain.com, Email=abcd@tripgain.com, ChildAge=5, URL=https://uaev2....)">myTest({Origin=Turkey, UserName=tarun@tripgain.com, Email=abcd@tripgain.com, ChildAge=5, URL=https://uaev2....)</a> <!-- method navigator-link -->
                      </span>
                      <br/>
                      <span>
                        <img src="failed.png" width="3%"/>
                        <a href="#" panel-name="suite-Suite" title="SkyTravellers_Hotels.TCHO_1_verifyHotelsSearch1" class="method navigator-link" hash-for-method="myTest({Origin=Ahmedabad, RoomCount=1, Payment= DebitCard, UserName=tarun@tripgain.com, Email=abcd@tripgain...)">myTest({Origin=Ahmedabad, RoomCount=1, Payment= DebitCard, UserName=tarun@tripgain.com, Email=abcd@tripgain...)</a> <!-- method navigator-link -->
                      </span>
                      <br/>
                      <span>
                        <img src="failed.png" width="3%"/>
                        <a href="#" panel-name="suite-Suite" title="SkyTravellers_Hotels.TCHO_4_verifyHotelsSearchwithFacilities" class="method navigator-link" hash-for-method="myTest({Origin=Sri lanka, RoomCount=1, Payment=Netbanking, UserName=tarun@tripgain.com, Email=abcd@tripgain...)">myTest({Origin=Sri lanka, RoomCount=1, Payment=Netbanking, UserName=tarun@tripgain.com, Email=abcd@tripgain...)</a> <!-- method navigator-link -->
                      </span>
                      <br/>
                      <span>
                        <img src="failed.png" width="3%"/>
                        <a href="#" panel-name="suite-Suite" title="SkyTravellers_Hotels.TCHO_3_verifyHotelsSearchwithStarRating" class="method navigator-link" hash-for-method="myTest({Origin=germany, UserName=tarun@tripgain.com, Email=abcd@tripgain.com, ChildAge=5, URL=https://uaev2...)">myTest({Origin=germany, UserName=tarun@tripgain.com, Email=abcd@tripgain.com, ChildAge=5, URL=https://uaev2...)</a> <!-- method navigator-link -->
                      </span>
                      <br/>
                      <span>
                        <img src="failed.png" width="3%"/>
                        <a href="#" panel-name="suite-Suite" title="SkyTravellers_Hotels.TCHO_2_verifyHotelsSearchWithLocationDropdown" class="method navigator-link" hash-for-method="myTest({Origin=japan, RoomCount=1, Payment=UPI, UserName=tarun@tripgain.com, Email=abcd@tripgain.com, TestR...)">myTest({Origin=japan, RoomCount=1, Payment=UPI, UserName=tarun@tripgain.com, Email=abcd@tripgain.com, TestR...)</a> <!-- method navigator-link -->
                      </span>
                      <br/>
                      <span>
                        <img src="failed.png" width="3%"/>
                        <a href="#" panel-name="suite-Suite" title="SkyTravellers_Hotels.TCHO_4_verifyHotelsSearchwithFacilities" class="method navigator-link" hash-for-method="myTest({Origin=Belgium, RoomCount=1, Payment=UPI, UserName=tarun@tripgain.com, Email=abcd@tripgain.com, Tes...)">myTest({Origin=Belgium, RoomCount=1, Payment=UPI, UserName=tarun@tripgain.com, Email=abcd@tripgain.com, Tes...)</a> <!-- method navigator-link -->
                      </span>
                      <br/>
                    </div> <!-- method-list-content failed suite-Suite -->
                  </li>
                  <li>
                    <span class="method-list-title passed">Passed methods</span>
                    <span class="show-or-hide-methods passed">
                      <a href="#" panel-name="suite-Suite" class="hide-methods passed suite-Suite"> (hide)</a> <!-- hide-methods passed suite-Suite -->
                      <a href="#" panel-name="suite-Suite" class="show-methods passed suite-Suite"> (show)</a> <!-- show-methods passed suite-Suite -->
                    </span>
                    <div class="method-list-content passed suite-Suite">
                      <span>
                        <img src="passed.png" width="3%"/>
                        <a href="#" panel-name="suite-Suite" title="SkyTravellers_Hotels.TCHO_3_verifyHotelsSearchwithStarRating" class="method navigator-link" hash-for-method="myTest({Origin=Tamil Nadu, UserName=tarun@tripgain.com, Email=abcd@tripgain.com, ChildAge=5, URL=https://ua...)">myTest({Origin=Tamil Nadu, UserName=tarun@tripgain.com, Email=abcd@tripgain.com, ChildAge=5, URL=https://ua...)</a> <!-- method navigator-link -->
                      </span>
                      <br/>
                      <span>
                        <img src="passed.png" width="3%"/>
                        <a href="#" panel-name="suite-Suite" title="SkyTravellers_Hotels.TCHO_1_verifyHotelsSearch1" class="method navigator-link" hash-for-method="myTest({Origin=london, RoomCount=1, Payment= CreditCard, UserName=tarun@tripgain.com, Email=abcd@tripgain.c...)">myTest({Origin=london, RoomCount=1, Payment= CreditCard, UserName=tarun@tripgain.com, Email=abcd@tripgain.c...)</a> <!-- method navigator-link -->
                      </span>
                      <br/>
                      <span>
                        <img src="passed.png" width="3%"/>
                        <a href="#" panel-name="suite-Suite" title="SkyTravellers_Hotels.TCHO_1_verifyHotelsSearch1" class="method navigator-link" hash-for-method="myTest({Origin=tokyo, RoomCount=1, Payment=UPI, UserName=tarun@tripgain.com, Email=abcd@tripgain.com, TestR...)">myTest({Origin=tokyo, RoomCount=1, Payment=UPI, UserName=tarun@tripgain.com, Email=abcd@tripgain.com, TestR...)</a> <!-- method navigator-link -->
                      </span>
                      <br/>
                      <span>
                        <img src="passed.png" width="3%"/>
                        <a href="#" panel-name="suite-Suite" title="SkyTravellers_Hotels.TCHO_2_verifyHotelsSearchWithLocationDropdown" class="method navigator-link" hash-for-method="myTest({Origin=Canada&#039;s Wonderland, RoomCount=1, Payment= DebitCard, UserName=tarun@tripgain.com, Email=abc...)">myTest({Origin=Canada's Wonderland, RoomCount=1, Payment= DebitCard, UserName=tarun@tripgain.com, Email=abc...)</a> <!-- method navigator-link -->
                      </span>
                      <br/>
                      <span>
                        <img src="passed.png" width="3%"/>
                        <a href="#" panel-name="suite-Suite" title="SkyTravellers_Hotels.TCHO_2_verifyHotelsSearchWithLocationDropdown" class="method navigator-link" hash-for-method="myTest({Origin=Pune, RoomCount=2, Payment= CreditCard, UserName=tarun@tripgain.com, Email=abcd@tripgain.com...)">myTest({Origin=Pune, RoomCount=2, Payment= CreditCard, UserName=tarun@tripgain.com, Email=abcd@tripgain.com...)</a> <!-- method navigator-link -->
                      </span>
                      <br/>
                      <span>
                        <img src="passed.png" width="3%"/>
                        <a href="#" panel-name="suite-Suite" title="SkyTravellers_Hotels.TCHO_2_verifyHotelsSearchWithLocationDropdown" class="method navigator-link" hash-for-method="myTest({Origin=delhi, RoomCount=1, Payment=Netbanking, UserName=tarun@tripgain.com, Email=abcd@tripgain.com...)">myTest({Origin=delhi, RoomCount=1, Payment=Netbanking, UserName=tarun@tripgain.com, Email=abcd@tripgain.com...)</a> <!-- method navigator-link -->
                      </span>
                      <br/>
                      <span>
                        <img src="passed.png" width="3%"/>
                        <a href="#" panel-name="suite-Suite" title="SkyTravellers_Hotels.TCHO_3_verifyHotelsSearchwithStarRating" class="method navigator-link" hash-for-method="myTest({Origin=goa, UserName=tarun@tripgain.com, Email=abcd@tripgain.com, ChildAge=5, URL=https://uaev2.sky...)">myTest({Origin=goa, UserName=tarun@tripgain.com, Email=abcd@tripgain.com, ChildAge=5, URL=https://uaev2.sky...)</a> <!-- method navigator-link -->
                      </span>
                      <br/>
                      <span>
                        <img src="passed.png" width="3%"/>
                        <a href="#" panel-name="suite-Suite" title="SkyTravellers_Hotels.TCHO_4_verifyHotelsSearchwithFacilities" class="method navigator-link" hash-for-method="myTest({Origin=Malaysia, RoomCount=1, Payment= CreditCard, UserName=tarun@tripgain.com, Email=abcd@tripgain...)">myTest({Origin=Malaysia, RoomCount=1, Payment= CreditCard, UserName=tarun@tripgain.com, Email=abcd@tripgain...)</a> <!-- method navigator-link -->
                      </span>
                      <br/>
                      <span>
                        <img src="passed.png" width="3%"/>
                        <a href="#" panel-name="suite-Suite" title="SkyTravellers_Hotels.TCHO_1_verifyHotelsSearch1" class="method navigator-link" hash-for-method="myTest({Origin=singapore, RoomCount=1, Payment= CreditCard, UserName=tarun@tripgain.com, Email=abcd@tripgai...)">myTest({Origin=singapore, RoomCount=1, Payment= CreditCard, UserName=tarun@tripgain.com, Email=abcd@tripgai...)</a> <!-- method navigator-link -->
                      </span>
                      <br/>
                      <span>
                        <img src="passed.png" width="3%"/>
                        <a href="#" panel-name="suite-Suite" title="SkyTravellers_Hotels.TCHO_4_verifyHotelsSearchwithFacilities" class="method navigator-link" hash-for-method="myTest({Origin=Israel, RoomCount=1, Payment= CreditCard, UserName=tarun@tripgain.com, Email=abcd@tripgain.c...)">myTest({Origin=Israel, RoomCount=1, Payment= CreditCard, UserName=tarun@tripgain.com, Email=abcd@tripgain.c...)</a> <!-- method navigator-link -->
                      </span>
                      <br/>
                      <span>
                        <img src="passed.png" width="3%"/>
                        <a href="#" panel-name="suite-Suite" title="SkyTravellers_Hotels.TCHO_1_verifyHotelsSearch1" class="method navigator-link" hash-for-method="myTest({Origin=newyork, RoomCount=1, Payment=UPI, UserName=tarun@tripgain.com, Email=abcd@tripgain.com, Tes...)">myTest({Origin=newyork, RoomCount=1, Payment=UPI, UserName=tarun@tripgain.com, Email=abcd@tripgain.com, Tes...)</a> <!-- method navigator-link -->
                      </span>
                      <br/>
                      <span>
                        <img src="passed.png" width="3%"/>
                        <a href="#" panel-name="suite-Suite" title="SkyTravellers_Hotels.TCHO_2_verifyHotelsSearchWithLocationDropdown" class="method navigator-link" hash-for-method="myTest({Origin=china, RoomCount=1, Payment= CreditCard, UserName=tarun@tripgain.com, Email=abcd@tripgain.co...)">myTest({Origin=china, RoomCount=1, Payment= CreditCard, UserName=tarun@tripgain.com, Email=abcd@tripgain.co...)</a> <!-- method navigator-link -->
                      </span>
                      <br/>
                      <span>
                        <img src="passed.png" width="3%"/>
                        <a href="#" panel-name="suite-Suite" title="SkyTravellers_Hotels.TCHO_1_verifyHotelsSearch1" class="method navigator-link" hash-for-method="myTest({Origin=chennai, RoomCount=1, Payment=Netbanking, UserName=tarun@tripgain.com, Email=abcd@tripgain.c...)">myTest({Origin=chennai, RoomCount=1, Payment=Netbanking, UserName=tarun@tripgain.com, Email=abcd@tripgain.c...)</a> <!-- method navigator-link -->
                      </span>
                      <br/>
                      <span>
                        <img src="passed.png" width="3%"/>
                        <a href="#" panel-name="suite-Suite" title="SkyTravellers_Hotels.TCHO_1_verifyHotelsSearch1" class="method navigator-link" hash-for-method="myTest({Origin=Mumbai, RoomCount=1, Payment= CreditCard, UserName=tarun@tripgain.com, Email=abcd@tripgain.c...)">myTest({Origin=Mumbai, RoomCount=1, Payment= CreditCard, UserName=tarun@tripgain.com, Email=abcd@tripgain.c...)</a> <!-- method navigator-link -->
                      </span>
                      <br/>
                      <span>
                        <img src="passed.png" width="3%"/>
                        <a href="#" panel-name="suite-Suite" title="SkyTravellers_Hotels.TCHO_3_verifyHotelsSearchwithStarRating" class="method navigator-link" hash-for-method="myTest({Origin=kerala, UserName=tarun@tripgain.com, Email=abcd@tripgain.com, ChildAge=5, URL=https://uaev2....)">myTest({Origin=kerala, UserName=tarun@tripgain.com, Email=abcd@tripgain.com, ChildAge=5, URL=https://uaev2....)</a> <!-- method navigator-link -->
                      </span>
                      <br/>
                      <span>
                        <img src="passed.png" width="3%"/>
                        <a href="#" panel-name="suite-Suite" title="SkyTravellers_Hotels.TCHO_2_verifyHotelsSearchWithLocationDropdown" class="method navigator-link" hash-for-method="myTest({Origin=kolkata, RoomCount=1, Payment= CreditCard, UserName=tarun@tripgain.com, Email=abcd@tripgain....)">myTest({Origin=kolkata, RoomCount=1, Payment= CreditCard, UserName=tarun@tripgain.com, Email=abcd@tripgain....)</a> <!-- method navigator-link -->
                      </span>
                      <br/>
                      <span>
                        <img src="passed.png" width="3%"/>
                        <a href="#" panel-name="suite-Suite" title="SkyTravellers_Hotels.TCHO_2_verifyHotelsSearchWithLocationDropdown" class="method navigator-link" hash-for-method="myTest({Origin=dubai, RoomCount=1, Payment=Netbanking, UserName=tarun@tripgain.com, Email=abcd@tripgain.com...)">myTest({Origin=dubai, RoomCount=1, Payment=Netbanking, UserName=tarun@tripgain.com, Email=abcd@tripgain.com...)</a> <!-- method navigator-link -->
                      </span>
                      <br/>
                      <span>
                        <img src="passed.png" width="3%"/>
                        <a href="#" panel-name="suite-Suite" title="SkyTravellers_Hotels.TCHO_1_verifyHotelsSearch1" class="method navigator-link" hash-for-method="myTest({Origin=Delhi, RoomCount=1, Payment=UPI, UserName=tarun@tripgain.com, Email=abcd@tripgain.com, TestR...)">myTest({Origin=Delhi, RoomCount=1, Payment=UPI, UserName=tarun@tripgain.com, Email=abcd@tripgain.com, TestR...)</a> <!-- method navigator-link -->
                      </span>
                      <br/>
                      <span>
                        <img src="passed.png" width="3%"/>
                        <a href="#" panel-name="suite-Suite" title="SkyTravellers_Hotels.TCHO_1_verifyHotelsSearch1" class="method navigator-link" hash-for-method="myTest({Origin=Pune, RoomCount=1, Payment= DebitCard, UserName=tarun@tripgain.com, Email=abcd@tripgain.com,...)">myTest({Origin=Pune, RoomCount=1, Payment= DebitCard, UserName=tarun@tripgain.com, Email=abcd@tripgain.com,...)</a> <!-- method navigator-link -->
                      </span>
                      <br/>
                      <span>
                        <img src="passed.png" width="3%"/>
                        <a href="#" panel-name="suite-Suite" title="SkyTravellers_Hotels.TCHO_3_verifyHotelsSearchwithStarRating" class="method navigator-link" hash-for-method="myTest({Origin=Pune, UserName=tarun@tripgain.com, Email=abcd@tripgain.com, ChildAge=5, URL=https://uaev2.sk...)">myTest({Origin=Pune, UserName=tarun@tripgain.com, Email=abcd@tripgain.com, ChildAge=5, URL=https://uaev2.sk...)</a> <!-- method navigator-link -->
                      </span>
                      <br/>
                      <span>
                        <img src="passed.png" width="3%"/>
                        <a href="#" panel-name="suite-Suite" title="SkyTravellers_Hotels.TCHO_2_verifyHotelsSearchWithLocationDropdown" class="method navigator-link" hash-for-method="myTest({Origin=Bangladesh, RoomCount=1, Payment=UPI, UserName=tarun@tripgain.com, Email=abcd@tripgain.com, ...)">myTest({Origin=Bangladesh, RoomCount=1, Payment=UPI, UserName=tarun@tripgain.com, Email=abcd@tripgain.com, ...)</a> <!-- method navigator-link -->
                      </span>
                      <br/>
                      <span>
                        <img src="passed.png" width="3%"/>
                        <a href="#" panel-name="suite-Suite" title="SkyTravellers_Hotels.TCHO_4_verifyHotelsSearchwithFacilities" class="method navigator-link" hash-for-method="myTest({Origin=Pune, RoomCount=1, Payment= DebitCard, UserName=tarun@tripgain.com, Email=abcd@tripgain.com,...)">myTest({Origin=Pune, RoomCount=1, Payment= DebitCard, UserName=tarun@tripgain.com, Email=abcd@tripgain.com,...)</a> <!-- method navigator-link -->
                      </span>
                      <br/>
                    </div> <!-- method-list-content passed suite-Suite -->
                  </li>
                </ul>
              </div> <!-- suite-section-content -->
            </div> <!-- result-section -->
          </div> <!-- navigator-suite-content -->
        </div> <!-- rounded-window -->
      </div> <!-- suite -->
    </div> <!-- navigator-root -->
    <div class="wrapper">
      <div class="main-panel-root">
        <div panel-name="suite-Suite" class="panel Suite">
          <div class="suite-Suite-class-failed">
            <div class="main-panel-header rounded-window-top">
              <img src="failed.png"/>
              <span class="class-name">SkyTravellers_Hotels.TCHO_3_verifyHotelsSearchwithStarRating</span>
            </div> <!-- main-panel-header rounded-window-top -->
            <div class="main-panel-content rounded-window-bottom">
              <div class="method">
                <div class="method-content">
                  <a name="myTest({Origin=chennai, UserName=tarun@tripgain.com, Email=abcd@tripgain.com, ChildAge=5, URL=https://uaev2...)">
                  </a> <!-- myTest({Origin=chennai, UserName=tarun@tripgain.com, Email=abcd@tripgain.com, ChildAge=5, URL=https://uaev2...) -->
                  <span class="method-name">myTest</span>
                  <span class="parameters">({Origin=chennai, UserName=tarun@tripgain.com, Email=abcd@tripgain.com, ChildAge=5, URL=https://uaev2.skytravellers.com/login, RoomCount=1, Payment=Netbanking, TestRun=, AdultCount=1, ChildCount=1, Phno=9876543212, StarCount=3, Password=WXOlqr3285})</span>
                  <div class="stack-trace">org.openqa.selenium.NoSuchElementException: no such element: Unable to locate element: {&quot;method&quot;:&quot;xpath&quot;,&quot;selector&quot;:&quot;//span[text()=&apos;Billing Information&apos;]&quot;}
  (Session info: chrome=139.0.7258.139)
For documentation on this error, please visit: https://www.selenium.dev/documentation/webdriver/troubleshooting/errors#no-such-element-exception
Build info: version: &apos;4.29.0&apos;, revision: &apos;5fc1ec94cb&apos;
System info: os.name: &apos;Windows 11&apos;, os.arch: &apos;amd64&apos;, os.version: &apos;10.0&apos;, java.version: &apos;21.0.7&apos;
Driver info: org.openqa.selenium.chrome.ChromeDriver
Command: [161ff509a156c7f5ed40183df1e62fd5, findElement {using=xpath, value=//span[text()=&apos;Billing Information&apos;]}]
Capabilities {acceptInsecureCerts: false, browserName: chrome, browserVersion: 139.0.7258.139, chrome: {chromedriverVersion: 139.0.7258.138 (884e54ea8d4..., userDataDir: C:\Users\LENOVO\AppData\Loc...}, fedcm:accounts: true, goog:chromeOptions: {debuggerAddress: localhost:62002}, networkConnectionEnabled: false, pageLoadStrategy: normal, platformName: windows, proxy: Proxy(), se:cdp: ws://localhost:62002/devtoo..., se:cdpVersion: 139.0.7258.139, setWindowRect: true, strictFileInteractability: false, timeouts: {implicit: 0, pageLoad: 300000, script: 30000}, unhandledPromptBehavior: dismiss and notify, webauthn:extension:credBlob: true, webauthn:extension:largeBlob: true, webauthn:extension:minPinLength: true, webauthn:extension:prf: true, webauthn:virtualAuthenticators: true}
Session ID: 161ff509a156c7f5ed40183df1e62fd5
	at org.openqa.selenium.remote.ErrorCodec.decode(ErrorCodec.java:167)
	at org.openqa.selenium.remote.codec.w3c.W3CHttpResponseCodec.decode(W3CHttpResponseCodec.java:138)
	at org.openqa.selenium.remote.codec.w3c.W3CHttpResponseCodec.decode(W3CHttpResponseCodec.java:50)
	at org.openqa.selenium.remote.HttpCommandExecutor.execute(HttpCommandExecutor.java:215)
	at org.openqa.selenium.remote.service.DriverCommandExecutor.invokeExecute(DriverCommandExecutor.java:216)
	at org.openqa.selenium.remote.service.DriverCommandExecutor.execute(DriverCommandExecutor.java:174)
	at org.openqa.selenium.remote.RemoteWebDriver.execute(RemoteWebDriver.java:545)
	at org.openqa.selenium.remote.ElementLocation$ElementFinder$2.findElement(ElementLocation.java:165)
	at org.openqa.selenium.remote.ElementLocation.findElement(ElementLocation.java:59)
	at org.openqa.selenium.remote.RemoteWebDriver.findElement(RemoteWebDriver.java:368)
	at org.openqa.selenium.remote.RemoteWebDriver.findElement(RemoteWebDriver.java:362)
	at com.tripgain.collectionofpages.SkyTravelers_Hotels_confirmBookingPage.validateBillingInformationDisplayed(SkyTravelers_Hotels_confirmBookingPage.java:391)
	at SkyTravellers_Hotels.TCHO_3_verifyHotelsSearchwithStarRating.myTest(TCHO_3_verifyHotelsSearchwithStarRating.java:243)
	at java.base/java.util.ArrayList.forEach(ArrayList.java:1596)
	at java.base/java.util.concurrent.FutureTask.run(FutureTask.java:317)
	at java.base/java.util.concurrent.ThreadPoolExecutor.runWorker(ThreadPoolExecutor.java:1144)
	at java.base/java.util.concurrent.ThreadPoolExecutor$Worker.run(ThreadPoolExecutor.java:642)
	at java.base/java.lang.Thread.run(Thread.java:1583)
... Removed 18 stack frames
</div> <!-- stack-trace -->
                </div> <!-- method-content -->
              </div> <!-- method -->
              <div class="method">
                <div class="method-content">
                  <a name="myTest({Origin=maharashtra, UserName=tarun@tripgain.com, Email=abcd@tripgain.com, ChildAge=5, URL=https://u...)">
                  </a> <!-- myTest({Origin=maharashtra, UserName=tarun@tripgain.com, Email=abcd@tripgain.com, ChildAge=5, URL=https://u...) -->
                  <span class="method-name">myTest</span>
                  <span class="parameters">({Origin=maharashtra, UserName=tarun@tripgain.com, Email=abcd@tripgain.com, ChildAge=5, URL=https://uaev2.skytravellers.com/login, RoomCount=1, Payment= DebitCard, TestRun=, AdultCount=1, ChildCount=1, Phno=98076534224, StarCount=1, Password=WXOlqr3288})</span>
                  <div class="stack-trace">org.openqa.selenium.NoSuchElementException: no such element: Unable to locate element: {&quot;method&quot;:&quot;xpath&quot;,&quot;selector&quot;:&quot;.//span[@class=&apos;hotel-card__body__header_hotel-location&apos;]&quot;}
  (Session info: chrome=139.0.7258.139)
For documentation on this error, please visit: https://www.selenium.dev/documentation/webdriver/troubleshooting/errors#no-such-element-exception
Build info: version: &apos;4.29.0&apos;, revision: &apos;5fc1ec94cb&apos;
System info: os.name: &apos;Windows 11&apos;, os.arch: &apos;amd64&apos;, os.version: &apos;10.0&apos;, java.version: &apos;21.0.7&apos;
Driver info: org.openqa.selenium.chrome.ChromeDriver
Command: [88fd9d8a5045675ddf89fa6b2771f321, findElement {using=xpath, value=.//span[@class=&apos;hotel-card__body__header_hotel-location&apos;]}]
Capabilities {acceptInsecureCerts: false, browserName: chrome, browserVersion: 139.0.7258.139, chrome: {chromedriverVersion: 139.0.7258.138 (884e54ea8d4..., userDataDir: C:\Users\LENOVO\AppData\Loc...}, fedcm:accounts: true, goog:chromeOptions: {debuggerAddress: localhost:52463}, networkConnectionEnabled: false, pageLoadStrategy: normal, platformName: windows, proxy: Proxy(), se:cdp: ws://localhost:52463/devtoo..., se:cdpVersion: 139.0.7258.139, setWindowRect: true, strictFileInteractability: false, timeouts: {implicit: 0, pageLoad: 300000, script: 30000}, unhandledPromptBehavior: dismiss and notify, webauthn:extension:credBlob: true, webauthn:extension:largeBlob: true, webauthn:extension:minPinLength: true, webauthn:extension:prf: true, webauthn:virtualAuthenticators: true}
Session ID: 88fd9d8a5045675ddf89fa6b2771f321
	at org.openqa.selenium.remote.ErrorCodec.decode(ErrorCodec.java:167)
	at org.openqa.selenium.remote.codec.w3c.W3CHttpResponseCodec.decode(W3CHttpResponseCodec.java:138)
	at org.openqa.selenium.remote.codec.w3c.W3CHttpResponseCodec.decode(W3CHttpResponseCodec.java:50)
	at org.openqa.selenium.remote.HttpCommandExecutor.execute(HttpCommandExecutor.java:215)
	at org.openqa.selenium.remote.service.DriverCommandExecutor.invokeExecute(DriverCommandExecutor.java:216)
	at org.openqa.selenium.remote.service.DriverCommandExecutor.execute(DriverCommandExecutor.java:174)
	at org.openqa.selenium.remote.RemoteWebDriver.execute(RemoteWebDriver.java:545)
	at org.openqa.selenium.remote.ElementLocation$ElementFinder$2.findElement(ElementLocation.java:165)
	at org.openqa.selenium.remote.ElementLocation.findElement(ElementLocation.java:59)
	at org.openqa.selenium.remote.RemoteWebDriver.findElement(RemoteWebDriver.java:368)
	at org.openqa.selenium.remote.RemoteWebDriver.findElement(RemoteWebDriver.java:362)
	at com.tripgain.collectionofpages.SkyTravelers_Hotels_SearchPage.getHotelLocationFromCardFromResultsPage(SkyTravelers_Hotels_SearchPage.java:733)
	at SkyTravellers_Hotels.TCHO_3_verifyHotelsSearchwithStarRating.myTest(TCHO_3_verifyHotelsSearchwithStarRating.java:123)
	at java.base/java.util.ArrayList.forEach(ArrayList.java:1596)
	at java.base/java.util.concurrent.FutureTask.run(FutureTask.java:317)
	at java.base/java.util.concurrent.ThreadPoolExecutor.runWorker(ThreadPoolExecutor.java:1144)
	at java.base/java.util.concurrent.ThreadPoolExecutor$Worker.run(ThreadPoolExecutor.java:642)
	at java.base/java.lang.Thread.run(Thread.java:1583)
... Removed 18 stack frames
</div> <!-- stack-trace -->
                </div> <!-- method-content -->
              </div> <!-- method -->
              <div class="method">
                <div class="method-content">
                  <a name="myTest({Origin=Germany park, UserName=tarun@tripgain.com, Email=abcd@tripgain.com, ChildAge=5, URL=https://...)">
                  </a> <!-- myTest({Origin=Germany park, UserName=tarun@tripgain.com, Email=abcd@tripgain.com, ChildAge=5, URL=https://...) -->
                  <span class="method-name">myTest</span>
                  <span class="parameters">({Origin=Germany park, UserName=tarun@tripgain.com, Email=abcd@tripgain.com, ChildAge=5, URL=https://uaev2.skytravellers.com/login, RoomCount=1, Payment= CreditCard, TestRun=, AdultCount=1, ChildCount=1, Phno=98076534223, StarCount=3, Password=WXOlqr3287})</span>
                  <div class="stack-trace">org.openqa.selenium.NoSuchElementException: no such element: Unable to locate element: {&quot;method&quot;:&quot;xpath&quot;,&quot;selector&quot;:&quot;//*[@class=&apos;booking-review-page__body__booking-details_hotel-name&apos;]&quot;}
  (Session info: chrome=139.0.7258.139)
For documentation on this error, please visit: https://www.selenium.dev/documentation/webdriver/troubleshooting/errors#no-such-element-exception
Build info: version: &apos;4.29.0&apos;, revision: &apos;5fc1ec94cb&apos;
System info: os.name: &apos;Windows 11&apos;, os.arch: &apos;amd64&apos;, os.version: &apos;10.0&apos;, java.version: &apos;21.0.7&apos;
Driver info: org.openqa.selenium.chrome.ChromeDriver
Command: [28ba8b75430226c5f177d6f01178066d, findElement {using=xpath, value=//*[@class=&apos;booking-review-page__body__booking-details_hotel-name&apos;]}]
Capabilities {acceptInsecureCerts: false, browserName: chrome, browserVersion: 139.0.7258.139, chrome: {chromedriverVersion: 139.0.7258.138 (884e54ea8d4..., userDataDir: C:\Users\LENOVO\AppData\Loc...}, fedcm:accounts: true, goog:chromeOptions: {debuggerAddress: localhost:52396}, networkConnectionEnabled: false, pageLoadStrategy: normal, platformName: windows, proxy: Proxy(), se:cdp: ws://localhost:52396/devtoo..., se:cdpVersion: 139.0.7258.139, setWindowRect: true, strictFileInteractability: false, timeouts: {implicit: 0, pageLoad: 300000, script: 30000}, unhandledPromptBehavior: dismiss and notify, webauthn:extension:credBlob: true, webauthn:extension:largeBlob: true, webauthn:extension:minPinLength: true, webauthn:extension:prf: true, webauthn:virtualAuthenticators: true}
Session ID: 28ba8b75430226c5f177d6f01178066d
	at org.openqa.selenium.remote.ErrorCodec.decode(ErrorCodec.java:167)
	at org.openqa.selenium.remote.codec.w3c.W3CHttpResponseCodec.decode(W3CHttpResponseCodec.java:138)
	at org.openqa.selenium.remote.codec.w3c.W3CHttpResponseCodec.decode(W3CHttpResponseCodec.java:50)
	at org.openqa.selenium.remote.HttpCommandExecutor.execute(HttpCommandExecutor.java:215)
	at org.openqa.selenium.remote.service.DriverCommandExecutor.invokeExecute(DriverCommandExecutor.java:216)
	at org.openqa.selenium.remote.service.DriverCommandExecutor.execute(DriverCommandExecutor.java:174)
	at org.openqa.selenium.remote.RemoteWebDriver.execute(RemoteWebDriver.java:545)
	at org.openqa.selenium.remote.ElementLocation$ElementFinder$2.findElement(ElementLocation.java:165)
	at org.openqa.selenium.remote.ElementLocation.findElement(ElementLocation.java:59)
	at org.openqa.selenium.remote.RemoteWebDriver.findElement(RemoteWebDriver.java:368)
	at org.openqa.selenium.remote.RemoteWebDriver.findElement(RemoteWebDriver.java:362)
	at com.tripgain.collectionofpages.SkyTravelers_Hotels_BookingPage.getHotelNameFromBookingPage(SkyTravelers_Hotels_BookingPage.java:42)
	at SkyTravellers_Hotels.TCHO_3_verifyHotelsSearchwithStarRating.myTest(TCHO_3_verifyHotelsSearchwithStarRating.java:178)
	at java.base/java.util.ArrayList.forEach(ArrayList.java:1596)
	at java.base/java.util.concurrent.FutureTask.run(FutureTask.java:317)
	at java.base/java.util.concurrent.ThreadPoolExecutor.runWorker(ThreadPoolExecutor.java:1144)
	at java.base/java.util.concurrent.ThreadPoolExecutor$Worker.run(ThreadPoolExecutor.java:642)
	at java.base/java.lang.Thread.run(Thread.java:1583)
... Removed 18 stack frames
</div> <!-- stack-trace -->
                </div> <!-- method-content -->
              </div> <!-- method -->
              <div class="method">
                <div class="method-content">
                  <a name="myTest({Origin=mumbai, UserName=tarun@tripgain.com, Email=abcd@tripgain.com, ChildAge=6,7, URL=https://uaev...)">
                  </a> <!-- myTest({Origin=mumbai, UserName=tarun@tripgain.com, Email=abcd@tripgain.com, ChildAge=6,7, URL=https://uaev...) -->
                  <span class="method-name">myTest</span>
                  <span class="parameters">({Origin=mumbai, UserName=tarun@tripgain.com, Email=abcd@tripgain.com, ChildAge=6,7, URL=https://uaev2.skytravellers.com/login, RoomCount=2, Payment= DebitCard, TestRun=, AdultCount=1,2, ChildCount=1,1, Phno=7865432901, StarCount=4, Password=WXOlqr3282})</span>
                  <div class="stack-trace">org.openqa.selenium.NoSuchElementException: no such element: Unable to locate element: {&quot;method&quot;:&quot;xpath&quot;,&quot;selector&quot;:&quot;//*[@class=&apos;booking-review-page__body__booking-details_hotel-name&apos;]&quot;}
  (Session info: chrome=139.0.7258.139)
For documentation on this error, please visit: https://www.selenium.dev/documentation/webdriver/troubleshooting/errors#no-such-element-exception
Build info: version: &apos;4.29.0&apos;, revision: &apos;5fc1ec94cb&apos;
System info: os.name: &apos;Windows 11&apos;, os.arch: &apos;amd64&apos;, os.version: &apos;10.0&apos;, java.version: &apos;21.0.7&apos;
Driver info: org.openqa.selenium.chrome.ChromeDriver
Command: [ddfdf4d4e1b701bc071a6eadc085c3bc, findElement {using=xpath, value=//*[@class=&apos;booking-review-page__body__booking-details_hotel-name&apos;]}]
Capabilities {acceptInsecureCerts: false, browserName: chrome, browserVersion: 139.0.7258.139, chrome: {chromedriverVersion: 139.0.7258.138 (884e54ea8d4..., userDataDir: C:\Users\LENOVO\AppData\Loc...}, fedcm:accounts: true, goog:chromeOptions: {debuggerAddress: localhost:58969}, networkConnectionEnabled: false, pageLoadStrategy: normal, platformName: windows, proxy: Proxy(), se:cdp: ws://localhost:58969/devtoo..., se:cdpVersion: 139.0.7258.139, setWindowRect: true, strictFileInteractability: false, timeouts: {implicit: 0, pageLoad: 300000, script: 30000}, unhandledPromptBehavior: dismiss and notify, webauthn:extension:credBlob: true, webauthn:extension:largeBlob: true, webauthn:extension:minPinLength: true, webauthn:extension:prf: true, webauthn:virtualAuthenticators: true}
Session ID: ddfdf4d4e1b701bc071a6eadc085c3bc
	at org.openqa.selenium.remote.ErrorCodec.decode(ErrorCodec.java:167)
	at org.openqa.selenium.remote.codec.w3c.W3CHttpResponseCodec.decode(W3CHttpResponseCodec.java:138)
	at org.openqa.selenium.remote.codec.w3c.W3CHttpResponseCodec.decode(W3CHttpResponseCodec.java:50)
	at org.openqa.selenium.remote.HttpCommandExecutor.execute(HttpCommandExecutor.java:215)
	at org.openqa.selenium.remote.service.DriverCommandExecutor.invokeExecute(DriverCommandExecutor.java:216)
	at org.openqa.selenium.remote.service.DriverCommandExecutor.execute(DriverCommandExecutor.java:174)
	at org.openqa.selenium.remote.RemoteWebDriver.execute(RemoteWebDriver.java:545)
	at org.openqa.selenium.remote.ElementLocation$ElementFinder$2.findElement(ElementLocation.java:165)
	at org.openqa.selenium.remote.ElementLocation.findElement(ElementLocation.java:59)
	at org.openqa.selenium.remote.RemoteWebDriver.findElement(RemoteWebDriver.java:368)
	at org.openqa.selenium.remote.RemoteWebDriver.findElement(RemoteWebDriver.java:362)
	at com.tripgain.collectionofpages.SkyTravelers_Hotels_BookingPage.getHotelNameFromBookingPage(SkyTravelers_Hotels_BookingPage.java:42)
	at SkyTravellers_Hotels.TCHO_3_verifyHotelsSearchwithStarRating.myTest(TCHO_3_verifyHotelsSearchwithStarRating.java:178)
	at java.base/java.util.ArrayList.forEach(ArrayList.java:1596)
	at java.base/java.util.concurrent.FutureTask.run(FutureTask.java:317)
	at java.base/java.util.concurrent.ThreadPoolExecutor.runWorker(ThreadPoolExecutor.java:1144)
	at java.base/java.util.concurrent.ThreadPoolExecutor$Worker.run(ThreadPoolExecutor.java:642)
	at java.base/java.lang.Thread.run(Thread.java:1583)
... Removed 18 stack frames
</div> <!-- stack-trace -->
                </div> <!-- method-content -->
              </div> <!-- method -->
              <div class="method">
                <div class="method-content">
                  <a name="myTest({Origin=Turkey, UserName=tarun@tripgain.com, Email=abcd@tripgain.com, ChildAge=5, URL=https://uaev2....)">
                  </a> <!-- myTest({Origin=Turkey, UserName=tarun@tripgain.com, Email=abcd@tripgain.com, ChildAge=5, URL=https://uaev2....) -->
                  <span class="method-name">myTest</span>
                  <span class="parameters">({Origin=Turkey, UserName=tarun@tripgain.com, Email=abcd@tripgain.com, ChildAge=5, URL=https://uaev2.skytravellers.com/login, RoomCount=1, Payment=UPI, TestRun=, AdultCount=1, ChildCount=1, Phno=98076534222, StarCount=4, Password=WXOlqr3286})</span>
                  <div class="stack-trace">org.openqa.selenium.NoSuchElementException: no such element: Unable to locate element: {&quot;method&quot;:&quot;xpath&quot;,&quot;selector&quot;:&quot;//*[@class=&apos;booking-review-page__body__booking-details_hotel-name&apos;]&quot;}
  (Session info: chrome=139.0.7258.139)
For documentation on this error, please visit: https://www.selenium.dev/documentation/webdriver/troubleshooting/errors#no-such-element-exception
Build info: version: &apos;4.29.0&apos;, revision: &apos;5fc1ec94cb&apos;
System info: os.name: &apos;Windows 11&apos;, os.arch: &apos;amd64&apos;, os.version: &apos;10.0&apos;, java.version: &apos;21.0.7&apos;
Driver info: org.openqa.selenium.chrome.ChromeDriver
Command: [770519e6b9eb5809194aedd352cb5bad, findElement {using=xpath, value=//*[@class=&apos;booking-review-page__body__booking-details_hotel-name&apos;]}]
Capabilities {acceptInsecureCerts: false, browserName: chrome, browserVersion: 139.0.7258.139, chrome: {chromedriverVersion: 139.0.7258.138 (884e54ea8d4..., userDataDir: C:\Users\LENOVO\AppData\Loc...}, fedcm:accounts: true, goog:chromeOptions: {debuggerAddress: localhost:52340}, networkConnectionEnabled: false, pageLoadStrategy: normal, platformName: windows, proxy: Proxy(), se:cdp: ws://localhost:52340/devtoo..., se:cdpVersion: 139.0.7258.139, setWindowRect: true, strictFileInteractability: false, timeouts: {implicit: 0, pageLoad: 300000, script: 30000}, unhandledPromptBehavior: dismiss and notify, webauthn:extension:credBlob: true, webauthn:extension:largeBlob: true, webauthn:extension:minPinLength: true, webauthn:extension:prf: true, webauthn:virtualAuthenticators: true}
Session ID: 770519e6b9eb5809194aedd352cb5bad
	at org.openqa.selenium.remote.ErrorCodec.decode(ErrorCodec.java:167)
	at org.openqa.selenium.remote.codec.w3c.W3CHttpResponseCodec.decode(W3CHttpResponseCodec.java:138)
	at org.openqa.selenium.remote.codec.w3c.W3CHttpResponseCodec.decode(W3CHttpResponseCodec.java:50)
	at org.openqa.selenium.remote.HttpCommandExecutor.execute(HttpCommandExecutor.java:215)
	at org.openqa.selenium.remote.service.DriverCommandExecutor.invokeExecute(DriverCommandExecutor.java:216)
	at org.openqa.selenium.remote.service.DriverCommandExecutor.execute(DriverCommandExecutor.java:174)
	at org.openqa.selenium.remote.RemoteWebDriver.execute(RemoteWebDriver.java:545)
	at org.openqa.selenium.remote.ElementLocation$ElementFinder$2.findElement(ElementLocation.java:165)
	at org.openqa.selenium.remote.ElementLocation.findElement(ElementLocation.java:59)
	at org.openqa.selenium.remote.RemoteWebDriver.findElement(RemoteWebDriver.java:368)
	at org.openqa.selenium.remote.RemoteWebDriver.findElement(RemoteWebDriver.java:362)
	at com.tripgain.collectionofpages.SkyTravelers_Hotels_BookingPage.getHotelNameFromBookingPage(SkyTravelers_Hotels_BookingPage.java:42)
	at SkyTravellers_Hotels.TCHO_3_verifyHotelsSearchwithStarRating.myTest(TCHO_3_verifyHotelsSearchwithStarRating.java:178)
	at java.base/java.util.ArrayList.forEach(ArrayList.java:1596)
	at java.base/java.util.concurrent.FutureTask.run(FutureTask.java:317)
	at java.base/java.util.concurrent.ThreadPoolExecutor.runWorker(ThreadPoolExecutor.java:1144)
	at java.base/java.util.concurrent.ThreadPoolExecutor$Worker.run(ThreadPoolExecutor.java:642)
	at java.base/java.lang.Thread.run(Thread.java:1583)
... Removed 18 stack frames
</div> <!-- stack-trace -->
                </div> <!-- method-content -->
              </div> <!-- method -->
              <div class="method">
                <div class="method-content">
                  <a name="myTest({Origin=germany, UserName=tarun@tripgain.com, Email=abcd@tripgain.com, ChildAge=5, URL=https://uaev2...)">
                  </a> <!-- myTest({Origin=germany, UserName=tarun@tripgain.com, Email=abcd@tripgain.com, ChildAge=5, URL=https://uaev2...) -->
                  <span class="method-name">myTest</span>
                  <span class="parameters">({Origin=germany, UserName=tarun@tripgain.com, Email=abcd@tripgain.com, ChildAge=5, URL=https://uaev2.skytravellers.com/login, RoomCount=1, Payment= CreditCard, TestRun=, AdultCount=1, ChildCount=1, Phno=9876544321, StarCount=1, Password=WXOlqr3283})</span>
                  <div class="stack-trace">org.openqa.selenium.NoSuchElementException: no such element: Unable to locate element: {&quot;method&quot;:&quot;xpath&quot;,&quot;selector&quot;:&quot;.//span[@class=&apos;hotel-card__body__header_hotel-location&apos;]&quot;}
  (Session info: chrome=139.0.7258.139)
For documentation on this error, please visit: https://www.selenium.dev/documentation/webdriver/troubleshooting/errors#no-such-element-exception
Build info: version: &apos;4.29.0&apos;, revision: &apos;5fc1ec94cb&apos;
System info: os.name: &apos;Windows 11&apos;, os.arch: &apos;amd64&apos;, os.version: &apos;10.0&apos;, java.version: &apos;21.0.7&apos;
Driver info: org.openqa.selenium.chrome.ChromeDriver
Command: [9809a6ebcdcce252dd4540812366a407, findElement {using=xpath, value=.//span[@class=&apos;hotel-card__body__header_hotel-location&apos;]}]
Capabilities {acceptInsecureCerts: false, browserName: chrome, browserVersion: 139.0.7258.139, chrome: {chromedriverVersion: 139.0.7258.138 (884e54ea8d4..., userDataDir: C:\Users\LENOVO\AppData\Loc...}, fedcm:accounts: true, goog:chromeOptions: {debuggerAddress: localhost:61885}, networkConnectionEnabled: false, pageLoadStrategy: normal, platformName: windows, proxy: Proxy(), se:cdp: ws://localhost:61885/devtoo..., se:cdpVersion: 139.0.7258.139, setWindowRect: true, strictFileInteractability: false, timeouts: {implicit: 0, pageLoad: 300000, script: 30000}, unhandledPromptBehavior: dismiss and notify, webauthn:extension:credBlob: true, webauthn:extension:largeBlob: true, webauthn:extension:minPinLength: true, webauthn:extension:prf: true, webauthn:virtualAuthenticators: true}
Session ID: 9809a6ebcdcce252dd4540812366a407
	at org.openqa.selenium.remote.ErrorCodec.decode(ErrorCodec.java:167)
	at org.openqa.selenium.remote.codec.w3c.W3CHttpResponseCodec.decode(W3CHttpResponseCodec.java:138)
	at org.openqa.selenium.remote.codec.w3c.W3CHttpResponseCodec.decode(W3CHttpResponseCodec.java:50)
	at org.openqa.selenium.remote.HttpCommandExecutor.execute(HttpCommandExecutor.java:215)
	at org.openqa.selenium.remote.service.DriverCommandExecutor.invokeExecute(DriverCommandExecutor.java:216)
	at org.openqa.selenium.remote.service.DriverCommandExecutor.execute(DriverCommandExecutor.java:174)
	at org.openqa.selenium.remote.RemoteWebDriver.execute(RemoteWebDriver.java:545)
	at org.openqa.selenium.remote.ElementLocation$ElementFinder$2.findElement(ElementLocation.java:165)
	at org.openqa.selenium.remote.ElementLocation.findElement(ElementLocation.java:59)
	at org.openqa.selenium.remote.RemoteWebDriver.findElement(RemoteWebDriver.java:368)
	at org.openqa.selenium.remote.RemoteWebDriver.findElement(RemoteWebDriver.java:362)
	at com.tripgain.collectionofpages.SkyTravelers_Hotels_SearchPage.getHotelLocationFromCardFromResultsPage(SkyTravelers_Hotels_SearchPage.java:733)
	at SkyTravellers_Hotels.TCHO_3_verifyHotelsSearchwithStarRating.myTest(TCHO_3_verifyHotelsSearchwithStarRating.java:123)
	at java.base/java.util.ArrayList.forEach(ArrayList.java:1596)
	at java.base/java.util.concurrent.FutureTask.run(FutureTask.java:317)
	at java.base/java.util.concurrent.ThreadPoolExecutor.runWorker(ThreadPoolExecutor.java:1144)
	at java.base/java.util.concurrent.ThreadPoolExecutor$Worker.run(ThreadPoolExecutor.java:642)
	at java.base/java.lang.Thread.run(Thread.java:1583)
... Removed 18 stack frames
</div> <!-- stack-trace -->
                </div> <!-- method-content -->
              </div> <!-- method -->
            </div> <!-- main-panel-content rounded-window-bottom -->
          </div> <!-- suite-Suite-class-failed -->
          <div class="suite-Suite-class-failed">
            <div class="main-panel-header rounded-window-top">
              <img src="failed.png"/>
              <span class="class-name">SkyTravellers_Hotels.TCHO_2_verifyHotelsSearchWithLocationDropdown</span>
            </div> <!-- main-panel-header rounded-window-top -->
            <div class="main-panel-content rounded-window-bottom">
              <div class="method">
                <div class="method-content">
                  <a name="myTest({Origin=vietnam, RoomCount=1, Payment= CreditCard, UserName=tarun@tripgain.com, Email=abcd@tripgain....)">
                  </a> <!-- myTest({Origin=vietnam, RoomCount=1, Payment= CreditCard, UserName=tarun@tripgain.com, Email=abcd@tripgain....) -->
                  <span class="method-name">myTest</span>
                  <span class="parameters">({Origin=vietnam, RoomCount=1, Payment= CreditCard, UserName=tarun@tripgain.com, Email=abcd@tripgain.com, TestRun=, AdultCount=1, ChildAge=5, ChildCount=1, Phno=98076534227, URL=https://uaev2.skytravellers.com/login, Password=WXOlqr3291})</span>
                  <div class="stack-trace">org.openqa.selenium.NoSuchElementException: no such element: Unable to locate element: {&quot;method&quot;:&quot;xpath&quot;,&quot;selector&quot;:&quot;.//span[@class=&apos;hotel-card__body__header_hotel-location&apos;]&quot;}
  (Session info: chrome=139.0.7258.139)
For documentation on this error, please visit: https://www.selenium.dev/documentation/webdriver/troubleshooting/errors#no-such-element-exception
Build info: version: &apos;4.29.0&apos;, revision: &apos;5fc1ec94cb&apos;
System info: os.name: &apos;Windows 11&apos;, os.arch: &apos;amd64&apos;, os.version: &apos;10.0&apos;, java.version: &apos;21.0.7&apos;
Driver info: org.openqa.selenium.chrome.ChromeDriver
Command: [adf24aa3de6e81330dde5c87f2dedf66, findElement {using=xpath, value=.//span[@class=&apos;hotel-card__body__header_hotel-location&apos;]}]
Capabilities {acceptInsecureCerts: false, browserName: chrome, browserVersion: 139.0.7258.139, chrome: {chromedriverVersion: 139.0.7258.138 (884e54ea8d4..., userDataDir: C:\Users\LENOVO\AppData\Loc...}, fedcm:accounts: true, goog:chromeOptions: {debuggerAddress: localhost:58928}, networkConnectionEnabled: false, pageLoadStrategy: normal, platformName: windows, proxy: Proxy(), se:cdp: ws://localhost:58928/devtoo..., se:cdpVersion: 139.0.7258.139, setWindowRect: true, strictFileInteractability: false, timeouts: {implicit: 0, pageLoad: 300000, script: 30000}, unhandledPromptBehavior: dismiss and notify, webauthn:extension:credBlob: true, webauthn:extension:largeBlob: true, webauthn:extension:minPinLength: true, webauthn:extension:prf: true, webauthn:virtualAuthenticators: true}
Session ID: adf24aa3de6e81330dde5c87f2dedf66
	at org.openqa.selenium.remote.ErrorCodec.decode(ErrorCodec.java:167)
	at org.openqa.selenium.remote.codec.w3c.W3CHttpResponseCodec.decode(W3CHttpResponseCodec.java:138)
	at org.openqa.selenium.remote.codec.w3c.W3CHttpResponseCodec.decode(W3CHttpResponseCodec.java:50)
	at org.openqa.selenium.remote.HttpCommandExecutor.execute(HttpCommandExecutor.java:215)
	at org.openqa.selenium.remote.service.DriverCommandExecutor.invokeExecute(DriverCommandExecutor.java:216)
	at org.openqa.selenium.remote.service.DriverCommandExecutor.execute(DriverCommandExecutor.java:174)
	at org.openqa.selenium.remote.RemoteWebDriver.execute(RemoteWebDriver.java:545)
	at org.openqa.selenium.remote.ElementLocation$ElementFinder$2.findElement(ElementLocation.java:165)
	at org.openqa.selenium.remote.ElementLocation.findElement(ElementLocation.java:59)
	at org.openqa.selenium.remote.RemoteWebDriver.findElement(RemoteWebDriver.java:368)
	at org.openqa.selenium.remote.RemoteWebDriver.findElement(RemoteWebDriver.java:362)
	at com.tripgain.collectionofpages.SkyTravelers_Hotels_SearchPage.getHotelLocationFromCardFromResultsPage(SkyTravelers_Hotels_SearchPage.java:733)
	at SkyTravellers_Hotels.TCHO_2_verifyHotelsSearchWithLocationDropdown.myTest(TCHO_2_verifyHotelsSearchWithLocationDropdown.java:123)
	at java.base/java.util.ArrayList.forEach(ArrayList.java:1596)
	at java.base/java.util.concurrent.FutureTask.run(FutureTask.java:317)
	at java.base/java.util.concurrent.ThreadPoolExecutor.runWorker(ThreadPoolExecutor.java:1144)
	at java.base/java.util.concurrent.ThreadPoolExecutor$Worker.run(ThreadPoolExecutor.java:642)
	at java.base/java.lang.Thread.run(Thread.java:1583)
... Removed 18 stack frames
</div> <!-- stack-trace -->
                </div> <!-- method-content -->
              </div> <!-- method -->
              <div class="method">
                <div class="method-content">
                  <a name="myTest({Origin=Pune, RoomCount=1, Payment= DebitCard, UserName=tarun@tripgain.com, Email=abcd@tripgain.com,...)">
                  </a> <!-- myTest({Origin=Pune, RoomCount=1, Payment= DebitCard, UserName=tarun@tripgain.com, Email=abcd@tripgain.com,...) -->
                  <span class="method-name">myTest</span>
                  <span class="parameters">({Origin=Pune, RoomCount=1, Payment= DebitCard, UserName=tarun@tripgain.com, Email=abcd@tripgain.com, TestRun=, AdultCount=1, ChildAge=5, ChildCount=1, Phno=98076534220, URL=https://uaev2.skytravellers.com/login, Password=WXOlqr3284})</span>
                  <div class="stack-trace">org.openqa.selenium.NoSuchElementException: no such element: Unable to locate element: {&quot;method&quot;:&quot;xpath&quot;,&quot;selector&quot;:&quot;//span[text()=&apos;Room and Guest&apos;]/following-sibling::span&quot;}
  (Session info: chrome=139.0.7258.139)
For documentation on this error, please visit: https://www.selenium.dev/documentation/webdriver/troubleshooting/errors#no-such-element-exception
Build info: version: &apos;4.29.0&apos;, revision: &apos;5fc1ec94cb&apos;
System info: os.name: &apos;Windows 11&apos;, os.arch: &apos;amd64&apos;, os.version: &apos;10.0&apos;, java.version: &apos;21.0.7&apos;
Driver info: org.openqa.selenium.chrome.ChromeDriver
Command: [a4f1dcace276e8ee8ff714003252383c, findElement {using=xpath, value=//span[text()=&apos;Room and Guest&apos;]/following-sibling::span}]
Capabilities {acceptInsecureCerts: false, browserName: chrome, browserVersion: 139.0.7258.139, chrome: {chromedriverVersion: 139.0.7258.138 (884e54ea8d4..., userDataDir: C:\Users\LENOVO\AppData\Loc...}, fedcm:accounts: true, goog:chromeOptions: {debuggerAddress: localhost:52326}, networkConnectionEnabled: false, pageLoadStrategy: normal, platformName: windows, proxy: Proxy(), se:cdp: ws://localhost:52326/devtoo..., se:cdpVersion: 139.0.7258.139, setWindowRect: true, strictFileInteractability: false, timeouts: {implicit: 0, pageLoad: 300000, script: 30000}, unhandledPromptBehavior: dismiss and notify, webauthn:extension:credBlob: true, webauthn:extension:largeBlob: true, webauthn:extension:minPinLength: true, webauthn:extension:prf: true, webauthn:virtualAuthenticators: true}
Session ID: a4f1dcace276e8ee8ff714003252383c
	at org.openqa.selenium.remote.ErrorCodec.decode(ErrorCodec.java:167)
	at org.openqa.selenium.remote.codec.w3c.W3CHttpResponseCodec.decode(W3CHttpResponseCodec.java:138)
	at org.openqa.selenium.remote.codec.w3c.W3CHttpResponseCodec.decode(W3CHttpResponseCodec.java:50)
	at org.openqa.selenium.remote.HttpCommandExecutor.execute(HttpCommandExecutor.java:215)
	at org.openqa.selenium.remote.service.DriverCommandExecutor.invokeExecute(DriverCommandExecutor.java:216)
	at org.openqa.selenium.remote.service.DriverCommandExecutor.execute(DriverCommandExecutor.java:174)
	at org.openqa.selenium.remote.RemoteWebDriver.execute(RemoteWebDriver.java:545)
	at org.openqa.selenium.remote.ElementLocation$ElementFinder$2.findElement(ElementLocation.java:165)
	at org.openqa.selenium.remote.ElementLocation.findElement(ElementLocation.java:59)
	at org.openqa.selenium.remote.RemoteWebDriver.findElement(RemoteWebDriver.java:368)
	at org.openqa.selenium.remote.RemoteWebDriver.findElement(RemoteWebDriver.java:362)
	at com.tripgain.collectionofpages.SkyTravelers_Hotels_SearchPage.getRoomAndGuestTextFromResultPage(SkyTravelers_Hotels_SearchPage.java:774)
	at SkyTravellers_Hotels.TCHO_2_verifyHotelsSearchWithLocationDropdown.myTest(TCHO_2_verifyHotelsSearchWithLocationDropdown.java:111)
	at java.base/java.util.ArrayList.forEach(ArrayList.java:1596)
	at java.base/java.util.concurrent.FutureTask.run(FutureTask.java:317)
	at java.base/java.util.concurrent.ThreadPoolExecutor.runWorker(ThreadPoolExecutor.java:1144)
	at java.base/java.util.concurrent.ThreadPoolExecutor$Worker.run(ThreadPoolExecutor.java:642)
	at java.base/java.lang.Thread.run(Thread.java:1583)
... Removed 18 stack frames
</div> <!-- stack-trace -->
                </div> <!-- method-content -->
              </div> <!-- method -->
              <div class="method">
                <div class="method-content">
                  <a name="myTest({Origin=japan, RoomCount=1, Payment=UPI, UserName=tarun@tripgain.com, Email=abcd@tripgain.com, TestR...)">
                  </a> <!-- myTest({Origin=japan, RoomCount=1, Payment=UPI, UserName=tarun@tripgain.com, Email=abcd@tripgain.com, TestR...) -->
                  <span class="method-name">myTest</span>
                  <span class="parameters">({Origin=japan, RoomCount=1, Payment=UPI, UserName=tarun@tripgain.com, Email=abcd@tripgain.com, TestRun=, AdultCount=1, ChildAge=5, ChildCount=1, Phno=98076534226, URL=https://uaev2.skytravellers.com/login, Password=WXOlqr3290})</span>
                  <div class="stack-trace">org.openqa.selenium.NoSuchElementException: no such element: Unable to locate element: {&quot;method&quot;:&quot;xpath&quot;,&quot;selector&quot;:&quot;.//span[@class=&apos;hotel-card__body__header_hotel-location&apos;]&quot;}
  (Session info: chrome=139.0.7258.139)
For documentation on this error, please visit: https://www.selenium.dev/documentation/webdriver/troubleshooting/errors#no-such-element-exception
Build info: version: &apos;4.29.0&apos;, revision: &apos;5fc1ec94cb&apos;
System info: os.name: &apos;Windows 11&apos;, os.arch: &apos;amd64&apos;, os.version: &apos;10.0&apos;, java.version: &apos;21.0.7&apos;
Driver info: org.openqa.selenium.chrome.ChromeDriver
Command: [47c646d565cbf874a800c09769ef7aa4, findElement {using=xpath, value=.//span[@class=&apos;hotel-card__body__header_hotel-location&apos;]}]
Capabilities {acceptInsecureCerts: false, browserName: chrome, browserVersion: 139.0.7258.139, chrome: {chromedriverVersion: 139.0.7258.138 (884e54ea8d4..., userDataDir: C:\Users\LENOVO\AppData\Loc...}, fedcm:accounts: true, goog:chromeOptions: {debuggerAddress: localhost:58885}, networkConnectionEnabled: false, pageLoadStrategy: normal, platformName: windows, proxy: Proxy(), se:cdp: ws://localhost:58885/devtoo..., se:cdpVersion: 139.0.7258.139, setWindowRect: true, strictFileInteractability: false, timeouts: {implicit: 0, pageLoad: 300000, script: 30000}, unhandledPromptBehavior: dismiss and notify, webauthn:extension:credBlob: true, webauthn:extension:largeBlob: true, webauthn:extension:minPinLength: true, webauthn:extension:prf: true, webauthn:virtualAuthenticators: true}
Session ID: 47c646d565cbf874a800c09769ef7aa4
	at org.openqa.selenium.remote.ErrorCodec.decode(ErrorCodec.java:167)
	at org.openqa.selenium.remote.codec.w3c.W3CHttpResponseCodec.decode(W3CHttpResponseCodec.java:138)
	at org.openqa.selenium.remote.codec.w3c.W3CHttpResponseCodec.decode(W3CHttpResponseCodec.java:50)
	at org.openqa.selenium.remote.HttpCommandExecutor.execute(HttpCommandExecutor.java:215)
	at org.openqa.selenium.remote.service.DriverCommandExecutor.invokeExecute(DriverCommandExecutor.java:216)
	at org.openqa.selenium.remote.service.DriverCommandExecutor.execute(DriverCommandExecutor.java:174)
	at org.openqa.selenium.remote.RemoteWebDriver.execute(RemoteWebDriver.java:545)
	at org.openqa.selenium.remote.ElementLocation$ElementFinder$2.findElement(ElementLocation.java:165)
	at org.openqa.selenium.remote.ElementLocation.findElement(ElementLocation.java:59)
	at org.openqa.selenium.remote.RemoteWebDriver.findElement(RemoteWebDriver.java:368)
	at org.openqa.selenium.remote.RemoteWebDriver.findElement(RemoteWebDriver.java:362)
	at com.tripgain.collectionofpages.SkyTravelers_Hotels_SearchPage.getHotelLocationFromCardFromResultsPage(SkyTravelers_Hotels_SearchPage.java:733)
	at SkyTravellers_Hotels.TCHO_2_verifyHotelsSearchWithLocationDropdown.myTest(TCHO_2_verifyHotelsSearchWithLocationDropdown.java:123)
	at java.base/java.util.ArrayList.forEach(ArrayList.java:1596)
	at java.base/java.util.concurrent.FutureTask.run(FutureTask.java:317)
	at java.base/java.util.concurrent.ThreadPoolExecutor.runWorker(ThreadPoolExecutor.java:1144)
	at java.base/java.util.concurrent.ThreadPoolExecutor$Worker.run(ThreadPoolExecutor.java:642)
	at java.base/java.lang.Thread.run(Thread.java:1583)
... Removed 18 stack frames
</div> <!-- stack-trace -->
                </div> <!-- method-content -->
              </div> <!-- method -->
            </div> <!-- main-panel-content rounded-window-bottom -->
          </div> <!-- suite-Suite-class-failed -->
          <div class="suite-Suite-class-failed">
            <div class="main-panel-header rounded-window-top">
              <img src="failed.png"/>
              <span class="class-name">SkyTravellers_Hotels.TCHO_1_verifyHotelsSearch1</span>
            </div> <!-- main-panel-header rounded-window-top -->
            <div class="main-panel-content rounded-window-bottom">
              <div class="method">
                <div class="method-content">
                  <a name="myTest({Origin=dubai, RoomCount=1, Payment=Netbanking, UserName=tarun@tripgain.com, Email=abcd@tripgain.com...)">
                  </a> <!-- myTest({Origin=dubai, RoomCount=1, Payment=Netbanking, UserName=tarun@tripgain.com, Email=abcd@tripgain.com...) -->
                  <span class="method-name">myTest</span>
                  <span class="parameters">({Origin=dubai, RoomCount=1, Payment=Netbanking, UserName=tarun@tripgain.com, Email=abcd@tripgain.com, TestRun=, AdultCount=1, ChildAge=5, ChildCount=1, Phno=98076534225, URL=https://uaev2.skytravellers.com/login, Password=WXOlqr3289})</span>
                  <div class="stack-trace">java.lang.NumberFormatException: For input string: &quot;&quot;
	at java.base/java.lang.NumberFormatException.forInputString(NumberFormatException.java:67)
	at java.base/java.lang.Integer.parseInt(Integer.java:672)
	at java.base/java.lang.Integer.parseInt(Integer.java:778)
	at com.tripgain.collectionofpages.SkyTravelers_Hotels_SearchPage.fillRoomDetails(SkyTravelers_Hotels_SearchPage.java:267)
	at SkyTravellers_Hotels.TCHO_1_verifyHotelsSearch1.myTest(TCHO_1_verifyHotelsSearch1.java:107)
	at java.base/java.util.ArrayList.forEach(ArrayList.java:1596)
	at java.base/java.util.concurrent.FutureTask.run(FutureTask.java:317)
	at java.base/java.util.concurrent.ThreadPoolExecutor.runWorker(ThreadPoolExecutor.java:1144)
	at java.base/java.util.concurrent.ThreadPoolExecutor$Worker.run(ThreadPoolExecutor.java:642)
	at java.base/java.lang.Thread.run(Thread.java:1583)
... Removed 15 stack frames
</div> <!-- stack-trace -->
                </div> <!-- method-content -->
              </div> <!-- method -->
              <div class="method">
                <div class="method-content">
                  <a name="myTest({Origin=Ahmedabad, RoomCount=1, Payment= DebitCard, UserName=tarun@tripgain.com, Email=abcd@tripgain...)">
                  </a> <!-- myTest({Origin=Ahmedabad, RoomCount=1, Payment= DebitCard, UserName=tarun@tripgain.com, Email=abcd@tripgain...) -->
                  <span class="method-name">myTest</span>
                  <span class="parameters">({Origin=Ahmedabad, RoomCount=1, Payment= DebitCard, UserName=tarun@tripgain.com, Email=abcd@tripgain.com, TestRun=, AdultCount=1, ChildAge=5, ChildCount=1, Phno=98076534224, URL=https://uaev2.skytravellers.com/login, Password=WXOlqr3288})</span>
                  <div class="stack-trace">org.openqa.selenium.NoSuchElementException: no such element: Unable to locate element: {&quot;method&quot;:&quot;xpath&quot;,&quot;selector&quot;:&quot;//*[@class=&apos;booking-review-page__body__booking-details_hotel-name&apos;]&quot;}
  (Session info: chrome=139.0.7258.139)
For documentation on this error, please visit: https://www.selenium.dev/documentation/webdriver/troubleshooting/errors#no-such-element-exception
Build info: version: &apos;4.29.0&apos;, revision: &apos;5fc1ec94cb&apos;
System info: os.name: &apos;Windows 11&apos;, os.arch: &apos;amd64&apos;, os.version: &apos;10.0&apos;, java.version: &apos;21.0.7&apos;
Driver info: org.openqa.selenium.chrome.ChromeDriver
Command: [223382dedd4c77652ae81b7974ab48a4, findElement {using=xpath, value=//*[@class=&apos;booking-review-page__body__booking-details_hotel-name&apos;]}]
Capabilities {acceptInsecureCerts: false, browserName: chrome, browserVersion: 139.0.7258.139, chrome: {chromedriverVersion: 139.0.7258.138 (884e54ea8d4..., userDataDir: C:\Users\LENOVO\AppData\Loc...}, fedcm:accounts: true, goog:chromeOptions: {debuggerAddress: localhost:60833}, networkConnectionEnabled: false, pageLoadStrategy: normal, platformName: windows, proxy: Proxy(), se:cdp: ws://localhost:60833/devtoo..., se:cdpVersion: 139.0.7258.139, setWindowRect: true, strictFileInteractability: false, timeouts: {implicit: 0, pageLoad: 300000, script: 30000}, unhandledPromptBehavior: dismiss and notify, webauthn:extension:credBlob: true, webauthn:extension:largeBlob: true, webauthn:extension:minPinLength: true, webauthn:extension:prf: true, webauthn:virtualAuthenticators: true}
Session ID: 223382dedd4c77652ae81b7974ab48a4
	at org.openqa.selenium.remote.ErrorCodec.decode(ErrorCodec.java:167)
	at org.openqa.selenium.remote.codec.w3c.W3CHttpResponseCodec.decode(W3CHttpResponseCodec.java:138)
	at org.openqa.selenium.remote.codec.w3c.W3CHttpResponseCodec.decode(W3CHttpResponseCodec.java:50)
	at org.openqa.selenium.remote.HttpCommandExecutor.execute(HttpCommandExecutor.java:215)
	at org.openqa.selenium.remote.service.DriverCommandExecutor.invokeExecute(DriverCommandExecutor.java:216)
	at org.openqa.selenium.remote.service.DriverCommandExecutor.execute(DriverCommandExecutor.java:174)
	at org.openqa.selenium.remote.RemoteWebDriver.execute(RemoteWebDriver.java:545)
	at org.openqa.selenium.remote.ElementLocation$ElementFinder$2.findElement(ElementLocation.java:165)
	at org.openqa.selenium.remote.ElementLocation.findElement(ElementLocation.java:59)
	at org.openqa.selenium.remote.RemoteWebDriver.findElement(RemoteWebDriver.java:368)
	at org.openqa.selenium.remote.RemoteWebDriver.findElement(RemoteWebDriver.java:362)
	at com.tripgain.collectionofpages.SkyTravelers_Hotels_BookingPage.getHotelNameFromBookingPage(SkyTravelers_Hotels_BookingPage.java:42)
	at SkyTravellers_Hotels.TCHO_1_verifyHotelsSearch1.myTest(TCHO_1_verifyHotelsSearch1.java:205)
	at java.base/java.util.ArrayList.forEach(ArrayList.java:1596)
	at java.base/java.util.concurrent.FutureTask.run(FutureTask.java:317)
	at java.base/java.util.concurrent.ThreadPoolExecutor.runWorker(ThreadPoolExecutor.java:1144)
	at java.base/java.util.concurrent.ThreadPoolExecutor$Worker.run(ThreadPoolExecutor.java:642)
	at java.base/java.lang.Thread.run(Thread.java:1583)
... Removed 18 stack frames
</div> <!-- stack-trace -->
                </div> <!-- method-content -->
              </div> <!-- method -->
            </div> <!-- main-panel-content rounded-window-bottom -->
          </div> <!-- suite-Suite-class-failed -->
          <div class="suite-Suite-class-failed">
            <div class="main-panel-header rounded-window-top">
              <img src="failed.png"/>
              <span class="class-name">SkyTravellers_Hotels.TCHO_4_verifyHotelsSearchwithFacilities</span>
            </div> <!-- main-panel-header rounded-window-top -->
            <div class="main-panel-content rounded-window-bottom">
              <div class="method">
                <div class="method-content">
                  <a name="myTest({Origin=South Korea, RoomCount=1, Payment= DebitCard, UserName=tarun@tripgain.com, Email=abcd@tripga...)">
                  </a> <!-- myTest({Origin=South Korea, RoomCount=1, Payment= DebitCard, UserName=tarun@tripgain.com, Email=abcd@tripga...) -->
                  <span class="method-name">myTest</span>
                  <span class="parameters">({Origin=South Korea, RoomCount=1, Payment= DebitCard, UserName=tarun@tripgain.com, Email=abcd@tripgain.com, TestRun=, AdultCount=1, ChildCount=1, childAge=5, Phno=98076534224, URL=https://uaev2.skytravellers.com/login, Password=WXOlqr3288})</span>
                  <div class="stack-trace">org.openqa.selenium.NoSuchElementException: no such element: Unable to locate element: {&quot;method&quot;:&quot;xpath&quot;,&quot;selector&quot;:&quot;//*[contains(@class,&apos;check-in-out-card_check-out-date&apos;)]&quot;}
  (Session info: chrome=139.0.7258.139)
For documentation on this error, please visit: https://www.selenium.dev/documentation/webdriver/troubleshooting/errors#no-such-element-exception
Build info: version: &apos;4.29.0&apos;, revision: &apos;5fc1ec94cb&apos;
System info: os.name: &apos;Windows 11&apos;, os.arch: &apos;amd64&apos;, os.version: &apos;10.0&apos;, java.version: &apos;21.0.7&apos;
Driver info: org.openqa.selenium.chrome.ChromeDriver
Command: [d43288663e991040ae47827effc76785, findElement {using=xpath, value=//*[contains(@class,&apos;check-in-out-card_check-out-date&apos;)]}]
Capabilities {acceptInsecureCerts: false, browserName: chrome, browserVersion: 139.0.7258.139, chrome: {chromedriverVersion: 139.0.7258.138 (884e54ea8d4..., userDataDir: C:\Users\LENOVO\AppData\Loc...}, fedcm:accounts: true, goog:chromeOptions: {debuggerAddress: localhost:65277}, networkConnectionEnabled: false, pageLoadStrategy: normal, platformName: windows, proxy: Proxy(), se:cdp: ws://localhost:65277/devtoo..., se:cdpVersion: 139.0.7258.139, setWindowRect: true, strictFileInteractability: false, timeouts: {implicit: 0, pageLoad: 300000, script: 30000}, unhandledPromptBehavior: dismiss and notify, webauthn:extension:credBlob: true, webauthn:extension:largeBlob: true, webauthn:extension:minPinLength: true, webauthn:extension:prf: true, webauthn:virtualAuthenticators: true}
Session ID: d43288663e991040ae47827effc76785
	at org.openqa.selenium.remote.ErrorCodec.decode(ErrorCodec.java:167)
	at org.openqa.selenium.remote.codec.w3c.W3CHttpResponseCodec.decode(W3CHttpResponseCodec.java:138)
	at org.openqa.selenium.remote.codec.w3c.W3CHttpResponseCodec.decode(W3CHttpResponseCodec.java:50)
	at org.openqa.selenium.remote.HttpCommandExecutor.execute(HttpCommandExecutor.java:215)
	at org.openqa.selenium.remote.service.DriverCommandExecutor.invokeExecute(DriverCommandExecutor.java:216)
	at org.openqa.selenium.remote.service.DriverCommandExecutor.execute(DriverCommandExecutor.java:174)
	at org.openqa.selenium.remote.RemoteWebDriver.execute(RemoteWebDriver.java:545)
	at org.openqa.selenium.remote.ElementLocation$ElementFinder$2.findElement(ElementLocation.java:165)
	at org.openqa.selenium.remote.ElementLocation.findElement(ElementLocation.java:59)
	at org.openqa.selenium.remote.RemoteWebDriver.findElement(RemoteWebDriver.java:368)
	at org.openqa.selenium.remote.RemoteWebDriver.findElement(RemoteWebDriver.java:362)
	at com.tripgain.collectionofpages.SkyTravelers_Hotels_DescriptionPage.getCheckoutDateFromDescPage(SkyTravelers_Hotels_DescriptionPage.java:133)
	at SkyTravellers_Hotels.TCHO_4_verifyHotelsSearchwithFacilities.myTest(TCHO_4_verifyHotelsSearchwithFacilities.java:141)
	at java.base/java.util.ArrayList.forEach(ArrayList.java:1596)
	at java.base/java.util.concurrent.FutureTask.run(FutureTask.java:317)
	at java.base/java.util.concurrent.ThreadPoolExecutor.runWorker(ThreadPoolExecutor.java:1144)
	at java.base/java.util.concurrent.ThreadPoolExecutor$Worker.run(ThreadPoolExecutor.java:642)
	at java.base/java.lang.Thread.run(Thread.java:1583)
... Removed 18 stack frames
</div> <!-- stack-trace -->
                </div> <!-- method-content -->
              </div> <!-- method -->
              <div class="method">
                <div class="method-content">
                  <a name="myTest({Origin=Bihar, RoomCount=1, Payment= DebitCard, UserName=tarun@tripgain.com, Email=abcd@tripgain.com...)">
                  </a> <!-- myTest({Origin=Bihar, RoomCount=1, Payment= DebitCard, UserName=tarun@tripgain.com, Email=abcd@tripgain.com...) -->
                  <span class="method-name">myTest</span>
                  <span class="parameters">({Origin=Bihar, RoomCount=1, Payment= DebitCard, UserName=tarun@tripgain.com, Email=abcd@tripgain.com, TestRun=, AdultCount=3,2, ChildCount=2,1, childAge=2,3,4, Phno=9704343708, URL=https://uaev2.skytravellers.com/login, Password=WXOlqr3282})</span>
                  <div class="stack-trace">org.openqa.selenium.NoSuchElementException: no such element: Unable to locate element: {&quot;method&quot;:&quot;xpath&quot;,&quot;selector&quot;:&quot;//*[@class=&apos;booking-review-page__body__booking-details_hotel-name&apos;]&quot;}
  (Session info: chrome=139.0.7258.139)
For documentation on this error, please visit: https://www.selenium.dev/documentation/webdriver/troubleshooting/errors#no-such-element-exception
Build info: version: &apos;4.29.0&apos;, revision: &apos;5fc1ec94cb&apos;
System info: os.name: &apos;Windows 11&apos;, os.arch: &apos;amd64&apos;, os.version: &apos;10.0&apos;, java.version: &apos;21.0.7&apos;
Driver info: org.openqa.selenium.chrome.ChromeDriver
Command: [0425f2033e1de6574f1c838c820d452b, findElement {using=xpath, value=//*[@class=&apos;booking-review-page__body__booking-details_hotel-name&apos;]}]
Capabilities {acceptInsecureCerts: false, browserName: chrome, browserVersion: 139.0.7258.139, chrome: {chromedriverVersion: 139.0.7258.138 (884e54ea8d4..., userDataDir: C:\Users\LENOVO\AppData\Loc...}, fedcm:accounts: true, goog:chromeOptions: {debuggerAddress: localhost:59758}, networkConnectionEnabled: false, pageLoadStrategy: normal, platformName: windows, proxy: Proxy(), se:cdp: ws://localhost:59758/devtoo..., se:cdpVersion: 139.0.7258.139, setWindowRect: true, strictFileInteractability: false, timeouts: {implicit: 0, pageLoad: 300000, script: 30000}, unhandledPromptBehavior: dismiss and notify, webauthn:extension:credBlob: true, webauthn:extension:largeBlob: true, webauthn:extension:minPinLength: true, webauthn:extension:prf: true, webauthn:virtualAuthenticators: true}
Session ID: 0425f2033e1de6574f1c838c820d452b
	at org.openqa.selenium.remote.ErrorCodec.decode(ErrorCodec.java:167)
	at org.openqa.selenium.remote.codec.w3c.W3CHttpResponseCodec.decode(W3CHttpResponseCodec.java:138)
	at org.openqa.selenium.remote.codec.w3c.W3CHttpResponseCodec.decode(W3CHttpResponseCodec.java:50)
	at org.openqa.selenium.remote.HttpCommandExecutor.execute(HttpCommandExecutor.java:215)
	at org.openqa.selenium.remote.service.DriverCommandExecutor.invokeExecute(DriverCommandExecutor.java:216)
	at org.openqa.selenium.remote.service.DriverCommandExecutor.execute(DriverCommandExecutor.java:174)
	at org.openqa.selenium.remote.RemoteWebDriver.execute(RemoteWebDriver.java:545)
	at org.openqa.selenium.remote.ElementLocation$ElementFinder$2.findElement(ElementLocation.java:165)
	at org.openqa.selenium.remote.ElementLocation.findElement(ElementLocation.java:59)
	at org.openqa.selenium.remote.RemoteWebDriver.findElement(RemoteWebDriver.java:368)
	at org.openqa.selenium.remote.RemoteWebDriver.findElement(RemoteWebDriver.java:362)
	at com.tripgain.collectionofpages.SkyTravelers_Hotels_BookingPage.getHotelNameFromBookingPage(SkyTravelers_Hotels_BookingPage.java:42)
	at SkyTravellers_Hotels.TCHO_4_verifyHotelsSearchwithFacilities.myTest(TCHO_4_verifyHotelsSearchwithFacilities.java:178)
	at java.base/java.util.ArrayList.forEach(ArrayList.java:1596)
	at java.base/java.util.concurrent.FutureTask.run(FutureTask.java:317)
	at java.base/java.util.concurrent.ThreadPoolExecutor.runWorker(ThreadPoolExecutor.java:1144)
	at java.base/java.util.concurrent.ThreadPoolExecutor$Worker.run(ThreadPoolExecutor.java:642)
	at java.base/java.lang.Thread.run(Thread.java:1583)
... Removed 18 stack frames
</div> <!-- stack-trace -->
                </div> <!-- method-content -->
              </div> <!-- method -->
              <div class="method">
                <div class="method-content">
                  <a name="myTest({Origin=chennai, RoomCount=1, Payment=Netbanking, UserName=tarun@tripgain.com, Email=abcd@tripgain.c...)">
                  </a> <!-- myTest({Origin=chennai, RoomCount=1, Payment=Netbanking, UserName=tarun@tripgain.com, Email=abcd@tripgain.c...) -->
                  <span class="method-name">myTest</span>
                  <span class="parameters">({Origin=chennai, RoomCount=1, Payment=Netbanking, UserName=tarun@tripgain.com, Email=abcd@tripgain.com, TestRun=, AdultCount=1, ChildCount=1, childAge=5, Phno=9876589054, URL=https://uaev2.skytravellers.com/login, Password=WXOlqr3285})</span>
                  <div class="stack-trace">org.openqa.selenium.NoSuchElementException: no such element: Unable to locate element: {&quot;method&quot;:&quot;xpath&quot;,&quot;selector&quot;:&quot;//*[@class=&apos;booking-review-page__body__booking-details_hotel-name&apos;]&quot;}
  (Session info: chrome=139.0.7258.139)
For documentation on this error, please visit: https://www.selenium.dev/documentation/webdriver/troubleshooting/errors#no-such-element-exception
Build info: version: &apos;4.29.0&apos;, revision: &apos;5fc1ec94cb&apos;
System info: os.name: &apos;Windows 11&apos;, os.arch: &apos;amd64&apos;, os.version: &apos;10.0&apos;, java.version: &apos;21.0.7&apos;
Driver info: org.openqa.selenium.chrome.ChromeDriver
Command: [c1d551d446ecacbc279fa5374324d396, findElement {using=xpath, value=//*[@class=&apos;booking-review-page__body__booking-details_hotel-name&apos;]}]
Capabilities {acceptInsecureCerts: false, browserName: chrome, browserVersion: 139.0.7258.139, chrome: {chromedriverVersion: 139.0.7258.138 (884e54ea8d4..., userDataDir: C:\Users\LENOVO\AppData\Loc...}, fedcm:accounts: true, goog:chromeOptions: {debuggerAddress: localhost:53268}, networkConnectionEnabled: false, pageLoadStrategy: normal, platformName: windows, proxy: Proxy(), se:cdp: ws://localhost:53268/devtoo..., se:cdpVersion: 139.0.7258.139, setWindowRect: true, strictFileInteractability: false, timeouts: {implicit: 0, pageLoad: 300000, script: 30000}, unhandledPromptBehavior: dismiss and notify, webauthn:extension:credBlob: true, webauthn:extension:largeBlob: true, webauthn:extension:minPinLength: true, webauthn:extension:prf: true, webauthn:virtualAuthenticators: true}
Session ID: c1d551d446ecacbc279fa5374324d396
	at org.openqa.selenium.remote.ErrorCodec.decode(ErrorCodec.java:167)
	at org.openqa.selenium.remote.codec.w3c.W3CHttpResponseCodec.decode(W3CHttpResponseCodec.java:138)
	at org.openqa.selenium.remote.codec.w3c.W3CHttpResponseCodec.decode(W3CHttpResponseCodec.java:50)
	at org.openqa.selenium.remote.HttpCommandExecutor.execute(HttpCommandExecutor.java:215)
	at org.openqa.selenium.remote.service.DriverCommandExecutor.invokeExecute(DriverCommandExecutor.java:216)
	at org.openqa.selenium.remote.service.DriverCommandExecutor.execute(DriverCommandExecutor.java:174)
	at org.openqa.selenium.remote.RemoteWebDriver.execute(RemoteWebDriver.java:545)
	at org.openqa.selenium.remote.ElementLocation$ElementFinder$2.findElement(ElementLocation.java:165)
	at org.openqa.selenium.remote.ElementLocation.findElement(ElementLocation.java:59)
	at org.openqa.selenium.remote.RemoteWebDriver.findElement(RemoteWebDriver.java:368)
	at org.openqa.selenium.remote.RemoteWebDriver.findElement(RemoteWebDriver.java:362)
	at com.tripgain.collectionofpages.SkyTravelers_Hotels_BookingPage.getHotelNameFromBookingPage(SkyTravelers_Hotels_BookingPage.java:42)
	at SkyTravellers_Hotels.TCHO_4_verifyHotelsSearchwithFacilities.myTest(TCHO_4_verifyHotelsSearchwithFacilities.java:178)
	at java.base/java.util.ArrayList.forEach(ArrayList.java:1596)
	at java.base/java.util.concurrent.FutureTask.run(FutureTask.java:317)
	at java.base/java.util.concurrent.ThreadPoolExecutor.runWorker(ThreadPoolExecutor.java:1144)
	at java.base/java.util.concurrent.ThreadPoolExecutor$Worker.run(ThreadPoolExecutor.java:642)
	at java.base/java.lang.Thread.run(Thread.java:1583)
... Removed 18 stack frames
</div> <!-- stack-trace -->
                </div> <!-- method-content -->
              </div> <!-- method -->
              <div class="method">
                <div class="method-content">
                  <a name="myTest({Origin=Mumbai, RoomCount=1, Payment= CreditCard, UserName=tarun@tripgain.com, Email=abcd@tripgain.c...)">
                  </a> <!-- myTest({Origin=Mumbai, RoomCount=1, Payment= CreditCard, UserName=tarun@tripgain.com, Email=abcd@tripgain.c...) -->
                  <span class="method-name">myTest</span>
                  <span class="parameters">({Origin=Mumbai, RoomCount=1, Payment= CreditCard, UserName=tarun@tripgain.com, Email=abcd@tripgain.com, TestRun=, AdultCount=1, ChildCount=1, childAge=5, Phno=7689076554, URL=https://uaev2.skytravellers.com/login, Password=WXOlqr3283})</span>
                  <div class="stack-trace">org.openqa.selenium.NoSuchElementException: no such element: Unable to locate element: {&quot;method&quot;:&quot;xpath&quot;,&quot;selector&quot;:&quot;//*[@class=&apos;booking-review-page__body__booking-details_hotel-name&apos;]&quot;}
  (Session info: chrome=139.0.7258.139)
For documentation on this error, please visit: https://www.selenium.dev/documentation/webdriver/troubleshooting/errors#no-such-element-exception
Build info: version: &apos;4.29.0&apos;, revision: &apos;5fc1ec94cb&apos;
System info: os.name: &apos;Windows 11&apos;, os.arch: &apos;amd64&apos;, os.version: &apos;10.0&apos;, java.version: &apos;21.0.7&apos;
Driver info: org.openqa.selenium.chrome.ChromeDriver
Command: [83dd3771da4f56ee1c68797caed023f8, findElement {using=xpath, value=//*[@class=&apos;booking-review-page__body__booking-details_hotel-name&apos;]}]
Capabilities {acceptInsecureCerts: false, browserName: chrome, browserVersion: 139.0.7258.139, chrome: {chromedriverVersion: 139.0.7258.138 (884e54ea8d4..., userDataDir: C:\Users\LENOVO\AppData\Loc...}, fedcm:accounts: true, goog:chromeOptions: {debuggerAddress: localhost:53126}, networkConnectionEnabled: false, pageLoadStrategy: normal, platformName: windows, proxy: Proxy(), se:cdp: ws://localhost:53126/devtoo..., se:cdpVersion: 139.0.7258.139, setWindowRect: true, strictFileInteractability: false, timeouts: {implicit: 0, pageLoad: 300000, script: 30000}, unhandledPromptBehavior: dismiss and notify, webauthn:extension:credBlob: true, webauthn:extension:largeBlob: true, webauthn:extension:minPinLength: true, webauthn:extension:prf: true, webauthn:virtualAuthenticators: true}
Session ID: 83dd3771da4f56ee1c68797caed023f8
	at org.openqa.selenium.remote.ErrorCodec.decode(ErrorCodec.java:167)
	at org.openqa.selenium.remote.codec.w3c.W3CHttpResponseCodec.decode(W3CHttpResponseCodec.java:138)
	at org.openqa.selenium.remote.codec.w3c.W3CHttpResponseCodec.decode(W3CHttpResponseCodec.java:50)
	at org.openqa.selenium.remote.HttpCommandExecutor.execute(HttpCommandExecutor.java:215)
	at org.openqa.selenium.remote.service.DriverCommandExecutor.invokeExecute(DriverCommandExecutor.java:216)
	at org.openqa.selenium.remote.service.DriverCommandExecutor.execute(DriverCommandExecutor.java:174)
	at org.openqa.selenium.remote.RemoteWebDriver.execute(RemoteWebDriver.java:545)
	at org.openqa.selenium.remote.ElementLocation$ElementFinder$2.findElement(ElementLocation.java:165)
	at org.openqa.selenium.remote.ElementLocation.findElement(ElementLocation.java:59)
	at org.openqa.selenium.remote.RemoteWebDriver.findElement(RemoteWebDriver.java:368)
	at org.openqa.selenium.remote.RemoteWebDriver.findElement(RemoteWebDriver.java:362)
	at com.tripgain.collectionofpages.SkyTravelers_Hotels_BookingPage.getHotelNameFromBookingPage(SkyTravelers_Hotels_BookingPage.java:42)
	at SkyTravellers_Hotels.TCHO_4_verifyHotelsSearchwithFacilities.myTest(TCHO_4_verifyHotelsSearchwithFacilities.java:178)
	at java.base/java.util.ArrayList.forEach(ArrayList.java:1596)
	at java.base/java.util.concurrent.FutureTask.run(FutureTask.java:317)
	at java.base/java.util.concurrent.ThreadPoolExecutor.runWorker(ThreadPoolExecutor.java:1144)
	at java.base/java.util.concurrent.ThreadPoolExecutor$Worker.run(ThreadPoolExecutor.java:642)
	at java.base/java.lang.Thread.run(Thread.java:1583)
... Removed 18 stack frames
</div> <!-- stack-trace -->
                </div> <!-- method-content -->
              </div> <!-- method -->
              <div class="method">
                <div class="method-content">
                  <a name="myTest({Origin=Jharkhand, RoomCount=1, Payment=UPI, UserName=tarun@tripgain.com, Email=abcd@tripgain.com, T...)">
                  </a> <!-- myTest({Origin=Jharkhand, RoomCount=1, Payment=UPI, UserName=tarun@tripgain.com, Email=abcd@tripgain.com, T...) -->
                  <span class="method-name">myTest</span>
                  <span class="parameters">({Origin=Jharkhand, RoomCount=1, Payment=UPI, UserName=tarun@tripgain.com, Email=abcd@tripgain.com, TestRun=, AdultCount=1, ChildCount=1, childAge=5, Phno=87906543212, URL=https://uaev2.skytravellers.com/login, Password=WXOlqr3286})</span>
                  <div class="stack-trace">org.openqa.selenium.NoSuchElementException: no such element: Unable to locate element: {&quot;method&quot;:&quot;xpath&quot;,&quot;selector&quot;:&quot;//span[text()=&apos;Room and Guest&apos;]/following-sibling::span&quot;}
  (Session info: chrome=139.0.7258.139)
For documentation on this error, please visit: https://www.selenium.dev/documentation/webdriver/troubleshooting/errors#no-such-element-exception
Build info: version: &apos;4.29.0&apos;, revision: &apos;5fc1ec94cb&apos;
System info: os.name: &apos;Windows 11&apos;, os.arch: &apos;amd64&apos;, os.version: &apos;10.0&apos;, java.version: &apos;21.0.7&apos;
Driver info: org.openqa.selenium.chrome.ChromeDriver
Command: [d7b5bfdc8d8002834fa7e57a7d2b3575, findElement {using=xpath, value=//span[text()=&apos;Room and Guest&apos;]/following-sibling::span}]
Capabilities {acceptInsecureCerts: false, browserName: chrome, browserVersion: 139.0.7258.139, chrome: {chromedriverVersion: 139.0.7258.138 (884e54ea8d4..., userDataDir: C:\Users\LENOVO\AppData\Loc...}, fedcm:accounts: true, goog:chromeOptions: {debuggerAddress: localhost:56311}, networkConnectionEnabled: false, pageLoadStrategy: normal, platformName: windows, proxy: Proxy(), se:cdp: ws://localhost:56311/devtoo..., se:cdpVersion: 139.0.7258.139, setWindowRect: true, strictFileInteractability: false, timeouts: {implicit: 0, pageLoad: 300000, script: 30000}, unhandledPromptBehavior: dismiss and notify, webauthn:extension:credBlob: true, webauthn:extension:largeBlob: true, webauthn:extension:minPinLength: true, webauthn:extension:prf: true, webauthn:virtualAuthenticators: true}
Session ID: d7b5bfdc8d8002834fa7e57a7d2b3575
	at org.openqa.selenium.remote.ErrorCodec.decode(ErrorCodec.java:167)
	at org.openqa.selenium.remote.codec.w3c.W3CHttpResponseCodec.decode(W3CHttpResponseCodec.java:138)
	at org.openqa.selenium.remote.codec.w3c.W3CHttpResponseCodec.decode(W3CHttpResponseCodec.java:50)
	at org.openqa.selenium.remote.HttpCommandExecutor.execute(HttpCommandExecutor.java:215)
	at org.openqa.selenium.remote.service.DriverCommandExecutor.invokeExecute(DriverCommandExecutor.java:216)
	at org.openqa.selenium.remote.service.DriverCommandExecutor.execute(DriverCommandExecutor.java:174)
	at org.openqa.selenium.remote.RemoteWebDriver.execute(RemoteWebDriver.java:545)
	at org.openqa.selenium.remote.ElementLocation$ElementFinder$2.findElement(ElementLocation.java:165)
	at org.openqa.selenium.remote.ElementLocation.findElement(ElementLocation.java:59)
	at org.openqa.selenium.remote.RemoteWebDriver.findElement(RemoteWebDriver.java:368)
	at org.openqa.selenium.remote.RemoteWebDriver.findElement(RemoteWebDriver.java:362)
	at com.tripgain.collectionofpages.SkyTravelers_Hotels_SearchPage.getRoomAndGuestTextFromResultPage(SkyTravelers_Hotels_SearchPage.java:774)
	at SkyTravellers_Hotels.TCHO_4_verifyHotelsSearchwithFacilities.myTest(TCHO_4_verifyHotelsSearchwithFacilities.java:112)
	at java.base/java.util.ArrayList.forEach(ArrayList.java:1596)
	at java.base/java.util.concurrent.FutureTask.run(FutureTask.java:317)
	at java.base/java.util.concurrent.ThreadPoolExecutor.runWorker(ThreadPoolExecutor.java:1144)
	at java.base/java.util.concurrent.ThreadPoolExecutor$Worker.run(ThreadPoolExecutor.java:642)
	at java.base/java.lang.Thread.run(Thread.java:1583)
... Removed 18 stack frames
</div> <!-- stack-trace -->
                </div> <!-- method-content -->
              </div> <!-- method -->
              <div class="method">
                <div class="method-content">
                  <a name="myTest({Origin=Sri lanka, RoomCount=1, Payment=Netbanking, UserName=tarun@tripgain.com, Email=abcd@tripgain...)">
                  </a> <!-- myTest({Origin=Sri lanka, RoomCount=1, Payment=Netbanking, UserName=tarun@tripgain.com, Email=abcd@tripgain...) -->
                  <span class="method-name">myTest</span>
                  <span class="parameters">({Origin=Sri lanka, RoomCount=1, Payment=Netbanking, UserName=tarun@tripgain.com, Email=abcd@tripgain.com, TestRun=, AdultCount=1, ChildCount=1, childAge=5, Phno=98076534225, URL=https://uaev2.skytravellers.com/login, Password=WXOlqr3289})</span>
                  <div class="stack-trace">org.openqa.selenium.NoSuchElementException: no such element: Unable to locate element: {&quot;method&quot;:&quot;xpath&quot;,&quot;selector&quot;:&quot;//*[@class=&apos;booking-review-page__body__booking-details_hotel-name&apos;]&quot;}
  (Session info: chrome=139.0.7258.139)
For documentation on this error, please visit: https://www.selenium.dev/documentation/webdriver/troubleshooting/errors#no-such-element-exception
Build info: version: &apos;4.29.0&apos;, revision: &apos;5fc1ec94cb&apos;
System info: os.name: &apos;Windows 11&apos;, os.arch: &apos;amd64&apos;, os.version: &apos;10.0&apos;, java.version: &apos;21.0.7&apos;
Driver info: org.openqa.selenium.chrome.ChromeDriver
Command: [e53de1d096cedc6365342ad518ab25d7, findElement {using=xpath, value=//*[@class=&apos;booking-review-page__body__booking-details_hotel-name&apos;]}]
Capabilities {acceptInsecureCerts: false, browserName: chrome, browserVersion: 139.0.7258.139, chrome: {chromedriverVersion: 139.0.7258.138 (884e54ea8d4..., userDataDir: C:\Users\LENOVO\AppData\Loc...}, fedcm:accounts: true, goog:chromeOptions: {debuggerAddress: localhost:59480}, networkConnectionEnabled: false, pageLoadStrategy: normal, platformName: windows, proxy: Proxy(), se:cdp: ws://localhost:59480/devtoo..., se:cdpVersion: 139.0.7258.139, setWindowRect: true, strictFileInteractability: false, timeouts: {implicit: 0, pageLoad: 300000, script: 30000}, unhandledPromptBehavior: dismiss and notify, webauthn:extension:credBlob: true, webauthn:extension:largeBlob: true, webauthn:extension:minPinLength: true, webauthn:extension:prf: true, webauthn:virtualAuthenticators: true}
Session ID: e53de1d096cedc6365342ad518ab25d7
	at org.openqa.selenium.remote.ErrorCodec.decode(ErrorCodec.java:167)
	at org.openqa.selenium.remote.codec.w3c.W3CHttpResponseCodec.decode(W3CHttpResponseCodec.java:138)
	at org.openqa.selenium.remote.codec.w3c.W3CHttpResponseCodec.decode(W3CHttpResponseCodec.java:50)
	at org.openqa.selenium.remote.HttpCommandExecutor.execute(HttpCommandExecutor.java:215)
	at org.openqa.selenium.remote.service.DriverCommandExecutor.invokeExecute(DriverCommandExecutor.java:216)
	at org.openqa.selenium.remote.service.DriverCommandExecutor.execute(DriverCommandExecutor.java:174)
	at org.openqa.selenium.remote.RemoteWebDriver.execute(RemoteWebDriver.java:545)
	at org.openqa.selenium.remote.ElementLocation$ElementFinder$2.findElement(ElementLocation.java:165)
	at org.openqa.selenium.remote.ElementLocation.findElement(ElementLocation.java:59)
	at org.openqa.selenium.remote.RemoteWebDriver.findElement(RemoteWebDriver.java:368)
	at org.openqa.selenium.remote.RemoteWebDriver.findElement(RemoteWebDriver.java:362)
	at com.tripgain.collectionofpages.SkyTravelers_Hotels_BookingPage.getHotelNameFromBookingPage(SkyTravelers_Hotels_BookingPage.java:42)
	at SkyTravellers_Hotels.TCHO_4_verifyHotelsSearchwithFacilities.myTest(TCHO_4_verifyHotelsSearchwithFacilities.java:178)
	at java.base/java.util.ArrayList.forEach(ArrayList.java:1596)
	at java.base/java.util.concurrent.FutureTask.run(FutureTask.java:317)
	at java.base/java.util.concurrent.ThreadPoolExecutor.runWorker(ThreadPoolExecutor.java:1144)
	at java.base/java.util.concurrent.ThreadPoolExecutor$Worker.run(ThreadPoolExecutor.java:642)
	at java.base/java.lang.Thread.run(Thread.java:1583)
... Removed 18 stack frames
</div> <!-- stack-trace -->
                </div> <!-- method-content -->
              </div> <!-- method -->
              <div class="method">
                <div class="method-content">
                  <a name="myTest({Origin=Belgium, RoomCount=1, Payment=UPI, UserName=tarun@tripgain.com, Email=abcd@tripgain.com, Tes...)">
                  </a> <!-- myTest({Origin=Belgium, RoomCount=1, Payment=UPI, UserName=tarun@tripgain.com, Email=abcd@tripgain.com, Tes...) -->
                  <span class="method-name">myTest</span>
                  <span class="parameters">({Origin=Belgium, RoomCount=1, Payment=UPI, UserName=tarun@tripgain.com, Email=abcd@tripgain.com, TestRun=, AdultCount=1, ChildCount=1, childAge=5, Phno=98076534226, URL=https://uaev2.skytravellers.com/login, Password=WXOlqr3290})</span>
                  <div class="stack-trace">org.openqa.selenium.NoSuchElementException: no such element: Unable to locate element: {&quot;method&quot;:&quot;xpath&quot;,&quot;selector&quot;:&quot;//*[@class=&apos;booking-review-page__body__booking-details_hotel-name&apos;]&quot;}
  (Session info: chrome=139.0.7258.139)
For documentation on this error, please visit: https://www.selenium.dev/documentation/webdriver/troubleshooting/errors#no-such-element-exception
Build info: version: &apos;4.29.0&apos;, revision: &apos;5fc1ec94cb&apos;
System info: os.name: &apos;Windows 11&apos;, os.arch: &apos;amd64&apos;, os.version: &apos;10.0&apos;, java.version: &apos;21.0.7&apos;
Driver info: org.openqa.selenium.chrome.ChromeDriver
Command: [867850198e9cd910b00832fa687d13f5, findElement {using=xpath, value=//*[@class=&apos;booking-review-page__body__booking-details_hotel-name&apos;]}]
Capabilities {acceptInsecureCerts: false, browserName: chrome, browserVersion: 139.0.7258.139, chrome: {chromedriverVersion: 139.0.7258.138 (884e54ea8d4..., userDataDir: C:\Users\LENOVO\AppData\Loc...}, fedcm:accounts: true, goog:chromeOptions: {debuggerAddress: localhost:63020}, networkConnectionEnabled: false, pageLoadStrategy: normal, platformName: windows, proxy: Proxy(), se:cdp: ws://localhost:63020/devtoo..., se:cdpVersion: 139.0.7258.139, setWindowRect: true, strictFileInteractability: false, timeouts: {implicit: 0, pageLoad: 300000, script: 30000}, unhandledPromptBehavior: dismiss and notify, webauthn:extension:credBlob: true, webauthn:extension:largeBlob: true, webauthn:extension:minPinLength: true, webauthn:extension:prf: true, webauthn:virtualAuthenticators: true}
Session ID: 867850198e9cd910b00832fa687d13f5
	at org.openqa.selenium.remote.ErrorCodec.decode(ErrorCodec.java:167)
	at org.openqa.selenium.remote.codec.w3c.W3CHttpResponseCodec.decode(W3CHttpResponseCodec.java:138)
	at org.openqa.selenium.remote.codec.w3c.W3CHttpResponseCodec.decode(W3CHttpResponseCodec.java:50)
	at org.openqa.selenium.remote.HttpCommandExecutor.execute(HttpCommandExecutor.java:215)
	at org.openqa.selenium.remote.service.DriverCommandExecutor.invokeExecute(DriverCommandExecutor.java:216)
	at org.openqa.selenium.remote.service.DriverCommandExecutor.execute(DriverCommandExecutor.java:174)
	at org.openqa.selenium.remote.RemoteWebDriver.execute(RemoteWebDriver.java:545)
	at org.openqa.selenium.remote.ElementLocation$ElementFinder$2.findElement(ElementLocation.java:165)
	at org.openqa.selenium.remote.ElementLocation.findElement(ElementLocation.java:59)
	at org.openqa.selenium.remote.RemoteWebDriver.findElement(RemoteWebDriver.java:368)
	at org.openqa.selenium.remote.RemoteWebDriver.findElement(RemoteWebDriver.java:362)
	at com.tripgain.collectionofpages.SkyTravelers_Hotels_BookingPage.getHotelNameFromBookingPage(SkyTravelers_Hotels_BookingPage.java:42)
	at SkyTravellers_Hotels.TCHO_4_verifyHotelsSearchwithFacilities.myTest(TCHO_4_verifyHotelsSearchwithFacilities.java:178)
	at java.base/java.util.ArrayList.forEach(ArrayList.java:1596)
	at java.base/java.util.concurrent.FutureTask.run(FutureTask.java:317)
	at java.base/java.util.concurrent.ThreadPoolExecutor.runWorker(ThreadPoolExecutor.java:1144)
	at java.base/java.util.concurrent.ThreadPoolExecutor$Worker.run(ThreadPoolExecutor.java:642)
	at java.base/java.lang.Thread.run(Thread.java:1583)
... Removed 18 stack frames
</div> <!-- stack-trace -->
                </div> <!-- method-content -->
              </div> <!-- method -->
            </div> <!-- main-panel-content rounded-window-bottom -->
          </div> <!-- suite-Suite-class-failed -->
          <div class="suite-Suite-class-passed">
            <div class="main-panel-header rounded-window-top">
              <img src="passed.png"/>
              <span class="class-name">SkyTravellers_Hotels.TCHO_2_verifyHotelsSearchWithLocationDropdown</span>
            </div> <!-- main-panel-header rounded-window-top -->
            <div class="main-panel-content rounded-window-bottom">
              <div class="method">
                <div class="method-content">
                  <a name="myTest({Origin=Canada&#039;s Wonderland, RoomCount=1, Payment= DebitCard, UserName=tarun@tripgain.com, Email=abc...)">
                  </a> <!-- myTest({Origin=Canada's Wonderland, RoomCount=1, Payment= DebitCard, UserName=tarun@tripgain.com, Email=abc...) -->
                  <span class="method-name">myTest</span>
                  <span class="parameters">({Origin=Canada's Wonderland, RoomCount=1, Payment= DebitCard, UserName=tarun@tripgain.com, Email=abcd@tripgain.com, TestRun=, AdultCount=1, ChildAge=5, ChildCount=1, Phno=98076534224, URL=https://uaev2.skytravellers.com/login, Password=WXOlqr3288})</span>
                </div> <!-- method-content -->
              </div> <!-- method -->
              <div class="method">
                <div class="method-content">
                  <a name="myTest({Origin=Pune, RoomCount=2, Payment= CreditCard, UserName=tarun@tripgain.com, Email=abcd@tripgain.com...)">
                  </a> <!-- myTest({Origin=Pune, RoomCount=2, Payment= CreditCard, UserName=tarun@tripgain.com, Email=abcd@tripgain.com...) -->
                  <span class="method-name">myTest</span>
                  <span class="parameters">({Origin=Pune, RoomCount=2, Payment= CreditCard, UserName=tarun@tripgain.com, Email=abcd@tripgain.com, TestRun=, AdultCount=1,2, ChildAge=6,7, ChildCount=1,1, Phno=90876544345, URL=https://uaev2.skytravellers.com/login, Password=WXOlqr3282})</span>
                </div> <!-- method-content -->
              </div> <!-- method -->
              <div class="method">
                <div class="method-content">
                  <a name="myTest({Origin=delhi, RoomCount=1, Payment=Netbanking, UserName=tarun@tripgain.com, Email=abcd@tripgain.com...)">
                  </a> <!-- myTest({Origin=delhi, RoomCount=1, Payment=Netbanking, UserName=tarun@tripgain.com, Email=abcd@tripgain.com...) -->
                  <span class="method-name">myTest</span>
                  <span class="parameters">({Origin=delhi, RoomCount=1, Payment=Netbanking, UserName=tarun@tripgain.com, Email=abcd@tripgain.com, TestRun=, AdultCount=1, ChildAge=5, ChildCount=1, Phno=98076534221, URL=https://uaev2.skytravellers.com/login, Password=WXOlqr3285})</span>
                </div> <!-- method-content -->
              </div> <!-- method -->
              <div class="method">
                <div class="method-content">
                  <a name="myTest({Origin=china, RoomCount=1, Payment= CreditCard, UserName=tarun@tripgain.com, Email=abcd@tripgain.co...)">
                  </a> <!-- myTest({Origin=china, RoomCount=1, Payment= CreditCard, UserName=tarun@tripgain.com, Email=abcd@tripgain.co...) -->
                  <span class="method-name">myTest</span>
                  <span class="parameters">({Origin=china, RoomCount=1, Payment= CreditCard, UserName=tarun@tripgain.com, Email=abcd@tripgain.com, TestRun=, AdultCount=1, ChildAge=5, ChildCount=1, Phno=98076534223, URL=https://uaev2.skytravellers.com/login, Password=WXOlqr3287})</span>
                </div> <!-- method-content -->
              </div> <!-- method -->
              <div class="method">
                <div class="method-content">
                  <a name="myTest({Origin=kolkata, RoomCount=1, Payment= CreditCard, UserName=tarun@tripgain.com, Email=abcd@tripgain....)">
                  </a> <!-- myTest({Origin=kolkata, RoomCount=1, Payment= CreditCard, UserName=tarun@tripgain.com, Email=abcd@tripgain....) -->
                  <span class="method-name">myTest</span>
                  <span class="parameters">({Origin=kolkata, RoomCount=1, Payment= CreditCard, UserName=tarun@tripgain.com, Email=abcd@tripgain.com, TestRun=, AdultCount=1, ChildAge=5, ChildCount=1, Phno=98076534219, URL=https://uaev2.skytravellers.com/login, Password=WXOlqr3283})</span>
                </div> <!-- method-content -->
              </div> <!-- method -->
              <div class="method">
                <div class="method-content">
                  <a name="myTest({Origin=dubai, RoomCount=1, Payment=Netbanking, UserName=tarun@tripgain.com, Email=abcd@tripgain.com...)">
                  </a> <!-- myTest({Origin=dubai, RoomCount=1, Payment=Netbanking, UserName=tarun@tripgain.com, Email=abcd@tripgain.com...) -->
                  <span class="method-name">myTest</span>
                  <span class="parameters">({Origin=dubai, RoomCount=1, Payment=Netbanking, UserName=tarun@tripgain.com, Email=abcd@tripgain.com, TestRun=, AdultCount=1, ChildAge=5, ChildCount=1, Phno=98076534225, URL=https://uaev2.skytravellers.com/login, Password=WXOlqr3289})</span>
                </div> <!-- method-content -->
              </div> <!-- method -->
              <div class="method">
                <div class="method-content">
                  <a name="myTest({Origin=Bangladesh, RoomCount=1, Payment=UPI, UserName=tarun@tripgain.com, Email=abcd@tripgain.com, ...)">
                  </a> <!-- myTest({Origin=Bangladesh, RoomCount=1, Payment=UPI, UserName=tarun@tripgain.com, Email=abcd@tripgain.com, ...) -->
                  <span class="method-name">myTest</span>
                  <span class="parameters">({Origin=Bangladesh, RoomCount=1, Payment=UPI, UserName=tarun@tripgain.com, Email=abcd@tripgain.com, TestRun=, AdultCount=1, ChildAge=5, ChildCount=1, Phno=98076534222, URL=https://uaev2.skytravellers.com/login, Password=WXOlqr3286})</span>
                </div> <!-- method-content -->
              </div> <!-- method -->
            </div> <!-- main-panel-content rounded-window-bottom -->
          </div> <!-- suite-Suite-class-passed -->
          <div class="suite-Suite-class-passed">
            <div class="main-panel-header rounded-window-top">
              <img src="passed.png"/>
              <span class="class-name">SkyTravellers_Hotels.TCHO_3_verifyHotelsSearchwithStarRating</span>
            </div> <!-- main-panel-header rounded-window-top -->
            <div class="main-panel-content rounded-window-bottom">
              <div class="method">
                <div class="method-content">
                  <a name="myTest({Origin=Tamil Nadu, UserName=tarun@tripgain.com, Email=abcd@tripgain.com, ChildAge=5, URL=https://ua...)">
                  </a> <!-- myTest({Origin=Tamil Nadu, UserName=tarun@tripgain.com, Email=abcd@tripgain.com, ChildAge=5, URL=https://ua...) -->
                  <span class="method-name">myTest</span>
                  <span class="parameters">({Origin=Tamil Nadu, UserName=tarun@tripgain.com, Email=abcd@tripgain.com, ChildAge=5, URL=https://uaev2.skytravellers.com/login, RoomCount=1, Payment= CreditCard, TestRun=, AdultCount=1, ChildCount=1, Phno=98076534227, StarCount=3, Password=WXOlqr3291})</span>
                </div> <!-- method-content -->
              </div> <!-- method -->
              <div class="method">
                <div class="method-content">
                  <a name="myTest({Origin=goa, UserName=tarun@tripgain.com, Email=abcd@tripgain.com, ChildAge=5, URL=https://uaev2.sky...)">
                  </a> <!-- myTest({Origin=goa, UserName=tarun@tripgain.com, Email=abcd@tripgain.com, ChildAge=5, URL=https://uaev2.sky...) -->
                  <span class="method-name">myTest</span>
                  <span class="parameters">({Origin=goa, UserName=tarun@tripgain.com, Email=abcd@tripgain.com, ChildAge=5, URL=https://uaev2.skytravellers.com/login, RoomCount=1, Payment=Netbanking, TestRun=, AdultCount=1, ChildCount=1, Phno=98076534225, StarCount=2, Password=WXOlqr3289})</span>
                </div> <!-- method-content -->
              </div> <!-- method -->
              <div class="method">
                <div class="method-content">
                  <a name="myTest({Origin=kerala, UserName=tarun@tripgain.com, Email=abcd@tripgain.com, ChildAge=5, URL=https://uaev2....)">
                  </a> <!-- myTest({Origin=kerala, UserName=tarun@tripgain.com, Email=abcd@tripgain.com, ChildAge=5, URL=https://uaev2....) -->
                  <span class="method-name">myTest</span>
                  <span class="parameters">({Origin=kerala, UserName=tarun@tripgain.com, Email=abcd@tripgain.com, ChildAge=5, URL=https://uaev2.skytravellers.com/login, RoomCount=1, Payment=UPI, TestRun=, AdultCount=1, ChildCount=1, Phno=98076534226, StarCount=4, Password=WXOlqr3290})</span>
                </div> <!-- method-content -->
              </div> <!-- method -->
              <div class="method">
                <div class="method-content">
                  <a name="myTest({Origin=Pune, UserName=tarun@tripgain.com, Email=abcd@tripgain.com, ChildAge=5, URL=https://uaev2.sk...)">
                  </a> <!-- myTest({Origin=Pune, UserName=tarun@tripgain.com, Email=abcd@tripgain.com, ChildAge=5, URL=https://uaev2.sk...) -->
                  <span class="method-name">myTest</span>
                  <span class="parameters">({Origin=Pune, UserName=tarun@tripgain.com, Email=abcd@tripgain.com, ChildAge=5, URL=https://uaev2.skytravellers.com/login, RoomCount=1, Payment= DebitCard, TestRun=, AdultCount=1, ChildCount=1, Phno=9876545678, StarCount=2, Password=WXOlqr3284})</span>
                </div> <!-- method-content -->
              </div> <!-- method -->
            </div> <!-- main-panel-content rounded-window-bottom -->
          </div> <!-- suite-Suite-class-passed -->
          <div class="suite-Suite-class-passed">
            <div class="main-panel-header rounded-window-top">
              <img src="passed.png"/>
              <span class="class-name">SkyTravellers_Hotels.TCHO_1_verifyHotelsSearch1</span>
            </div> <!-- main-panel-header rounded-window-top -->
            <div class="main-panel-content rounded-window-bottom">
              <div class="method">
                <div class="method-content">
                  <a name="myTest({Origin=london, RoomCount=1, Payment= CreditCard, UserName=tarun@tripgain.com, Email=abcd@tripgain.c...)">
                  </a> <!-- myTest({Origin=london, RoomCount=1, Payment= CreditCard, UserName=tarun@tripgain.com, Email=abcd@tripgain.c...) -->
                  <span class="method-name">myTest</span>
                  <span class="parameters">({Origin=london, RoomCount=1, Payment= CreditCard, UserName=tarun@tripgain.com, Email=abcd@tripgain.com, TestRun=, AdultCount=1, ChildAge=5, ChildCount=1, Phno=98076534223, URL=https://uaev2.skytravellers.com/login, Password=WXOlqr3287})</span>
                </div> <!-- method-content -->
              </div> <!-- method -->
              <div class="method">
                <div class="method-content">
                  <a name="myTest({Origin=tokyo, RoomCount=1, Payment=UPI, UserName=tarun@tripgain.com, Email=abcd@tripgain.com, TestR...)">
                  </a> <!-- myTest({Origin=tokyo, RoomCount=1, Payment=UPI, UserName=tarun@tripgain.com, Email=abcd@tripgain.com, TestR...) -->
                  <span class="method-name">myTest</span>
                  <span class="parameters">({Origin=tokyo, RoomCount=1, Payment=UPI, UserName=tarun@tripgain.com, Email=abcd@tripgain.com, TestRun=, AdultCount=1, ChildAge=5, ChildCount=1, Phno=98076534226, URL=https://uaev2.skytravellers.com/login, Password=WXOlqr3290})</span>
                </div> <!-- method-content -->
              </div> <!-- method -->
              <div class="method">
                <div class="method-content">
                  <a name="myTest({Origin=singapore, RoomCount=1, Payment= CreditCard, UserName=tarun@tripgain.com, Email=abcd@tripgai...)">
                  </a> <!-- myTest({Origin=singapore, RoomCount=1, Payment= CreditCard, UserName=tarun@tripgain.com, Email=abcd@tripgai...) -->
                  <span class="method-name">myTest</span>
                  <span class="parameters">({Origin=singapore, RoomCount=1, Payment= CreditCard, UserName=tarun@tripgain.com, Email=abcd@tripgain.com, TestRun=, AdultCount=1, ChildAge=5, ChildCount=1, Phno=98076534227, URL=https://uaev2.skytravellers.com/login, Password=WXOlqr3291})</span>
                </div> <!-- method-content -->
              </div> <!-- method -->
              <div class="method">
                <div class="method-content">
                  <a name="myTest({Origin=newyork, RoomCount=1, Payment=UPI, UserName=tarun@tripgain.com, Email=abcd@tripgain.com, Tes...)">
                  </a> <!-- myTest({Origin=newyork, RoomCount=1, Payment=UPI, UserName=tarun@tripgain.com, Email=abcd@tripgain.com, Tes...) -->
                  <span class="method-name">myTest</span>
                  <span class="parameters">({Origin=newyork, RoomCount=1, Payment=UPI, UserName=tarun@tripgain.com, Email=abcd@tripgain.com, TestRun=, AdultCount=1, ChildAge=5, ChildCount=1, Phno=98076534222, URL=https://uaev2.skytravellers.com/login, Password=WXOlqr3286})</span>
                </div> <!-- method-content -->
              </div> <!-- method -->
              <div class="method">
                <div class="method-content">
                  <a name="myTest({Origin=chennai, RoomCount=1, Payment=Netbanking, UserName=tarun@tripgain.com, Email=abcd@tripgain.c...)">
                  </a> <!-- myTest({Origin=chennai, RoomCount=1, Payment=Netbanking, UserName=tarun@tripgain.com, Email=abcd@tripgain.c...) -->
                  <span class="method-name">myTest</span>
                  <span class="parameters">({Origin=chennai, RoomCount=1, Payment=Netbanking, UserName=tarun@tripgain.com, Email=abcd@tripgain.com, TestRun=, AdultCount=1, ChildAge=5, ChildCount=1, Phno=98076534221, URL=https://uaev2.skytravellers.com/login, Password=WXOlqr3285})</span>
                </div> <!-- method-content -->
              </div> <!-- method -->
              <div class="method">
                <div class="method-content">
                  <a name="myTest({Origin=Mumbai, RoomCount=1, Payment= CreditCard, UserName=tarun@tripgain.com, Email=abcd@tripgain.c...)">
                  </a> <!-- myTest({Origin=Mumbai, RoomCount=1, Payment= CreditCard, UserName=tarun@tripgain.com, Email=abcd@tripgain.c...) -->
                  <span class="method-name">myTest</span>
                  <span class="parameters">({Origin=Mumbai, RoomCount=1, Payment= CreditCard, UserName=tarun@tripgain.com, Email=abcd@tripgain.com, TestRun=, AdultCount=1, ChildAge=5, ChildCount=1, Phno=98076534219, URL=https://uaev2.skytravellers.com/login, Password=WXOlqr3283})</span>
                </div> <!-- method-content -->
              </div> <!-- method -->
              <div class="method">
                <div class="method-content">
                  <a name="myTest({Origin=Delhi, RoomCount=1, Payment=UPI, UserName=tarun@tripgain.com, Email=abcd@tripgain.com, TestR...)">
                  </a> <!-- myTest({Origin=Delhi, RoomCount=1, Payment=UPI, UserName=tarun@tripgain.com, Email=abcd@tripgain.com, TestR...) -->
                  <span class="method-name">myTest</span>
                  <span class="parameters">({Origin=Delhi, RoomCount=1, Payment=UPI, UserName=tarun@tripgain.com, Email=abcd@tripgain.com, TestRun=, AdultCount=1, ChildAge=5, ChildCount=1, Phno=98076534218, URL=https://uaev2.skytravellers.com/login, Password=WXOlqr3282})</span>
                </div> <!-- method-content -->
              </div> <!-- method -->
              <div class="method">
                <div class="method-content">
                  <a name="myTest({Origin=Pune, RoomCount=1, Payment= DebitCard, UserName=tarun@tripgain.com, Email=abcd@tripgain.com,...)">
                  </a> <!-- myTest({Origin=Pune, RoomCount=1, Payment= DebitCard, UserName=tarun@tripgain.com, Email=abcd@tripgain.com,...) -->
                  <span class="method-name">myTest</span>
                  <span class="parameters">({Origin=Pune, RoomCount=1, Payment= DebitCard, UserName=tarun@tripgain.com, Email=abcd@tripgain.com, TestRun=, AdultCount=1, ChildAge=5, ChildCount=1, Phno=98076534220, URL=https://uaev2.skytravellers.com/login, Password=WXOlqr3284})</span>
                </div> <!-- method-content -->
              </div> <!-- method -->
            </div> <!-- main-panel-content rounded-window-bottom -->
          </div> <!-- suite-Suite-class-passed -->
          <div class="suite-Suite-class-passed">
            <div class="main-panel-header rounded-window-top">
              <img src="passed.png"/>
              <span class="class-name">SkyTravellers_Hotels.TCHO_4_verifyHotelsSearchwithFacilities</span>
            </div> <!-- main-panel-header rounded-window-top -->
            <div class="main-panel-content rounded-window-bottom">
              <div class="method">
                <div class="method-content">
                  <a name="myTest({Origin=Malaysia, RoomCount=1, Payment= CreditCard, UserName=tarun@tripgain.com, Email=abcd@tripgain...)">
                  </a> <!-- myTest({Origin=Malaysia, RoomCount=1, Payment= CreditCard, UserName=tarun@tripgain.com, Email=abcd@tripgain...) -->
                  <span class="method-name">myTest</span>
                  <span class="parameters">({Origin=Malaysia, RoomCount=1, Payment= CreditCard, UserName=tarun@tripgain.com, Email=abcd@tripgain.com, TestRun=, AdultCount=1, ChildCount=1, childAge=5, Phno=6789076545, URL=https://uaev2.skytravellers.com/login, Password=WXOlqr3287})</span>
                </div> <!-- method-content -->
              </div> <!-- method -->
              <div class="method">
                <div class="method-content">
                  <a name="myTest({Origin=Israel, RoomCount=1, Payment= CreditCard, UserName=tarun@tripgain.com, Email=abcd@tripgain.c...)">
                  </a> <!-- myTest({Origin=Israel, RoomCount=1, Payment= CreditCard, UserName=tarun@tripgain.com, Email=abcd@tripgain.c...) -->
                  <span class="method-name">myTest</span>
                  <span class="parameters">({Origin=Israel, RoomCount=1, Payment= CreditCard, UserName=tarun@tripgain.com, Email=abcd@tripgain.com, TestRun=, AdultCount=1, ChildCount=1, childAge=5, Phno=98076534227, URL=https://uaev2.skytravellers.com/login, Password=WXOlqr3291})</span>
                </div> <!-- method-content -->
              </div> <!-- method -->
              <div class="method">
                <div class="method-content">
                  <a name="myTest({Origin=Pune, RoomCount=1, Payment= DebitCard, UserName=tarun@tripgain.com, Email=abcd@tripgain.com,...)">
                  </a> <!-- myTest({Origin=Pune, RoomCount=1, Payment= DebitCard, UserName=tarun@tripgain.com, Email=abcd@tripgain.com,...) -->
                  <span class="method-name">myTest</span>
                  <span class="parameters">({Origin=Pune, RoomCount=1, Payment= DebitCard, UserName=tarun@tripgain.com, Email=abcd@tripgain.com, TestRun=, AdultCount=1, ChildCount=1, childAge=5, Phno=98765433221, URL=https://uaev2.skytravellers.com/login, Password=WXOlqr3284})</span>
                </div> <!-- method-content -->
              </div> <!-- method -->
            </div> <!-- main-panel-content rounded-window-bottom -->
          </div> <!-- suite-Suite-class-passed -->
        </div> <!-- panel Suite -->
        <div panel-name="test-xml-Suite" class="panel">
          <div class="main-panel-header rounded-window-top">
            <span class="header-content">C:\AutomationScripts\Auto\testng1.xml</span>
          </div> <!-- main-panel-header rounded-window-top -->
          <div class="main-panel-content rounded-window-bottom">
            <pre>
&lt;?xml version=&quot;1.0&quot; encoding=&quot;UTF-8&quot;?&gt;
&lt;!DOCTYPE suite SYSTEM &quot;https://testng.org/testng-1.0.dtd&quot;&gt;
&lt;suite parallel=&quot;tests&quot; name=&quot;Suite&quot; guice-stage=&quot;DEVELOPMENT&quot;&gt;
  &lt;test thread-count=&quot;5&quot; parallel=&quot;tests&quot; name=&quot;test&quot;&gt;
    &lt;parameter name=&quot;browser&quot; value=&quot;chrome&quot;/&gt;
    &lt;classes&gt;
      &lt;class name=&quot;SkyTravellers_Hotels.TCHO_1_verifyHotelsSearch1&quot;/&gt;
      &lt;class name=&quot;SkyTravellers_Hotels.TCHO_2_verifyHotelsSearchWithLocationDropdown&quot;/&gt;
      &lt;class name=&quot;SkyTravellers_Hotels.TCHO_3_verifyHotelsSearchwithStarRating&quot;/&gt;
      &lt;class name=&quot;SkyTravellers_Hotels.TCHO_4_verifyHotelsSearchwithFacilities&quot;/&gt;
    &lt;/classes&gt;
  &lt;/test&gt; &lt;!-- test --&gt;
  &lt;test thread-count=&quot;5&quot; parallel=&quot;tests&quot; name=&quot;test1&quot;&gt;
    &lt;parameter name=&quot;browser&quot; value=&quot;edge&quot;/&gt;
  &lt;/test&gt; &lt;!-- test1 --&gt;
&lt;/suite&gt; &lt;!-- Suite --&gt;
            </pre>
          </div> <!-- main-panel-content rounded-window-bottom -->
        </div> <!-- panel -->
        <div panel-name="testlist-Suite" class="panel">
          <div class="main-panel-header rounded-window-top">
            <span class="header-content">Tests for Suite</span>
          </div> <!-- main-panel-header rounded-window-top -->
          <div class="main-panel-content rounded-window-bottom">
            <ul>
              <li>
                <span class="test-name">test (4 classes)</span>
              </li>
              <li>
                <span class="test-name">test1 (0 classes)</span>
              </li>
            </ul>
          </div> <!-- main-panel-content rounded-window-bottom -->
        </div> <!-- panel -->
        <div panel-name="group-Suite" class="panel">
          <div class="main-panel-header rounded-window-top">
            <span class="header-content">Groups for Suite</span>
          </div> <!-- main-panel-header rounded-window-top -->
          <div class="main-panel-content rounded-window-bottom">
          </div> <!-- main-panel-content rounded-window-bottom -->
        </div> <!-- panel -->
        <div panel-name="times-Suite" class="panel">
          <div class="main-panel-header rounded-window-top">
            <span class="header-content">Times for Suite</span>
          </div> <!-- main-panel-header rounded-window-top -->
          <div class="main-panel-content rounded-window-bottom">
            <div class="times-div">
              <script type="text/javascript">
suiteTableInitFunctions.push('tableData_Suite');
function tableData_Suite() {
var data = new google.visualization.DataTable();
data.addColumn('number', 'Number');
data.addColumn('string', 'Method');
data.addColumn('string', 'Class');
data.addColumn('number', 'Time (ms)');
data.addRows(40);
data.setCell(0, 0, 0)
data.setCell(0, 1, 'myTest')
data.setCell(0, 2, 'SkyTravellers_Hotels.TCHO_4_verifyHotelsSearchwithFacilities')
data.setCell(0, 3, 175223);
data.setCell(1, 0, 1)
data.setCell(1, 1, 'myTest')
data.setCell(1, 2, 'SkyTravellers_Hotels.TCHO_1_verifyHotelsSearch1')
data.setCell(1, 3, 153390);
data.setCell(2, 0, 2)
data.setCell(2, 1, 'myTest')
data.setCell(2, 2, 'SkyTravellers_Hotels.TCHO_2_verifyHotelsSearchWithLocationDropdown')
data.setCell(2, 3, 145303);
data.setCell(3, 0, 3)
data.setCell(3, 1, 'myTest')
data.setCell(3, 2, 'SkyTravellers_Hotels.TCHO_2_verifyHotelsSearchWithLocationDropdown')
data.setCell(3, 3, 141735);
data.setCell(4, 0, 4)
data.setCell(4, 1, 'myTest')
data.setCell(4, 2, 'SkyTravellers_Hotels.TCHO_2_verifyHotelsSearchWithLocationDropdown')
data.setCell(4, 3, 141311);
data.setCell(5, 0, 5)
data.setCell(5, 1, 'myTest')
data.setCell(5, 2, 'SkyTravellers_Hotels.TCHO_1_verifyHotelsSearch1')
data.setCell(5, 3, 137204);
data.setCell(6, 0, 6)
data.setCell(6, 1, 'myTest')
data.setCell(6, 2, 'SkyTravellers_Hotels.TCHO_1_verifyHotelsSearch1')
data.setCell(6, 3, 129268);
data.setCell(7, 0, 7)
data.setCell(7, 1, 'myTest')
data.setCell(7, 2, 'SkyTravellers_Hotels.TCHO_1_verifyHotelsSearch1')
data.setCell(7, 3, 124840);
data.setCell(8, 0, 8)
data.setCell(8, 1, 'myTest')
data.setCell(8, 2, 'SkyTravellers_Hotels.TCHO_2_verifyHotelsSearchWithLocationDropdown')
data.setCell(8, 3, 124189);
data.setCell(9, 0, 9)
data.setCell(9, 1, 'myTest')
data.setCell(9, 2, 'SkyTravellers_Hotels.TCHO_4_verifyHotelsSearchwithFacilities')
data.setCell(9, 3, 122253);
data.setCell(10, 0, 10)
data.setCell(10, 1, 'myTest')
data.setCell(10, 2, 'SkyTravellers_Hotels.TCHO_2_verifyHotelsSearchWithLocationDropdown')
data.setCell(10, 3, 121247);
data.setCell(11, 0, 11)
data.setCell(11, 1, 'myTest')
data.setCell(11, 2, 'SkyTravellers_Hotels.TCHO_3_verifyHotelsSearchwithStarRating')
data.setCell(11, 3, 120519);
data.setCell(12, 0, 12)
data.setCell(12, 1, 'myTest')
data.setCell(12, 2, 'SkyTravellers_Hotels.TCHO_1_verifyHotelsSearch1')
data.setCell(12, 3, 118924);
data.setCell(13, 0, 13)
data.setCell(13, 1, 'myTest')
data.setCell(13, 2, 'SkyTravellers_Hotels.TCHO_1_verifyHotelsSearch1')
data.setCell(13, 3, 117206);
data.setCell(14, 0, 14)
data.setCell(14, 1, 'myTest')
data.setCell(14, 2, 'SkyTravellers_Hotels.TCHO_1_verifyHotelsSearch1')
data.setCell(14, 3, 116584);
data.setCell(15, 0, 15)
data.setCell(15, 1, 'myTest')
data.setCell(15, 2, 'SkyTravellers_Hotels.TCHO_2_verifyHotelsSearchWithLocationDropdown')
data.setCell(15, 3, 113606);
data.setCell(16, 0, 16)
data.setCell(16, 1, 'myTest')
data.setCell(16, 2, 'SkyTravellers_Hotels.TCHO_1_verifyHotelsSearch1')
data.setCell(16, 3, 110278);
data.setCell(17, 0, 17)
data.setCell(17, 1, 'myTest')
data.setCell(17, 2, 'SkyTravellers_Hotels.TCHO_2_verifyHotelsSearchWithLocationDropdown')
data.setCell(17, 3, 105536);
data.setCell(18, 0, 18)
data.setCell(18, 1, 'myTest')
data.setCell(18, 2, 'SkyTravellers_Hotels.TCHO_3_verifyHotelsSearchwithStarRating')
data.setCell(18, 3, 102284);
data.setCell(19, 0, 19)
data.setCell(19, 1, 'myTest')
data.setCell(19, 2, 'SkyTravellers_Hotels.TCHO_3_verifyHotelsSearchwithStarRating')
data.setCell(19, 3, 101678);
data.setCell(20, 0, 20)
data.setCell(20, 1, 'myTest')
data.setCell(20, 2, 'SkyTravellers_Hotels.TCHO_4_verifyHotelsSearchwithFacilities')
data.setCell(20, 3, 100633);
data.setCell(21, 0, 21)
data.setCell(21, 1, 'myTest')
data.setCell(21, 2, 'SkyTravellers_Hotels.TCHO_3_verifyHotelsSearchwithStarRating')
data.setCell(21, 3, 97252);
data.setCell(22, 0, 22)
data.setCell(22, 1, 'myTest')
data.setCell(22, 2, 'SkyTravellers_Hotels.TCHO_3_verifyHotelsSearchwithStarRating')
data.setCell(22, 3, 96213);
data.setCell(23, 0, 23)
data.setCell(23, 1, 'myTest')
data.setCell(23, 2, 'SkyTravellers_Hotels.TCHO_4_verifyHotelsSearchwithFacilities')
data.setCell(23, 3, 96040);
data.setCell(24, 0, 24)
data.setCell(24, 1, 'myTest')
data.setCell(24, 2, 'SkyTravellers_Hotels.TCHO_4_verifyHotelsSearchwithFacilities')
data.setCell(24, 3, 94435);
data.setCell(25, 0, 25)
data.setCell(25, 1, 'myTest')
data.setCell(25, 2, 'SkyTravellers_Hotels.TCHO_3_verifyHotelsSearchwithStarRating')
data.setCell(25, 3, 93857);
data.setCell(26, 0, 26)
data.setCell(26, 1, 'myTest')
data.setCell(26, 2, 'SkyTravellers_Hotels.TCHO_4_verifyHotelsSearchwithFacilities')
data.setCell(26, 3, 92592);
data.setCell(27, 0, 27)
data.setCell(27, 1, 'myTest')
data.setCell(27, 2, 'SkyTravellers_Hotels.TCHO_2_verifyHotelsSearchWithLocationDropdown')
data.setCell(27, 3, 92461);
data.setCell(28, 0, 28)
data.setCell(28, 1, 'myTest')
data.setCell(28, 2, 'SkyTravellers_Hotels.TCHO_4_verifyHotelsSearchwithFacilities')
data.setCell(28, 3, 92096);
data.setCell(29, 0, 29)
data.setCell(29, 1, 'myTest')
data.setCell(29, 2, 'SkyTravellers_Hotels.TCHO_1_verifyHotelsSearch1')
data.setCell(29, 3, 91616);
data.setCell(30, 0, 30)
data.setCell(30, 1, 'myTest')
data.setCell(30, 2, 'SkyTravellers_Hotels.TCHO_4_verifyHotelsSearchwithFacilities')
data.setCell(30, 3, 89723);
data.setCell(31, 0, 31)
data.setCell(31, 1, 'myTest')
data.setCell(31, 2, 'SkyTravellers_Hotels.TCHO_4_verifyHotelsSearchwithFacilities')
data.setCell(31, 3, 89478);
data.setCell(32, 0, 32)
data.setCell(32, 1, 'myTest')
data.setCell(32, 2, 'SkyTravellers_Hotels.TCHO_3_verifyHotelsSearchwithStarRating')
data.setCell(32, 3, 88347);
data.setCell(33, 0, 33)
data.setCell(33, 1, 'myTest')
data.setCell(33, 2, 'SkyTravellers_Hotels.TCHO_3_verifyHotelsSearchwithStarRating')
data.setCell(33, 3, 84251);
data.setCell(34, 0, 34)
data.setCell(34, 1, 'myTest')
data.setCell(34, 2, 'SkyTravellers_Hotels.TCHO_4_verifyHotelsSearchwithFacilities')
data.setCell(34, 3, 82271);
data.setCell(35, 0, 35)
data.setCell(35, 1, 'myTest')
data.setCell(35, 2, 'SkyTravellers_Hotels.TCHO_2_verifyHotelsSearchWithLocationDropdown')
data.setCell(35, 3, 68009);
data.setCell(36, 0, 36)
data.setCell(36, 1, 'myTest')
data.setCell(36, 2, 'SkyTravellers_Hotels.TCHO_2_verifyHotelsSearchWithLocationDropdown')
data.setCell(36, 3, 67712);
data.setCell(37, 0, 37)
data.setCell(37, 1, 'myTest')
data.setCell(37, 2, 'SkyTravellers_Hotels.TCHO_3_verifyHotelsSearchwithStarRating')
data.setCell(37, 3, 62064);
data.setCell(38, 0, 38)
data.setCell(38, 1, 'myTest')
data.setCell(38, 2, 'SkyTravellers_Hotels.TCHO_3_verifyHotelsSearchwithStarRating')
data.setCell(38, 3, 61734);
data.setCell(39, 0, 39)
data.setCell(39, 1, 'myTest')
data.setCell(39, 2, 'SkyTravellers_Hotels.TCHO_1_verifyHotelsSearch1')
data.setCell(39, 3, 27251);
window.suiteTableData['Suite']= { tableData: data, tableDiv: 'times-div-Suite'}
return data;
}
              </script>
              <span class="suite-total-time">Total running time: 1 hours</span>
              <div id="times-div-Suite">
              </div> <!-- times-div-Suite -->
            </div> <!-- times-div -->
          </div> <!-- main-panel-content rounded-window-bottom -->
        </div> <!-- panel -->
        <div panel-name="reporter-Suite" class="panel">
          <div class="main-panel-header rounded-window-top">
            <span class="header-content">Reporter output for Suite</span>
          </div> <!-- main-panel-header rounded-window-top -->
          <div class="main-panel-content rounded-window-bottom">
          </div> <!-- main-panel-content rounded-window-bottom -->
        </div> <!-- panel -->
        <div panel-name="ignored-methods-Suite" class="panel">
          <div class="main-panel-header rounded-window-top">
            <span class="header-content">0 ignored methods</span>
          </div> <!-- main-panel-header rounded-window-top -->
          <div class="main-panel-content rounded-window-bottom">
          </div> <!-- main-panel-content rounded-window-bottom -->
        </div> <!-- panel -->
        <div panel-name="chronological-Suite" class="panel">
          <div class="main-panel-header rounded-window-top">
            <span class="header-content">Methods in chronological order</span>
          </div> <!-- main-panel-header rounded-window-top -->
          <div class="main-panel-content rounded-window-bottom">
            <div class="chronological-class">
              <div class="chronological-class-name">SkyTravellers_Hotels.TCHO_1_verifyHotelsSearch1</div> <!-- chronological-class-name -->
              <div class="configuration-method before">
                <span class="method-name">launchApplication(chrome)</span>
                <span class="method-start">0 ms</span>
              </div> <!-- configuration-method before -->
              <div class="test-method">
                <span class="method-name">myTest({Origin=Delhi, RoomCount=1, Payment=UPI, UserName=tarun@tripgain.com, Email=abcd@tripgain.com, TestR...)</span>
                <span class="method-start">2784 ms</span>
              </div> <!-- test-method -->
              <div class="configuration-method after">
                <span class="method-name">tearDown</span>
                <span class="method-start">113078 ms</span>
              </div> <!-- configuration-method after -->
              <div class="configuration-method before">
                <span class="method-name">launchApplication(chrome)</span>
                <span class="method-start">113661 ms</span>
              </div> <!-- configuration-method before -->
              <div class="test-method">
                <span class="method-name">myTest({Origin=Mumbai, RoomCount=1, Payment= CreditCard, UserName=tarun@tripgain.com, Email=abcd@tripgain.c...)</span>
                <span class="method-start">116228 ms</span>
              </div> <!-- test-method -->
              <div class="configuration-method after">
                <span class="method-name">tearDown</span>
                <span class="method-start">233434 ms</span>
              </div> <!-- configuration-method after -->
              <div class="configuration-method before">
                <span class="method-name">launchApplication(chrome)</span>
                <span class="method-start">233483 ms</span>
              </div> <!-- configuration-method before -->
              <div class="test-method">
                <span class="method-name">myTest({Origin=Pune, RoomCount=1, Payment= DebitCard, UserName=tarun@tripgain.com, Email=abcd@tripgain.com,...)</span>
                <span class="method-start">236357 ms</span>
              </div> <!-- test-method -->
              <div class="configuration-method after">
                <span class="method-name">tearDown</span>
                <span class="method-start">352942 ms</span>
              </div> <!-- configuration-method after -->
              <div class="configuration-method before">
                <span class="method-name">launchApplication(chrome)</span>
                <span class="method-start">352997 ms</span>
              </div> <!-- configuration-method before -->
              <div class="test-method">
                <span class="method-name">myTest({Origin=chennai, RoomCount=1, Payment=Netbanking, UserName=tarun@tripgain.com, Email=abcd@tripgain.c...)</span>
                <span class="method-start">356269 ms</span>
              </div> <!-- test-method -->
              <div class="configuration-method after">
                <span class="method-name">tearDown</span>
                <span class="method-start">475196 ms</span>
              </div> <!-- configuration-method after -->
              <div class="configuration-method before">
                <span class="method-name">launchApplication(chrome)</span>
                <span class="method-start">475227 ms</span>
              </div> <!-- configuration-method before -->
              <div class="test-method">
                <span class="method-name">myTest({Origin=newyork, RoomCount=1, Payment=UPI, UserName=tarun@tripgain.com, Email=abcd@tripgain.com, Tes...)</span>
                <span class="method-start">479257 ms</span>
              </div> <!-- test-method -->
              <div class="configuration-method after">
                <span class="method-name">tearDown</span>
                <span class="method-start">604099 ms</span>
              </div> <!-- configuration-method after -->
              <div class="configuration-method before">
                <span class="method-name">launchApplication(chrome)</span>
                <span class="method-start">604167 ms</span>
              </div> <!-- configuration-method before -->
              <div class="test-method">
                <span class="method-name">myTest({Origin=london, RoomCount=1, Payment= CreditCard, UserName=tarun@tripgain.com, Email=abcd@tripgain.c...)</span>
                <span class="method-start">607346 ms</span>
              </div> <!-- test-method -->
              <div class="configuration-method after">
                <span class="method-name">tearDown</span>
                <span class="method-start">760736 ms</span>
              </div> <!-- configuration-method after -->
              <div class="configuration-method before">
                <span class="method-name">launchApplication(chrome)</span>
                <span class="method-start">760818 ms</span>
              </div> <!-- configuration-method before -->
              <div class="test-method">
                <img src="failed.png">
                </img>
                <span class="method-name">myTest({Origin=Ahmedabad, RoomCount=1, Payment= DebitCard, UserName=tarun@tripgain.com, Email=abcd@tripgain...)</span>
                <span class="method-start">763153 ms</span>
              </div> <!-- test-method -->
              <div class="configuration-method after">
                <span class="method-name">tearDown</span>
                <span class="method-start">854801 ms</span>
              </div> <!-- configuration-method after -->
              <div class="configuration-method before">
                <span class="method-name">launchApplication(chrome)</span>
                <span class="method-start">855646 ms</span>
              </div> <!-- configuration-method before -->
              <div class="test-method">
                <img src="failed.png">
                </img>
                <span class="method-name">myTest({Origin=dubai, RoomCount=1, Payment=Netbanking, UserName=tarun@tripgain.com, Email=abcd@tripgain.com...)</span>
                <span class="method-start">858119 ms</span>
              </div> <!-- test-method -->
              <div class="configuration-method after">
                <span class="method-name">tearDown</span>
                <span class="method-start">885370 ms</span>
              </div> <!-- configuration-method after -->
              <div class="configuration-method before">
                <span class="method-name">launchApplication(chrome)</span>
                <span class="method-start">885988 ms</span>
              </div> <!-- configuration-method before -->
              <div class="test-method">
                <span class="method-name">myTest({Origin=tokyo, RoomCount=1, Payment=UPI, UserName=tarun@tripgain.com, Email=abcd@tripgain.com, TestR...)</span>
                <span class="method-start">888504 ms</span>
              </div> <!-- test-method -->
              <div class="configuration-method after">
                <span class="method-name">tearDown</span>
                <span class="method-start">1025708 ms</span>
              </div> <!-- configuration-method after -->
              <div class="configuration-method before">
                <span class="method-name">launchApplication(chrome)</span>
                <span class="method-start">1025787 ms</span>
              </div> <!-- configuration-method before -->
              <div class="test-method">
                <span class="method-name">myTest({Origin=singapore, RoomCount=1, Payment= CreditCard, UserName=tarun@tripgain.com, Email=abcd@tripgai...)</span>
                <span class="method-start">1028223 ms</span>
              </div> <!-- test-method -->
              <div class="configuration-method after">
                <span class="method-name">tearDown</span>
                <span class="method-start">1157506 ms</span>
              </div> <!-- configuration-method after -->
            </div> <!-- chronological-class -->
            <div class="chronological-class">
              <div class="chronological-class-name">SkyTravellers_Hotels.TCHO_2_verifyHotelsSearchWithLocationDropdown</div> <!-- chronological-class-name -->
              <div class="configuration-method before">
                <span class="method-name">launchApplication(chrome)</span>
                <span class="method-start">1157704 ms</span>
              </div> <!-- configuration-method before -->
              <div class="test-method">
                <span class="method-name">myTest({Origin=Pune, RoomCount=2, Payment= CreditCard, UserName=tarun@tripgain.com, Email=abcd@tripgain.com...)</span>
                <span class="method-start">1160239 ms</span>
              </div> <!-- test-method -->
              <div class="configuration-method after">
                <span class="method-name">tearDown</span>
                <span class="method-start">1305544 ms</span>
              </div> <!-- configuration-method after -->
              <div class="configuration-method before">
                <span class="method-name">launchApplication(chrome)</span>
                <span class="method-start">1305601 ms</span>
              </div> <!-- configuration-method before -->
              <div class="test-method">
                <span class="method-name">myTest({Origin=kolkata, RoomCount=1, Payment= CreditCard, UserName=tarun@tripgain.com, Email=abcd@tripgain....)</span>
                <span class="method-start">1309286 ms</span>
              </div> <!-- test-method -->
              <div class="configuration-method after">
                <span class="method-name">tearDown</span>
                <span class="method-start">1451021 ms</span>
              </div> <!-- configuration-method after -->
              <div class="configuration-method before">
                <span class="method-name">launchApplication(chrome)</span>
                <span class="method-start">1451037 ms</span>
              </div> <!-- configuration-method before -->
              <div class="test-method">
                <img src="failed.png">
                </img>
                <span class="method-name">myTest({Origin=Pune, RoomCount=1, Payment= DebitCard, UserName=tarun@tripgain.com, Email=abcd@tripgain.com,...)</span>
                <span class="method-start">1453491 ms</span>
              </div> <!-- test-method -->
              <div class="configuration-method after">
                <span class="method-name">tearDown</span>
                <span class="method-start">1545958 ms</span>
              </div> <!-- configuration-method after -->
              <div class="configuration-method before">
                <span class="method-name">launchApplication(chrome)</span>
                <span class="method-start">1546509 ms</span>
              </div> <!-- configuration-method before -->
              <div class="test-method">
                <span class="method-name">myTest({Origin=delhi, RoomCount=1, Payment=Netbanking, UserName=tarun@tripgain.com, Email=abcd@tripgain.com...)</span>
                <span class="method-start">1549398 ms</span>
              </div> <!-- test-method -->
              <div class="configuration-method after">
                <span class="method-name">tearDown</span>
                <span class="method-start">1673587 ms</span>
              </div> <!-- configuration-method after -->
              <div class="configuration-method before">
                <span class="method-name">launchApplication(chrome)</span>
                <span class="method-start">1673650 ms</span>
              </div> <!-- configuration-method before -->
              <div class="test-method">
                <span class="method-name">myTest({Origin=Bangladesh, RoomCount=1, Payment=UPI, UserName=tarun@tripgain.com, Email=abcd@tripgain.com, ...)</span>
                <span class="method-start">1676186 ms</span>
              </div> <!-- test-method -->
              <div class="configuration-method after">
                <span class="method-name">tearDown</span>
                <span class="method-start">1797433 ms</span>
              </div> <!-- configuration-method after -->
              <div class="configuration-method before">
                <span class="method-name">launchApplication(chrome)</span>
                <span class="method-start">1797512 ms</span>
              </div> <!-- configuration-method before -->
              <div class="test-method">
                <span class="method-name">myTest({Origin=china, RoomCount=1, Payment= CreditCard, UserName=tarun@tripgain.com, Email=abcd@tripgain.co...)</span>
                <span class="method-start">1799872 ms</span>
              </div> <!-- test-method -->
              <div class="configuration-method after">
                <span class="method-name">tearDown</span>
                <span class="method-start">1905408 ms</span>
              </div> <!-- configuration-method after -->
              <div class="configuration-method before">
                <span class="method-name">launchApplication(chrome)</span>
                <span class="method-start">1905472 ms</span>
              </div> <!-- configuration-method before -->
              <div class="test-method">
                <span class="method-name">myTest({Origin=Canada's Wonderland, RoomCount=1, Payment= DebitCard, UserName=tarun@tripgain.com, Email=abc...)</span>
                <span class="method-start">1907972 ms</span>
              </div> <!-- test-method -->
              <div class="configuration-method after">
                <span class="method-name">tearDown</span>
                <span class="method-start">2021578 ms</span>
              </div> <!-- configuration-method after -->
              <div class="configuration-method before">
                <span class="method-name">launchApplication(chrome)</span>
                <span class="method-start">2021641 ms</span>
              </div> <!-- configuration-method before -->
              <div class="test-method">
                <span class="method-name">myTest({Origin=dubai, RoomCount=1, Payment=Netbanking, UserName=tarun@tripgain.com, Email=abcd@tripgain.com...)</span>
                <span class="method-start">2024203 ms</span>
              </div> <!-- test-method -->
              <div class="configuration-method after">
                <span class="method-name">tearDown</span>
                <span class="method-start">2165514 ms</span>
              </div> <!-- configuration-method after -->
              <div class="configuration-method before">
                <span class="method-name">launchApplication(chrome)</span>
                <span class="method-start">2165593 ms</span>
              </div> <!-- configuration-method before -->
              <div class="test-method">
                <img src="failed.png">
                </img>
                <span class="method-name">myTest({Origin=japan, RoomCount=1, Payment=UPI, UserName=tarun@tripgain.com, Email=abcd@tripgain.com, TestR...)</span>
                <span class="method-start">2168130 ms</span>
              </div> <!-- test-method -->
              <div class="configuration-method after">
                <span class="method-name">tearDown</span>
                <span class="method-start">2235842 ms</span>
              </div> <!-- configuration-method after -->
              <div class="configuration-method before">
                <span class="method-name">launchApplication(chrome)</span>
                <span class="method-start">2236441 ms</span>
              </div> <!-- configuration-method before -->
              <div class="test-method">
                <img src="failed.png">
                </img>
                <span class="method-name">myTest({Origin=vietnam, RoomCount=1, Payment= CreditCard, UserName=tarun@tripgain.com, Email=abcd@tripgain....)</span>
                <span class="method-start">2238878 ms</span>
              </div> <!-- test-method -->
              <div class="configuration-method after">
                <span class="method-name">tearDown</span>
                <span class="method-start">2306901 ms</span>
              </div> <!-- configuration-method after -->
            </div> <!-- chronological-class -->
            <div class="chronological-class">
              <div class="chronological-class-name">SkyTravellers_Hotels.TCHO_3_verifyHotelsSearchwithStarRating</div> <!-- chronological-class-name -->
              <div class="configuration-method before">
                <span class="method-name">launchApplication(chrome)</span>
                <span class="method-start">2307502 ms</span>
              </div> <!-- configuration-method before -->
              <div class="test-method">
                <img src="failed.png">
                </img>
                <span class="method-name">myTest({Origin=mumbai, UserName=tarun@tripgain.com, Email=abcd@tripgain.com, ChildAge=6,7, URL=https://uaev...)</span>
                <span class="method-start">2309955 ms</span>
              </div> <!-- test-method -->
              <div class="configuration-method after">
                <span class="method-name">tearDown</span>
                <span class="method-start">2398311 ms</span>
              </div> <!-- configuration-method after -->
              <div class="configuration-method before">
                <span class="method-name">launchApplication(chrome)</span>
                <span class="method-start">2399145 ms</span>
              </div> <!-- configuration-method before -->
              <div class="test-method">
                <img src="failed.png">
                </img>
                <span class="method-name">myTest({Origin=germany, UserName=tarun@tripgain.com, Email=abcd@tripgain.com, ChildAge=5, URL=https://uaev2...)</span>
                <span class="method-start">2401598 ms</span>
              </div> <!-- test-method -->
              <div class="configuration-method after">
                <span class="method-name">tearDown</span>
                <span class="method-start">2463678 ms</span>
              </div> <!-- configuration-method after -->
              <div class="configuration-method before">
                <span class="method-name">launchApplication(chrome)</span>
                <span class="method-start">2464233 ms</span>
              </div> <!-- configuration-method before -->
              <div class="test-method">
                <span class="method-name">myTest({Origin=Pune, UserName=tarun@tripgain.com, Email=abcd@tripgain.com, ChildAge=5, URL=https://uaev2.sk...)</span>
                <span class="method-start">2466668 ms</span>
              </div> <!-- test-method -->
              <div class="configuration-method after">
                <span class="method-name">tearDown</span>
                <span class="method-start">2568957 ms</span>
              </div> <!-- configuration-method after -->
              <div class="configuration-method before">
                <span class="method-name">launchApplication(chrome)</span>
                <span class="method-start">2569000 ms</span>
              </div> <!-- configuration-method before -->
              <div class="test-method">
                <img src="failed.png">
                </img>
                <span class="method-name">myTest({Origin=chennai, UserName=tarun@tripgain.com, Email=abcd@tripgain.com, ChildAge=5, URL=https://uaev2...)</span>
                <span class="method-start">2571409 ms</span>
              </div> <!-- test-method -->
              <div class="configuration-method after">
                <span class="method-name">tearDown</span>
                <span class="method-start">2691929 ms</span>
              </div> <!-- configuration-method after -->
              <div class="configuration-method before">
                <span class="method-name">launchApplication(chrome)</span>
                <span class="method-start">2692581 ms</span>
              </div> <!-- configuration-method before -->
              <div class="test-method">
                <img src="failed.png">
                </img>
                <span class="method-name">myTest({Origin=Turkey, UserName=tarun@tripgain.com, Email=abcd@tripgain.com, ChildAge=5, URL=https://uaev2....)</span>
                <span class="method-start">2695139 ms</span>
              </div> <!-- test-method -->
              <div class="configuration-method after">
                <span class="method-name">tearDown</span>
                <span class="method-start">2779395 ms</span>
              </div> <!-- configuration-method after -->
              <div class="configuration-method before">
                <span class="method-name">launchApplication(chrome)</span>
                <span class="method-start">2780103 ms</span>
              </div> <!-- configuration-method before -->
              <div class="test-method">
                <img src="failed.png">
                </img>
                <span class="method-name">myTest({Origin=Germany park, UserName=tarun@tripgain.com, Email=abcd@tripgain.com, ChildAge=5, URL=https://...)</span>
                <span class="method-start">2782635 ms</span>
              </div> <!-- test-method -->
              <div class="configuration-method after">
                <span class="method-name">tearDown</span>
                <span class="method-start">2876492 ms</span>
              </div> <!-- configuration-method after -->
              <div class="configuration-method before">
                <span class="method-name">launchApplication(chrome)</span>
                <span class="method-start">2877285 ms</span>
              </div> <!-- configuration-method before -->
              <div class="test-method">
                <img src="failed.png">
                </img>
                <span class="method-name">myTest({Origin=maharashtra, UserName=tarun@tripgain.com, Email=abcd@tripgain.com, ChildAge=5, URL=https://u...)</span>
                <span class="method-start">2879860 ms</span>
              </div> <!-- test-method -->
              <div class="configuration-method after">
                <span class="method-name">tearDown</span>
                <span class="method-start">2941594 ms</span>
              </div> <!-- configuration-method after -->
              <div class="configuration-method before">
                <span class="method-name">launchApplication(chrome)</span>
                <span class="method-start">2942163 ms</span>
              </div> <!-- configuration-method before -->
              <div class="test-method">
                <span class="method-name">myTest({Origin=goa, UserName=tarun@tripgain.com, Email=abcd@tripgain.com, ChildAge=5, URL=https://uaev2.sky...)</span>
                <span class="method-start">2944620 ms</span>
              </div> <!-- test-method -->
              <div class="configuration-method after">
                <span class="method-name">tearDown</span>
                <span class="method-start">3046298 ms</span>
              </div> <!-- configuration-method after -->
              <div class="configuration-method before">
                <span class="method-name">launchApplication(chrome)</span>
                <span class="method-start">3046325 ms</span>
              </div> <!-- configuration-method before -->
              <div class="test-method">
                <span class="method-name">myTest({Origin=kerala, UserName=tarun@tripgain.com, Email=abcd@tripgain.com, ChildAge=5, URL=https://uaev2....)</span>
                <span class="method-start">3048639 ms</span>
              </div> <!-- test-method -->
              <div class="configuration-method after">
                <span class="method-name">tearDown</span>
                <span class="method-start">3144852 ms</span>
              </div> <!-- configuration-method after -->
              <div class="configuration-method before">
                <span class="method-name">launchApplication(chrome)</span>
                <span class="method-start">3144870 ms</span>
              </div> <!-- configuration-method before -->
              <div class="test-method">
                <span class="method-name">myTest({Origin=Tamil Nadu, UserName=tarun@tripgain.com, Email=abcd@tripgain.com, ChildAge=5, URL=https://ua...)</span>
                <span class="method-start">3147376 ms</span>
              </div> <!-- test-method -->
              <div class="configuration-method after">
                <span class="method-name">tearDown</span>
                <span class="method-start">3244628 ms</span>
              </div> <!-- configuration-method after -->
            </div> <!-- chronological-class -->
            <div class="chronological-class">
              <div class="chronological-class-name">SkyTravellers_Hotels.TCHO_4_verifyHotelsSearchwithFacilities</div> <!-- chronological-class-name -->
              <div class="configuration-method before">
                <span class="method-name">launchApplication(chrome)</span>
                <span class="method-start">3244739 ms</span>
              </div> <!-- configuration-method before -->
              <div class="test-method">
                <img src="failed.png">
                </img>
                <span class="method-name">myTest({Origin=Bihar, RoomCount=1, Payment= DebitCard, UserName=tarun@tripgain.com, Email=abcd@tripgain.com...)</span>
                <span class="method-start">3247108 ms</span>
              </div> <!-- test-method -->
              <div class="configuration-method after">
                <span class="method-name">tearDown</span>
                <span class="method-start">3339709 ms</span>
              </div> <!-- configuration-method after -->
              <div class="configuration-method before">
                <span class="method-name">launchApplication(chrome)</span>
                <span class="method-start">3340426 ms</span>
              </div> <!-- configuration-method before -->
              <div class="test-method">
                <img src="failed.png">
                </img>
                <span class="method-name">myTest({Origin=Mumbai, RoomCount=1, Payment= CreditCard, UserName=tarun@tripgain.com, Email=abcd@tripgain.c...)</span>
                <span class="method-start">3343060 ms</span>
              </div> <!-- test-method -->
              <div class="configuration-method after">
                <span class="method-name">tearDown</span>
                <span class="method-start">3437500 ms</span>
              </div> <!-- configuration-method after -->
              <div class="configuration-method before">
                <span class="method-name">launchApplication(chrome)</span>
                <span class="method-start">3438323 ms</span>
              </div> <!-- configuration-method before -->
              <div class="test-method">
                <span class="method-name">myTest({Origin=Pune, RoomCount=1, Payment= DebitCard, UserName=tarun@tripgain.com, Email=abcd@tripgain.com,...)</span>
                <span class="method-start">3440817 ms</span>
              </div> <!-- test-method -->
              <div class="configuration-method after">
                <span class="method-name">tearDown</span>
                <span class="method-start">3536857 ms</span>
              </div> <!-- configuration-method after -->
              <div class="configuration-method before">
                <span class="method-name">launchApplication(chrome)</span>
                <span class="method-start">3536904 ms</span>
              </div> <!-- configuration-method before -->
              <div class="test-method">
                <img src="failed.png">
                </img>
                <span class="method-name">myTest({Origin=chennai, RoomCount=1, Payment=Netbanking, UserName=tarun@tripgain.com, Email=abcd@tripgain.c...)</span>
                <span class="method-start">3539355 ms</span>
              </div> <!-- test-method -->
              <div class="configuration-method after">
                <span class="method-name">tearDown</span>
                <span class="method-start">3629111 ms</span>
              </div> <!-- configuration-method after -->
              <div class="configuration-method before">
                <span class="method-name">launchApplication(chrome)</span>
                <span class="method-start">3630508 ms</span>
              </div> <!-- configuration-method before -->
              <div class="test-method">
                <img src="failed.png">
                </img>
                <span class="method-name">myTest({Origin=Jharkhand, RoomCount=1, Payment=UPI, UserName=tarun@tripgain.com, Email=abcd@tripgain.com, T...)</span>
                <span class="method-start">3633128 ms</span>
              </div> <!-- test-method -->
              <div class="configuration-method after">
                <span class="method-name">tearDown</span>
                <span class="method-start">3725240 ms</span>
              </div> <!-- configuration-method after -->
              <div class="configuration-method before">
                <span class="method-name">launchApplication(chrome)</span>
                <span class="method-start">3725916 ms</span>
              </div> <!-- configuration-method before -->
              <div class="test-method">
                <span class="method-name">myTest({Origin=Malaysia, RoomCount=1, Payment= CreditCard, UserName=tarun@tripgain.com, Email=abcd@tripgain...)</span>
                <span class="method-start">3728543 ms</span>
              </div> <!-- test-method -->
              <div class="configuration-method after">
                <span class="method-name">tearDown</span>
                <span class="method-start">3850796 ms</span>
              </div> <!-- configuration-method after -->
              <div class="configuration-method before">
                <span class="method-name">launchApplication(chrome)</span>
                <span class="method-start">3850871 ms</span>
              </div> <!-- configuration-method before -->
              <div class="test-method">
                <img src="failed.png">
                </img>
                <span class="method-name">myTest({Origin=South Korea, RoomCount=1, Payment= DebitCard, UserName=tarun@tripgain.com, Email=abcd@tripga...)</span>
                <span class="method-start">3853379 ms</span>
              </div> <!-- test-method -->
              <div class="configuration-method after">
                <span class="method-name">tearDown</span>
                <span class="method-start">4028608 ms</span>
              </div> <!-- configuration-method after -->
              <div class="configuration-method before">
                <span class="method-name">launchApplication(chrome)</span>
                <span class="method-start">4029134 ms</span>
              </div> <!-- configuration-method before -->
              <div class="test-method">
                <img src="failed.png">
                </img>
                <span class="method-name">myTest({Origin=Sri lanka, RoomCount=1, Payment=Netbanking, UserName=tarun@tripgain.com, Email=abcd@tripgain...)</span>
                <span class="method-start">4031544 ms</span>
              </div> <!-- test-method -->
              <div class="configuration-method after">
                <span class="method-name">tearDown</span>
                <span class="method-start">4113832 ms</span>
              </div> <!-- configuration-method after -->
              <div class="configuration-method before">
                <span class="method-name">launchApplication(chrome)</span>
                <span class="method-start">4114479 ms</span>
              </div> <!-- configuration-method before -->
              <div class="test-method">
                <img src="failed.png">
                </img>
                <span class="method-name">myTest({Origin=Belgium, RoomCount=1, Payment=UPI, UserName=tarun@tripgain.com, Email=abcd@tripgain.com, Tes...)</span>
                <span class="method-start">4116857 ms</span>
              </div> <!-- test-method -->
              <div class="configuration-method after">
                <span class="method-name">tearDown</span>
                <span class="method-start">4206335 ms</span>
              </div> <!-- configuration-method after -->
              <div class="configuration-method before">
                <span class="method-name">launchApplication(chrome)</span>
                <span class="method-start">4206975 ms</span>
              </div> <!-- configuration-method before -->
              <div class="test-method">
                <span class="method-name">myTest({Origin=Israel, RoomCount=1, Payment= CreditCard, UserName=tarun@tripgain.com, Email=abcd@tripgain.c...)</span>
                <span class="method-start">4209634 ms</span>
              </div> <!-- test-method -->
              <div class="configuration-method after">
                <span class="method-name">tearDown</span>
                <span class="method-start">4310267 ms</span>
              </div> <!-- configuration-method after -->
          </div> <!-- main-panel-content rounded-window-bottom -->
        </div> <!-- panel -->
      </div> <!-- main-panel-root -->
    </div> <!-- wrapper -->
  </body>
<script type="text/javascript" src="testng-reports2.js"></script>
</html>
