<?xml version="1.0" encoding="UTF-8"?>
<testng-results ignored="0" total="40" passed="22" failed="18" skipped="0">
  <reporter-output>
  </reporter-output>
  <suite started-at="2025-08-26T11:34:22 IST" name="Suite" finished-at="2025-08-26T12:46:13 IST" duration-ms="4310989">
    <groups>
    </groups>
    <test started-at="2025-08-26T11:34:22 IST" name="test1" finished-at="2025-08-26T11:34:22 IST" duration-ms="8">
    </test> <!-- test1 -->
    <test started-at="2025-08-26T11:34:22 IST" name="test" finished-at="2025-08-26T12:46:13 IST" duration-ms="4310989">
      <class name="SkyTravellers_Hotels.TCHO_3_verifyHotelsSearchwithStarRating">
        <test-method is-config="true" signature="launchApplication(java.lang.String)[pri:0, instance:SkyTravellers_Hotels.TCHO_3_verifyHotelsSearchwithStarRating@55b0dcab]" started-at="2025-08-26T12:12:50 IST" name="launchApplication" finished-at="2025-08-26T12:12:53 IST" duration-ms="2453" status="PASS">
          <params>
            <param index="0">
              <value>
                <![CDATA[chrome]]>
              </value>
            </param>
          </params>
          <reporter-output>
          </reporter-output>
        </test-method> <!-- launchApplication -->
        <test-method signature="myTest(java.util.Map)[pri:0, instance:SkyTravellers_Hotels.TCHO_3_verifyHotelsSearchwithStarRating@55b0dcab]" started-at="2025-08-26T12:12:53 IST" name="myTest" data-provider="sheetBasedData" finished-at="2025-08-26T12:14:21 IST" duration-ms="88347" status="FAIL">
          <params>
            <param index="0">
              <value>
                <![CDATA[{Origin=mumbai, UserName=tarun@tripgain.com, Email=abcd@tripgain.com, ChildAge=6,7, URL=https://uaev2.skytravellers.com/login, RoomCount=2, Payment= DebitCard, TestRun=, AdultCount=1,2, ChildCount=1,1, Phno=7865432901, StarCount=4, Password=WXOlqr3282}]]>
              </value>
            </param>
          </params>
          <exception class="org.openqa.selenium.NoSuchElementException">
            <message>
              <![CDATA[no such element: Unable to locate element: {"method":"xpath","selector":"//*[@class='booking-review-page__body__booking-details_hotel-name']"}
  (Session info: chrome=139.0.7258.139)
For documentation on this error, please visit: https://www.selenium.dev/documentation/webdriver/troubleshooting/errors#no-such-element-exception
Build info: version: '4.29.0', revision: '5fc1ec94cb'
System info: os.name: 'Windows 11', os.arch: 'amd64', os.version: '10.0', java.version: '21.0.7'
Driver info: org.openqa.selenium.chrome.ChromeDriver
Command: [ddfdf4d4e1b701bc071a6eadc085c3bc, findElement {using=xpath, value=//*[@class='booking-review-page__body__booking-details_hotel-name']}]
Capabilities {acceptInsecureCerts: false, browserName: chrome, browserVersion: 139.0.7258.139, chrome: {chromedriverVersion: 139.0.7258.138 (884e54ea8d4..., userDataDir: C:\Users\LENOVO\AppData\Loc...}, fedcm:accounts: true, goog:chromeOptions: {debuggerAddress: localhost:58969}, networkConnectionEnabled: false, pageLoadStrategy: normal, platformName: windows, proxy: Proxy(), se:cdp: ws://localhost:58969/devtoo..., se:cdpVersion: 139.0.7258.139, setWindowRect: true, strictFileInteractability: false, timeouts: {implicit: 0, pageLoad: 300000, script: 30000}, unhandledPromptBehavior: dismiss and notify, webauthn:extension:credBlob: true, webauthn:extension:largeBlob: true, webauthn:extension:minPinLength: true, webauthn:extension:prf: true, webauthn:virtualAuthenticators: true}
Session ID: ddfdf4d4e1b701bc071a6eadc085c3bc]]>
            </message>
            <full-stacktrace>
              <![CDATA[org.openqa.selenium.NoSuchElementException: no such element: Unable to locate element: {"method":"xpath","selector":"//*[@class='booking-review-page__body__booking-details_hotel-name']"}
  (Session info: chrome=139.0.7258.139)
For documentation on this error, please visit: https://www.selenium.dev/documentation/webdriver/troubleshooting/errors#no-such-element-exception
Build info: version: '4.29.0', revision: '5fc1ec94cb'
System info: os.name: 'Windows 11', os.arch: 'amd64', os.version: '10.0', java.version: '21.0.7'
Driver info: org.openqa.selenium.chrome.ChromeDriver
Command: [ddfdf4d4e1b701bc071a6eadc085c3bc, findElement {using=xpath, value=//*[@class='booking-review-page__body__booking-details_hotel-name']}]
Capabilities {acceptInsecureCerts: false, browserName: chrome, browserVersion: 139.0.7258.139, chrome: {chromedriverVersion: 139.0.7258.138 (884e54ea8d4..., userDataDir: C:\Users\LENOVO\AppData\Loc...}, fedcm:accounts: true, goog:chromeOptions: {debuggerAddress: localhost:58969}, networkConnectionEnabled: false, pageLoadStrategy: normal, platformName: windows, proxy: Proxy(), se:cdp: ws://localhost:58969/devtoo..., se:cdpVersion: 139.0.7258.139, setWindowRect: true, strictFileInteractability: false, timeouts: {implicit: 0, pageLoad: 300000, script: 30000}, unhandledPromptBehavior: dismiss and notify, webauthn:extension:credBlob: true, webauthn:extension:largeBlob: true, webauthn:extension:minPinLength: true, webauthn:extension:prf: true, webauthn:virtualAuthenticators: true}
Session ID: ddfdf4d4e1b701bc071a6eadc085c3bc
at java.base/jdk.internal.reflect.DirectConstructorHandleAccessor.newInstance(DirectConstructorHandleAccessor.java:62)
at java.base/java.lang.reflect.Constructor.newInstanceWithCaller(Constructor.java:502)
at java.base/java.lang.reflect.Constructor.newInstance(Constructor.java:486)
at org.openqa.selenium.remote.ErrorCodec.decode(ErrorCodec.java:167)
at org.openqa.selenium.remote.codec.w3c.W3CHttpResponseCodec.decode(W3CHttpResponseCodec.java:138)
at org.openqa.selenium.remote.codec.w3c.W3CHttpResponseCodec.decode(W3CHttpResponseCodec.java:50)
at org.openqa.selenium.remote.HttpCommandExecutor.execute(HttpCommandExecutor.java:215)
at org.openqa.selenium.remote.service.DriverCommandExecutor.invokeExecute(DriverCommandExecutor.java:216)
at org.openqa.selenium.remote.service.DriverCommandExecutor.execute(DriverCommandExecutor.java:174)
at org.openqa.selenium.remote.RemoteWebDriver.execute(RemoteWebDriver.java:545)
at org.openqa.selenium.remote.ElementLocation$ElementFinder$2.findElement(ElementLocation.java:165)
at org.openqa.selenium.remote.ElementLocation.findElement(ElementLocation.java:59)
at org.openqa.selenium.remote.RemoteWebDriver.findElement(RemoteWebDriver.java:368)
at org.openqa.selenium.remote.RemoteWebDriver.findElement(RemoteWebDriver.java:362)
at com.tripgain.collectionofpages.SkyTravelers_Hotels_BookingPage.getHotelNameFromBookingPage(SkyTravelers_Hotels_BookingPage.java:42)
at SkyTravellers_Hotels.TCHO_3_verifyHotelsSearchwithStarRating.myTest(TCHO_3_verifyHotelsSearchwithStarRating.java:178)
at java.base/jdk.internal.reflect.DirectMethodHandleAccessor.invoke(DirectMethodHandleAccessor.java:103)
at java.base/java.lang.reflect.Method.invoke(Method.java:580)
at org.testng.internal.invokers.MethodInvocationHelper.invokeMethod(MethodInvocationHelper.java:141)
at org.testng.internal.invokers.TestInvoker.invokeMethod(TestInvoker.java:687)
at org.testng.internal.invokers.TestInvoker.invokeTestMethod(TestInvoker.java:230)
at org.testng.internal.invokers.MethodRunner.runInSequence(MethodRunner.java:63)
at org.testng.internal.invokers.TestInvoker$MethodInvocationAgent.invoke(TestInvoker.java:995)
at org.testng.internal.invokers.TestInvoker.invokeTestMethods(TestInvoker.java:203)
at org.testng.internal.invokers.TestMethodWorker.invokeTestMethods(TestMethodWorker.java:154)
at org.testng.internal.invokers.TestMethodWorker.run(TestMethodWorker.java:134)
at java.base/java.util.ArrayList.forEach(ArrayList.java:1596)
at org.testng.TestRunner.privateRun(TestRunner.java:741)
at org.testng.TestRunner.run(TestRunner.java:616)
at org.testng.SuiteRunner.runTest(SuiteRunner.java:421)
at org.testng.SuiteRunner$SuiteWorker.run(SuiteRunner.java:463)
at org.testng.internal.thread.ThreadUtil.lambda$execute$0(ThreadUtil.java:64)
at java.base/java.util.concurrent.FutureTask.run(FutureTask.java:317)
at java.base/java.util.concurrent.ThreadPoolExecutor.runWorker(ThreadPoolExecutor.java:1144)
at java.base/java.util.concurrent.ThreadPoolExecutor$Worker.run(ThreadPoolExecutor.java:642)
at java.base/java.lang.Thread.run(Thread.java:1583)
]]>
            </full-stacktrace>
          </exception> <!-- org.openqa.selenium.NoSuchElementException -->
          <reporter-output>
          </reporter-output>
        </test-method> <!-- myTest -->
        <test-method is-config="true" signature="tearDown()[pri:0, instance:SkyTravellers_Hotels.TCHO_3_verifyHotelsSearchwithStarRating@55b0dcab]" started-at="2025-08-26T12:14:21 IST" name="tearDown" finished-at="2025-08-26T12:14:22 IST" duration-ms="834" status="PASS">
          <reporter-output>
          </reporter-output>
        </test-method> <!-- tearDown -->
        <test-method is-config="true" signature="launchApplication(java.lang.String)[pri:0, instance:SkyTravellers_Hotels.TCHO_3_verifyHotelsSearchwithStarRating@55b0dcab]" started-at="2025-08-26T12:14:22 IST" name="launchApplication" finished-at="2025-08-26T12:14:24 IST" duration-ms="2452" status="PASS">
          <params>
            <param index="0">
              <value>
                <![CDATA[chrome]]>
              </value>
            </param>
          </params>
          <reporter-output>
          </reporter-output>
        </test-method> <!-- launchApplication -->
        <test-method signature="myTest(java.util.Map)[pri:0, instance:SkyTravellers_Hotels.TCHO_3_verifyHotelsSearchwithStarRating@55b0dcab]" started-at="2025-08-26T12:14:24 IST" name="myTest" data-provider="sheetBasedData" finished-at="2025-08-26T12:15:26 IST" duration-ms="62064" status="FAIL">
          <params>
            <param index="0">
              <value>
                <![CDATA[{Origin=germany, UserName=tarun@tripgain.com, Email=abcd@tripgain.com, ChildAge=5, URL=https://uaev2.skytravellers.com/login, RoomCount=1, Payment= CreditCard, TestRun=, AdultCount=1, ChildCount=1, Phno=9876544321, StarCount=1, Password=WXOlqr3283}]]>
              </value>
            </param>
          </params>
          <exception class="org.openqa.selenium.NoSuchElementException">
            <message>
              <![CDATA[no such element: Unable to locate element: {"method":"xpath","selector":".//span[@class='hotel-card__body__header_hotel-location']"}
  (Session info: chrome=139.0.7258.139)
For documentation on this error, please visit: https://www.selenium.dev/documentation/webdriver/troubleshooting/errors#no-such-element-exception
Build info: version: '4.29.0', revision: '5fc1ec94cb'
System info: os.name: 'Windows 11', os.arch: 'amd64', os.version: '10.0', java.version: '21.0.7'
Driver info: org.openqa.selenium.chrome.ChromeDriver
Command: [9809a6ebcdcce252dd4540812366a407, findElement {using=xpath, value=.//span[@class='hotel-card__body__header_hotel-location']}]
Capabilities {acceptInsecureCerts: false, browserName: chrome, browserVersion: 139.0.7258.139, chrome: {chromedriverVersion: 139.0.7258.138 (884e54ea8d4..., userDataDir: C:\Users\LENOVO\AppData\Loc...}, fedcm:accounts: true, goog:chromeOptions: {debuggerAddress: localhost:61885}, networkConnectionEnabled: false, pageLoadStrategy: normal, platformName: windows, proxy: Proxy(), se:cdp: ws://localhost:61885/devtoo..., se:cdpVersion: 139.0.7258.139, setWindowRect: true, strictFileInteractability: false, timeouts: {implicit: 0, pageLoad: 300000, script: 30000}, unhandledPromptBehavior: dismiss and notify, webauthn:extension:credBlob: true, webauthn:extension:largeBlob: true, webauthn:extension:minPinLength: true, webauthn:extension:prf: true, webauthn:virtualAuthenticators: true}
Session ID: 9809a6ebcdcce252dd4540812366a407]]>
            </message>
            <full-stacktrace>
              <![CDATA[org.openqa.selenium.NoSuchElementException: no such element: Unable to locate element: {"method":"xpath","selector":".//span[@class='hotel-card__body__header_hotel-location']"}
  (Session info: chrome=139.0.7258.139)
For documentation on this error, please visit: https://www.selenium.dev/documentation/webdriver/troubleshooting/errors#no-such-element-exception
Build info: version: '4.29.0', revision: '5fc1ec94cb'
System info: os.name: 'Windows 11', os.arch: 'amd64', os.version: '10.0', java.version: '21.0.7'
Driver info: org.openqa.selenium.chrome.ChromeDriver
Command: [9809a6ebcdcce252dd4540812366a407, findElement {using=xpath, value=.//span[@class='hotel-card__body__header_hotel-location']}]
Capabilities {acceptInsecureCerts: false, browserName: chrome, browserVersion: 139.0.7258.139, chrome: {chromedriverVersion: 139.0.7258.138 (884e54ea8d4..., userDataDir: C:\Users\LENOVO\AppData\Loc...}, fedcm:accounts: true, goog:chromeOptions: {debuggerAddress: localhost:61885}, networkConnectionEnabled: false, pageLoadStrategy: normal, platformName: windows, proxy: Proxy(), se:cdp: ws://localhost:61885/devtoo..., se:cdpVersion: 139.0.7258.139, setWindowRect: true, strictFileInteractability: false, timeouts: {implicit: 0, pageLoad: 300000, script: 30000}, unhandledPromptBehavior: dismiss and notify, webauthn:extension:credBlob: true, webauthn:extension:largeBlob: true, webauthn:extension:minPinLength: true, webauthn:extension:prf: true, webauthn:virtualAuthenticators: true}
Session ID: 9809a6ebcdcce252dd4540812366a407
at java.base/jdk.internal.reflect.DirectConstructorHandleAccessor.newInstance(DirectConstructorHandleAccessor.java:62)
at java.base/java.lang.reflect.Constructor.newInstanceWithCaller(Constructor.java:502)
at java.base/java.lang.reflect.Constructor.newInstance(Constructor.java:486)
at org.openqa.selenium.remote.ErrorCodec.decode(ErrorCodec.java:167)
at org.openqa.selenium.remote.codec.w3c.W3CHttpResponseCodec.decode(W3CHttpResponseCodec.java:138)
at org.openqa.selenium.remote.codec.w3c.W3CHttpResponseCodec.decode(W3CHttpResponseCodec.java:50)
at org.openqa.selenium.remote.HttpCommandExecutor.execute(HttpCommandExecutor.java:215)
at org.openqa.selenium.remote.service.DriverCommandExecutor.invokeExecute(DriverCommandExecutor.java:216)
at org.openqa.selenium.remote.service.DriverCommandExecutor.execute(DriverCommandExecutor.java:174)
at org.openqa.selenium.remote.RemoteWebDriver.execute(RemoteWebDriver.java:545)
at org.openqa.selenium.remote.ElementLocation$ElementFinder$2.findElement(ElementLocation.java:165)
at org.openqa.selenium.remote.ElementLocation.findElement(ElementLocation.java:59)
at org.openqa.selenium.remote.RemoteWebDriver.findElement(RemoteWebDriver.java:368)
at org.openqa.selenium.remote.RemoteWebDriver.findElement(RemoteWebDriver.java:362)
at com.tripgain.collectionofpages.SkyTravelers_Hotels_SearchPage.getHotelLocationFromCardFromResultsPage(SkyTravelers_Hotels_SearchPage.java:733)
at SkyTravellers_Hotels.TCHO_3_verifyHotelsSearchwithStarRating.myTest(TCHO_3_verifyHotelsSearchwithStarRating.java:123)
at java.base/jdk.internal.reflect.DirectMethodHandleAccessor.invoke(DirectMethodHandleAccessor.java:103)
at java.base/java.lang.reflect.Method.invoke(Method.java:580)
at org.testng.internal.invokers.MethodInvocationHelper.invokeMethod(MethodInvocationHelper.java:141)
at org.testng.internal.invokers.TestInvoker.invokeMethod(TestInvoker.java:687)
at org.testng.internal.invokers.TestInvoker.invokeTestMethod(TestInvoker.java:230)
at org.testng.internal.invokers.MethodRunner.runInSequence(MethodRunner.java:63)
at org.testng.internal.invokers.TestInvoker$MethodInvocationAgent.invoke(TestInvoker.java:995)
at org.testng.internal.invokers.TestInvoker.invokeTestMethods(TestInvoker.java:203)
at org.testng.internal.invokers.TestMethodWorker.invokeTestMethods(TestMethodWorker.java:154)
at org.testng.internal.invokers.TestMethodWorker.run(TestMethodWorker.java:134)
at java.base/java.util.ArrayList.forEach(ArrayList.java:1596)
at org.testng.TestRunner.privateRun(TestRunner.java:741)
at org.testng.TestRunner.run(TestRunner.java:616)
at org.testng.SuiteRunner.runTest(SuiteRunner.java:421)
at org.testng.SuiteRunner$SuiteWorker.run(SuiteRunner.java:463)
at org.testng.internal.thread.ThreadUtil.lambda$execute$0(ThreadUtil.java:64)
at java.base/java.util.concurrent.FutureTask.run(FutureTask.java:317)
at java.base/java.util.concurrent.ThreadPoolExecutor.runWorker(ThreadPoolExecutor.java:1144)
at java.base/java.util.concurrent.ThreadPoolExecutor$Worker.run(ThreadPoolExecutor.java:642)
at java.base/java.lang.Thread.run(Thread.java:1583)
]]>
            </full-stacktrace>
          </exception> <!-- org.openqa.selenium.NoSuchElementException -->
          <reporter-output>
          </reporter-output>
        </test-method> <!-- myTest -->
        <test-method is-config="true" signature="tearDown()[pri:0, instance:SkyTravellers_Hotels.TCHO_3_verifyHotelsSearchwithStarRating@55b0dcab]" started-at="2025-08-26T12:15:26 IST" name="tearDown" finished-at="2025-08-26T12:15:27 IST" duration-ms="555" status="PASS">
          <reporter-output>
          </reporter-output>
        </test-method> <!-- tearDown -->
        <test-method is-config="true" signature="launchApplication(java.lang.String)[pri:0, instance:SkyTravellers_Hotels.TCHO_3_verifyHotelsSearchwithStarRating@55b0dcab]" started-at="2025-08-26T12:15:27 IST" name="launchApplication" finished-at="2025-08-26T12:15:29 IST" duration-ms="2435" status="PASS">
          <params>
            <param index="0">
              <value>
                <![CDATA[chrome]]>
              </value>
            </param>
          </params>
          <reporter-output>
          </reporter-output>
        </test-method> <!-- launchApplication -->
        <test-method signature="myTest(java.util.Map)[pri:0, instance:SkyTravellers_Hotels.TCHO_3_verifyHotelsSearchwithStarRating@55b0dcab]" started-at="2025-08-26T12:15:29 IST" name="myTest" data-provider="sheetBasedData" finished-at="2025-08-26T12:17:12 IST" duration-ms="102284" status="PASS">
          <params>
            <param index="0">
              <value>
                <![CDATA[{Origin=Pune, UserName=tarun@tripgain.com, Email=abcd@tripgain.com, ChildAge=5, URL=https://uaev2.skytravellers.com/login, RoomCount=1, Payment= DebitCard, TestRun=, AdultCount=1, ChildCount=1, Phno=9876545678, StarCount=2, Password=WXOlqr3284}]]>
              </value>
            </param>
          </params>
          <reporter-output>
          </reporter-output>
        </test-method> <!-- myTest -->
        <test-method is-config="true" signature="tearDown()[pri:0, instance:SkyTravellers_Hotels.TCHO_3_verifyHotelsSearchwithStarRating@55b0dcab]" started-at="2025-08-26T12:17:12 IST" name="tearDown" finished-at="2025-08-26T12:17:12 IST" duration-ms="43" status="PASS">
          <reporter-output>
          </reporter-output>
        </test-method> <!-- tearDown -->
        <test-method is-config="true" signature="launchApplication(java.lang.String)[pri:0, instance:SkyTravellers_Hotels.TCHO_3_verifyHotelsSearchwithStarRating@55b0dcab]" started-at="2025-08-26T12:17:12 IST" name="launchApplication" finished-at="2025-08-26T12:17:14 IST" duration-ms="2409" status="PASS">
          <params>
            <param index="0">
              <value>
                <![CDATA[chrome]]>
              </value>
            </param>
          </params>
          <reporter-output>
          </reporter-output>
        </test-method> <!-- launchApplication -->
        <test-method signature="myTest(java.util.Map)[pri:0, instance:SkyTravellers_Hotels.TCHO_3_verifyHotelsSearchwithStarRating@55b0dcab]" started-at="2025-08-26T12:17:14 IST" name="myTest" data-provider="sheetBasedData" finished-at="2025-08-26T12:19:15 IST" duration-ms="120519" status="FAIL">
          <params>
            <param index="0">
              <value>
                <![CDATA[{Origin=chennai, UserName=tarun@tripgain.com, Email=abcd@tripgain.com, ChildAge=5, URL=https://uaev2.skytravellers.com/login, RoomCount=1, Payment=Netbanking, TestRun=, AdultCount=1, ChildCount=1, Phno=9876543212, StarCount=3, Password=WXOlqr3285}]]>
              </value>
            </param>
          </params>
          <exception class="org.openqa.selenium.NoSuchElementException">
            <message>
              <![CDATA[no such element: Unable to locate element: {"method":"xpath","selector":"//span[text()='Billing Information']"}
  (Session info: chrome=139.0.7258.139)
For documentation on this error, please visit: https://www.selenium.dev/documentation/webdriver/troubleshooting/errors#no-such-element-exception
Build info: version: '4.29.0', revision: '5fc1ec94cb'
System info: os.name: 'Windows 11', os.arch: 'amd64', os.version: '10.0', java.version: '21.0.7'
Driver info: org.openqa.selenium.chrome.ChromeDriver
Command: [161ff509a156c7f5ed40183df1e62fd5, findElement {using=xpath, value=//span[text()='Billing Information']}]
Capabilities {acceptInsecureCerts: false, browserName: chrome, browserVersion: 139.0.7258.139, chrome: {chromedriverVersion: 139.0.7258.138 (884e54ea8d4..., userDataDir: C:\Users\LENOVO\AppData\Loc...}, fedcm:accounts: true, goog:chromeOptions: {debuggerAddress: localhost:62002}, networkConnectionEnabled: false, pageLoadStrategy: normal, platformName: windows, proxy: Proxy(), se:cdp: ws://localhost:62002/devtoo..., se:cdpVersion: 139.0.7258.139, setWindowRect: true, strictFileInteractability: false, timeouts: {implicit: 0, pageLoad: 300000, script: 30000}, unhandledPromptBehavior: dismiss and notify, webauthn:extension:credBlob: true, webauthn:extension:largeBlob: true, webauthn:extension:minPinLength: true, webauthn:extension:prf: true, webauthn:virtualAuthenticators: true}
Session ID: 161ff509a156c7f5ed40183df1e62fd5]]>
            </message>
            <full-stacktrace>
              <![CDATA[org.openqa.selenium.NoSuchElementException: no such element: Unable to locate element: {"method":"xpath","selector":"//span[text()='Billing Information']"}
  (Session info: chrome=139.0.7258.139)
For documentation on this error, please visit: https://www.selenium.dev/documentation/webdriver/troubleshooting/errors#no-such-element-exception
Build info: version: '4.29.0', revision: '5fc1ec94cb'
System info: os.name: 'Windows 11', os.arch: 'amd64', os.version: '10.0', java.version: '21.0.7'
Driver info: org.openqa.selenium.chrome.ChromeDriver
Command: [161ff509a156c7f5ed40183df1e62fd5, findElement {using=xpath, value=//span[text()='Billing Information']}]
Capabilities {acceptInsecureCerts: false, browserName: chrome, browserVersion: 139.0.7258.139, chrome: {chromedriverVersion: 139.0.7258.138 (884e54ea8d4..., userDataDir: C:\Users\LENOVO\AppData\Loc...}, fedcm:accounts: true, goog:chromeOptions: {debuggerAddress: localhost:62002}, networkConnectionEnabled: false, pageLoadStrategy: normal, platformName: windows, proxy: Proxy(), se:cdp: ws://localhost:62002/devtoo..., se:cdpVersion: 139.0.7258.139, setWindowRect: true, strictFileInteractability: false, timeouts: {implicit: 0, pageLoad: 300000, script: 30000}, unhandledPromptBehavior: dismiss and notify, webauthn:extension:credBlob: true, webauthn:extension:largeBlob: true, webauthn:extension:minPinLength: true, webauthn:extension:prf: true, webauthn:virtualAuthenticators: true}
Session ID: 161ff509a156c7f5ed40183df1e62fd5
at java.base/jdk.internal.reflect.DirectConstructorHandleAccessor.newInstance(DirectConstructorHandleAccessor.java:62)
at java.base/java.lang.reflect.Constructor.newInstanceWithCaller(Constructor.java:502)
at java.base/java.lang.reflect.Constructor.newInstance(Constructor.java:486)
at org.openqa.selenium.remote.ErrorCodec.decode(ErrorCodec.java:167)
at org.openqa.selenium.remote.codec.w3c.W3CHttpResponseCodec.decode(W3CHttpResponseCodec.java:138)
at org.openqa.selenium.remote.codec.w3c.W3CHttpResponseCodec.decode(W3CHttpResponseCodec.java:50)
at org.openqa.selenium.remote.HttpCommandExecutor.execute(HttpCommandExecutor.java:215)
at org.openqa.selenium.remote.service.DriverCommandExecutor.invokeExecute(DriverCommandExecutor.java:216)
at org.openqa.selenium.remote.service.DriverCommandExecutor.execute(DriverCommandExecutor.java:174)
at org.openqa.selenium.remote.RemoteWebDriver.execute(RemoteWebDriver.java:545)
at org.openqa.selenium.remote.ElementLocation$ElementFinder$2.findElement(ElementLocation.java:165)
at org.openqa.selenium.remote.ElementLocation.findElement(ElementLocation.java:59)
at org.openqa.selenium.remote.RemoteWebDriver.findElement(RemoteWebDriver.java:368)
at org.openqa.selenium.remote.RemoteWebDriver.findElement(RemoteWebDriver.java:362)
at com.tripgain.collectionofpages.SkyTravelers_Hotels_confirmBookingPage.validateBillingInformationDisplayed(SkyTravelers_Hotels_confirmBookingPage.java:391)
at SkyTravellers_Hotels.TCHO_3_verifyHotelsSearchwithStarRating.myTest(TCHO_3_verifyHotelsSearchwithStarRating.java:243)
at java.base/jdk.internal.reflect.DirectMethodHandleAccessor.invoke(DirectMethodHandleAccessor.java:103)
at java.base/java.lang.reflect.Method.invoke(Method.java:580)
at org.testng.internal.invokers.MethodInvocationHelper.invokeMethod(MethodInvocationHelper.java:141)
at org.testng.internal.invokers.TestInvoker.invokeMethod(TestInvoker.java:687)
at org.testng.internal.invokers.TestInvoker.invokeTestMethod(TestInvoker.java:230)
at org.testng.internal.invokers.MethodRunner.runInSequence(MethodRunner.java:63)
at org.testng.internal.invokers.TestInvoker$MethodInvocationAgent.invoke(TestInvoker.java:995)
at org.testng.internal.invokers.TestInvoker.invokeTestMethods(TestInvoker.java:203)
at org.testng.internal.invokers.TestMethodWorker.invokeTestMethods(TestMethodWorker.java:154)
at org.testng.internal.invokers.TestMethodWorker.run(TestMethodWorker.java:134)
at java.base/java.util.ArrayList.forEach(ArrayList.java:1596)
at org.testng.TestRunner.privateRun(TestRunner.java:741)
at org.testng.TestRunner.run(TestRunner.java:616)
at org.testng.SuiteRunner.runTest(SuiteRunner.java:421)
at org.testng.SuiteRunner$SuiteWorker.run(SuiteRunner.java:463)
at org.testng.internal.thread.ThreadUtil.lambda$execute$0(ThreadUtil.java:64)
at java.base/java.util.concurrent.FutureTask.run(FutureTask.java:317)
at java.base/java.util.concurrent.ThreadPoolExecutor.runWorker(ThreadPoolExecutor.java:1144)
at java.base/java.util.concurrent.ThreadPoolExecutor$Worker.run(ThreadPoolExecutor.java:642)
at java.base/java.lang.Thread.run(Thread.java:1583)
]]>
            </full-stacktrace>
          </exception> <!-- org.openqa.selenium.NoSuchElementException -->
          <reporter-output>
          </reporter-output>
        </test-method> <!-- myTest -->
        <test-method is-config="true" signature="tearDown()[pri:0, instance:SkyTravellers_Hotels.TCHO_3_verifyHotelsSearchwithStarRating@55b0dcab]" started-at="2025-08-26T12:19:15 IST" name="tearDown" finished-at="2025-08-26T12:19:15 IST" duration-ms="652" status="PASS">
          <reporter-output>
          </reporter-output>
        </test-method> <!-- tearDown -->
        <test-method is-config="true" signature="launchApplication(java.lang.String)[pri:0, instance:SkyTravellers_Hotels.TCHO_3_verifyHotelsSearchwithStarRating@55b0dcab]" started-at="2025-08-26T12:19:15 IST" name="launchApplication" finished-at="2025-08-26T12:19:18 IST" duration-ms="2558" status="PASS">
          <params>
            <param index="0">
              <value>
                <![CDATA[chrome]]>
              </value>
            </param>
          </params>
          <reporter-output>
          </reporter-output>
        </test-method> <!-- launchApplication -->
        <test-method signature="myTest(java.util.Map)[pri:0, instance:SkyTravellers_Hotels.TCHO_3_verifyHotelsSearchwithStarRating@55b0dcab]" started-at="2025-08-26T12:19:18 IST" name="myTest" data-provider="sheetBasedData" finished-at="2025-08-26T12:20:42 IST" duration-ms="84251" status="FAIL">
          <params>
            <param index="0">
              <value>
                <![CDATA[{Origin=Turkey, UserName=tarun@tripgain.com, Email=abcd@tripgain.com, ChildAge=5, URL=https://uaev2.skytravellers.com/login, RoomCount=1, Payment=UPI, TestRun=, AdultCount=1, ChildCount=1, Phno=98076534222, StarCount=4, Password=WXOlqr3286}]]>
              </value>
            </param>
          </params>
          <exception class="org.openqa.selenium.NoSuchElementException">
            <message>
              <![CDATA[no such element: Unable to locate element: {"method":"xpath","selector":"//*[@class='booking-review-page__body__booking-details_hotel-name']"}
  (Session info: chrome=139.0.7258.139)
For documentation on this error, please visit: https://www.selenium.dev/documentation/webdriver/troubleshooting/errors#no-such-element-exception
Build info: version: '4.29.0', revision: '5fc1ec94cb'
System info: os.name: 'Windows 11', os.arch: 'amd64', os.version: '10.0', java.version: '21.0.7'
Driver info: org.openqa.selenium.chrome.ChromeDriver
Command: [770519e6b9eb5809194aedd352cb5bad, findElement {using=xpath, value=//*[@class='booking-review-page__body__booking-details_hotel-name']}]
Capabilities {acceptInsecureCerts: false, browserName: chrome, browserVersion: 139.0.7258.139, chrome: {chromedriverVersion: 139.0.7258.138 (884e54ea8d4..., userDataDir: C:\Users\LENOVO\AppData\Loc...}, fedcm:accounts: true, goog:chromeOptions: {debuggerAddress: localhost:52340}, networkConnectionEnabled: false, pageLoadStrategy: normal, platformName: windows, proxy: Proxy(), se:cdp: ws://localhost:52340/devtoo..., se:cdpVersion: 139.0.7258.139, setWindowRect: true, strictFileInteractability: false, timeouts: {implicit: 0, pageLoad: 300000, script: 30000}, unhandledPromptBehavior: dismiss and notify, webauthn:extension:credBlob: true, webauthn:extension:largeBlob: true, webauthn:extension:minPinLength: true, webauthn:extension:prf: true, webauthn:virtualAuthenticators: true}
Session ID: 770519e6b9eb5809194aedd352cb5bad]]>
            </message>
            <full-stacktrace>
              <![CDATA[org.openqa.selenium.NoSuchElementException: no such element: Unable to locate element: {"method":"xpath","selector":"//*[@class='booking-review-page__body__booking-details_hotel-name']"}
  (Session info: chrome=139.0.7258.139)
For documentation on this error, please visit: https://www.selenium.dev/documentation/webdriver/troubleshooting/errors#no-such-element-exception
Build info: version: '4.29.0', revision: '5fc1ec94cb'
System info: os.name: 'Windows 11', os.arch: 'amd64', os.version: '10.0', java.version: '21.0.7'
Driver info: org.openqa.selenium.chrome.ChromeDriver
Command: [770519e6b9eb5809194aedd352cb5bad, findElement {using=xpath, value=//*[@class='booking-review-page__body__booking-details_hotel-name']}]
Capabilities {acceptInsecureCerts: false, browserName: chrome, browserVersion: 139.0.7258.139, chrome: {chromedriverVersion: 139.0.7258.138 (884e54ea8d4..., userDataDir: C:\Users\LENOVO\AppData\Loc...}, fedcm:accounts: true, goog:chromeOptions: {debuggerAddress: localhost:52340}, networkConnectionEnabled: false, pageLoadStrategy: normal, platformName: windows, proxy: Proxy(), se:cdp: ws://localhost:52340/devtoo..., se:cdpVersion: 139.0.7258.139, setWindowRect: true, strictFileInteractability: false, timeouts: {implicit: 0, pageLoad: 300000, script: 30000}, unhandledPromptBehavior: dismiss and notify, webauthn:extension:credBlob: true, webauthn:extension:largeBlob: true, webauthn:extension:minPinLength: true, webauthn:extension:prf: true, webauthn:virtualAuthenticators: true}
Session ID: 770519e6b9eb5809194aedd352cb5bad
at java.base/jdk.internal.reflect.DirectConstructorHandleAccessor.newInstance(DirectConstructorHandleAccessor.java:62)
at java.base/java.lang.reflect.Constructor.newInstanceWithCaller(Constructor.java:502)
at java.base/java.lang.reflect.Constructor.newInstance(Constructor.java:486)
at org.openqa.selenium.remote.ErrorCodec.decode(ErrorCodec.java:167)
at org.openqa.selenium.remote.codec.w3c.W3CHttpResponseCodec.decode(W3CHttpResponseCodec.java:138)
at org.openqa.selenium.remote.codec.w3c.W3CHttpResponseCodec.decode(W3CHttpResponseCodec.java:50)
at org.openqa.selenium.remote.HttpCommandExecutor.execute(HttpCommandExecutor.java:215)
at org.openqa.selenium.remote.service.DriverCommandExecutor.invokeExecute(DriverCommandExecutor.java:216)
at org.openqa.selenium.remote.service.DriverCommandExecutor.execute(DriverCommandExecutor.java:174)
at org.openqa.selenium.remote.RemoteWebDriver.execute(RemoteWebDriver.java:545)
at org.openqa.selenium.remote.ElementLocation$ElementFinder$2.findElement(ElementLocation.java:165)
at org.openqa.selenium.remote.ElementLocation.findElement(ElementLocation.java:59)
at org.openqa.selenium.remote.RemoteWebDriver.findElement(RemoteWebDriver.java:368)
at org.openqa.selenium.remote.RemoteWebDriver.findElement(RemoteWebDriver.java:362)
at com.tripgain.collectionofpages.SkyTravelers_Hotels_BookingPage.getHotelNameFromBookingPage(SkyTravelers_Hotels_BookingPage.java:42)
at SkyTravellers_Hotels.TCHO_3_verifyHotelsSearchwithStarRating.myTest(TCHO_3_verifyHotelsSearchwithStarRating.java:178)
at java.base/jdk.internal.reflect.DirectMethodHandleAccessor.invoke(DirectMethodHandleAccessor.java:103)
at java.base/java.lang.reflect.Method.invoke(Method.java:580)
at org.testng.internal.invokers.MethodInvocationHelper.invokeMethod(MethodInvocationHelper.java:141)
at org.testng.internal.invokers.TestInvoker.invokeMethod(TestInvoker.java:687)
at org.testng.internal.invokers.TestInvoker.invokeTestMethod(TestInvoker.java:230)
at org.testng.internal.invokers.MethodRunner.runInSequence(MethodRunner.java:63)
at org.testng.internal.invokers.TestInvoker$MethodInvocationAgent.invoke(TestInvoker.java:995)
at org.testng.internal.invokers.TestInvoker.invokeTestMethods(TestInvoker.java:203)
at org.testng.internal.invokers.TestMethodWorker.invokeTestMethods(TestMethodWorker.java:154)
at org.testng.internal.invokers.TestMethodWorker.run(TestMethodWorker.java:134)
at java.base/java.util.ArrayList.forEach(ArrayList.java:1596)
at org.testng.TestRunner.privateRun(TestRunner.java:741)
at org.testng.TestRunner.run(TestRunner.java:616)
at org.testng.SuiteRunner.runTest(SuiteRunner.java:421)
at org.testng.SuiteRunner$SuiteWorker.run(SuiteRunner.java:463)
at org.testng.internal.thread.ThreadUtil.lambda$execute$0(ThreadUtil.java:64)
at java.base/java.util.concurrent.FutureTask.run(FutureTask.java:317)
at java.base/java.util.concurrent.ThreadPoolExecutor.runWorker(ThreadPoolExecutor.java:1144)
at java.base/java.util.concurrent.ThreadPoolExecutor$Worker.run(ThreadPoolExecutor.java:642)
at java.base/java.lang.Thread.run(Thread.java:1583)
]]>
            </full-stacktrace>
          </exception> <!-- org.openqa.selenium.NoSuchElementException -->
          <reporter-output>
          </reporter-output>
        </test-method> <!-- myTest -->
        <test-method is-config="true" signature="tearDown()[pri:0, instance:SkyTravellers_Hotels.TCHO_3_verifyHotelsSearchwithStarRating@55b0dcab]" started-at="2025-08-26T12:20:42 IST" name="tearDown" finished-at="2025-08-26T12:20:43 IST" duration-ms="708" status="PASS">
          <reporter-output>
          </reporter-output>
        </test-method> <!-- tearDown -->
        <test-method is-config="true" signature="launchApplication(java.lang.String)[pri:0, instance:SkyTravellers_Hotels.TCHO_3_verifyHotelsSearchwithStarRating@55b0dcab]" started-at="2025-08-26T12:20:43 IST" name="launchApplication" finished-at="2025-08-26T12:20:45 IST" duration-ms="2532" status="PASS">
          <params>
            <param index="0">
              <value>
                <![CDATA[chrome]]>
              </value>
            </param>
          </params>
          <reporter-output>
          </reporter-output>
        </test-method> <!-- launchApplication -->
        <test-method signature="myTest(java.util.Map)[pri:0, instance:SkyTravellers_Hotels.TCHO_3_verifyHotelsSearchwithStarRating@55b0dcab]" started-at="2025-08-26T12:20:45 IST" name="myTest" data-provider="sheetBasedData" finished-at="2025-08-26T12:22:19 IST" duration-ms="93857" status="FAIL">
          <params>
            <param index="0">
              <value>
                <![CDATA[{Origin=Germany park, UserName=tarun@tripgain.com, Email=abcd@tripgain.com, ChildAge=5, URL=https://uaev2.skytravellers.com/login, RoomCount=1, Payment= CreditCard, TestRun=, AdultCount=1, ChildCount=1, Phno=98076534223, StarCount=3, Password=WXOlqr3287}]]>
              </value>
            </param>
          </params>
          <exception class="org.openqa.selenium.NoSuchElementException">
            <message>
              <![CDATA[no such element: Unable to locate element: {"method":"xpath","selector":"//*[@class='booking-review-page__body__booking-details_hotel-name']"}
  (Session info: chrome=139.0.7258.139)
For documentation on this error, please visit: https://www.selenium.dev/documentation/webdriver/troubleshooting/errors#no-such-element-exception
Build info: version: '4.29.0', revision: '5fc1ec94cb'
System info: os.name: 'Windows 11', os.arch: 'amd64', os.version: '10.0', java.version: '21.0.7'
Driver info: org.openqa.selenium.chrome.ChromeDriver
Command: [28ba8b75430226c5f177d6f01178066d, findElement {using=xpath, value=//*[@class='booking-review-page__body__booking-details_hotel-name']}]
Capabilities {acceptInsecureCerts: false, browserName: chrome, browserVersion: 139.0.7258.139, chrome: {chromedriverVersion: 139.0.7258.138 (884e54ea8d4..., userDataDir: C:\Users\LENOVO\AppData\Loc...}, fedcm:accounts: true, goog:chromeOptions: {debuggerAddress: localhost:52396}, networkConnectionEnabled: false, pageLoadStrategy: normal, platformName: windows, proxy: Proxy(), se:cdp: ws://localhost:52396/devtoo..., se:cdpVersion: 139.0.7258.139, setWindowRect: true, strictFileInteractability: false, timeouts: {implicit: 0, pageLoad: 300000, script: 30000}, unhandledPromptBehavior: dismiss and notify, webauthn:extension:credBlob: true, webauthn:extension:largeBlob: true, webauthn:extension:minPinLength: true, webauthn:extension:prf: true, webauthn:virtualAuthenticators: true}
Session ID: 28ba8b75430226c5f177d6f01178066d]]>
            </message>
            <full-stacktrace>
              <![CDATA[org.openqa.selenium.NoSuchElementException: no such element: Unable to locate element: {"method":"xpath","selector":"//*[@class='booking-review-page__body__booking-details_hotel-name']"}
  (Session info: chrome=139.0.7258.139)
For documentation on this error, please visit: https://www.selenium.dev/documentation/webdriver/troubleshooting/errors#no-such-element-exception
Build info: version: '4.29.0', revision: '5fc1ec94cb'
System info: os.name: 'Windows 11', os.arch: 'amd64', os.version: '10.0', java.version: '21.0.7'
Driver info: org.openqa.selenium.chrome.ChromeDriver
Command: [28ba8b75430226c5f177d6f01178066d, findElement {using=xpath, value=//*[@class='booking-review-page__body__booking-details_hotel-name']}]
Capabilities {acceptInsecureCerts: false, browserName: chrome, browserVersion: 139.0.7258.139, chrome: {chromedriverVersion: 139.0.7258.138 (884e54ea8d4..., userDataDir: C:\Users\LENOVO\AppData\Loc...}, fedcm:accounts: true, goog:chromeOptions: {debuggerAddress: localhost:52396}, networkConnectionEnabled: false, pageLoadStrategy: normal, platformName: windows, proxy: Proxy(), se:cdp: ws://localhost:52396/devtoo..., se:cdpVersion: 139.0.7258.139, setWindowRect: true, strictFileInteractability: false, timeouts: {implicit: 0, pageLoad: 300000, script: 30000}, unhandledPromptBehavior: dismiss and notify, webauthn:extension:credBlob: true, webauthn:extension:largeBlob: true, webauthn:extension:minPinLength: true, webauthn:extension:prf: true, webauthn:virtualAuthenticators: true}
Session ID: 28ba8b75430226c5f177d6f01178066d
at java.base/jdk.internal.reflect.DirectConstructorHandleAccessor.newInstance(DirectConstructorHandleAccessor.java:62)
at java.base/java.lang.reflect.Constructor.newInstanceWithCaller(Constructor.java:502)
at java.base/java.lang.reflect.Constructor.newInstance(Constructor.java:486)
at org.openqa.selenium.remote.ErrorCodec.decode(ErrorCodec.java:167)
at org.openqa.selenium.remote.codec.w3c.W3CHttpResponseCodec.decode(W3CHttpResponseCodec.java:138)
at org.openqa.selenium.remote.codec.w3c.W3CHttpResponseCodec.decode(W3CHttpResponseCodec.java:50)
at org.openqa.selenium.remote.HttpCommandExecutor.execute(HttpCommandExecutor.java:215)
at org.openqa.selenium.remote.service.DriverCommandExecutor.invokeExecute(DriverCommandExecutor.java:216)
at org.openqa.selenium.remote.service.DriverCommandExecutor.execute(DriverCommandExecutor.java:174)
at org.openqa.selenium.remote.RemoteWebDriver.execute(RemoteWebDriver.java:545)
at org.openqa.selenium.remote.ElementLocation$ElementFinder$2.findElement(ElementLocation.java:165)
at org.openqa.selenium.remote.ElementLocation.findElement(ElementLocation.java:59)
at org.openqa.selenium.remote.RemoteWebDriver.findElement(RemoteWebDriver.java:368)
at org.openqa.selenium.remote.RemoteWebDriver.findElement(RemoteWebDriver.java:362)
at com.tripgain.collectionofpages.SkyTravelers_Hotels_BookingPage.getHotelNameFromBookingPage(SkyTravelers_Hotels_BookingPage.java:42)
at SkyTravellers_Hotels.TCHO_3_verifyHotelsSearchwithStarRating.myTest(TCHO_3_verifyHotelsSearchwithStarRating.java:178)
at java.base/jdk.internal.reflect.DirectMethodHandleAccessor.invoke(DirectMethodHandleAccessor.java:103)
at java.base/java.lang.reflect.Method.invoke(Method.java:580)
at org.testng.internal.invokers.MethodInvocationHelper.invokeMethod(MethodInvocationHelper.java:141)
at org.testng.internal.invokers.TestInvoker.invokeMethod(TestInvoker.java:687)
at org.testng.internal.invokers.TestInvoker.invokeTestMethod(TestInvoker.java:230)
at org.testng.internal.invokers.MethodRunner.runInSequence(MethodRunner.java:63)
at org.testng.internal.invokers.TestInvoker$MethodInvocationAgent.invoke(TestInvoker.java:995)
at org.testng.internal.invokers.TestInvoker.invokeTestMethods(TestInvoker.java:203)
at org.testng.internal.invokers.TestMethodWorker.invokeTestMethods(TestMethodWorker.java:154)
at org.testng.internal.invokers.TestMethodWorker.run(TestMethodWorker.java:134)
at java.base/java.util.ArrayList.forEach(ArrayList.java:1596)
at org.testng.TestRunner.privateRun(TestRunner.java:741)
at org.testng.TestRunner.run(TestRunner.java:616)
at org.testng.SuiteRunner.runTest(SuiteRunner.java:421)
at org.testng.SuiteRunner$SuiteWorker.run(SuiteRunner.java:463)
at org.testng.internal.thread.ThreadUtil.lambda$execute$0(ThreadUtil.java:64)
at java.base/java.util.concurrent.FutureTask.run(FutureTask.java:317)
at java.base/java.util.concurrent.ThreadPoolExecutor.runWorker(ThreadPoolExecutor.java:1144)
at java.base/java.util.concurrent.ThreadPoolExecutor$Worker.run(ThreadPoolExecutor.java:642)
at java.base/java.lang.Thread.run(Thread.java:1583)
]]>
            </full-stacktrace>
          </exception> <!-- org.openqa.selenium.NoSuchElementException -->
          <reporter-output>
          </reporter-output>
        </test-method> <!-- myTest -->
        <test-method is-config="true" signature="tearDown()[pri:0, instance:SkyTravellers_Hotels.TCHO_3_verifyHotelsSearchwithStarRating@55b0dcab]" started-at="2025-08-26T12:22:19 IST" name="tearDown" finished-at="2025-08-26T12:22:20 IST" duration-ms="793" status="PASS">
          <reporter-output>
          </reporter-output>
        </test-method> <!-- tearDown -->
        <test-method is-config="true" signature="launchApplication(java.lang.String)[pri:0, instance:SkyTravellers_Hotels.TCHO_3_verifyHotelsSearchwithStarRating@55b0dcab]" started-at="2025-08-26T12:22:20 IST" name="launchApplication" finished-at="2025-08-26T12:22:23 IST" duration-ms="2575" status="PASS">
          <params>
            <param index="0">
              <value>
                <![CDATA[chrome]]>
              </value>
            </param>
          </params>
          <reporter-output>
          </reporter-output>
        </test-method> <!-- launchApplication -->
        <test-method signature="myTest(java.util.Map)[pri:0, instance:SkyTravellers_Hotels.TCHO_3_verifyHotelsSearchwithStarRating@55b0dcab]" started-at="2025-08-26T12:22:23 IST" name="myTest" data-provider="sheetBasedData" finished-at="2025-08-26T12:23:24 IST" duration-ms="61734" status="FAIL">
          <params>
            <param index="0">
              <value>
                <![CDATA[{Origin=maharashtra, UserName=tarun@tripgain.com, Email=abcd@tripgain.com, ChildAge=5, URL=https://uaev2.skytravellers.com/login, RoomCount=1, Payment= DebitCard, TestRun=, AdultCount=1, ChildCount=1, Phno=98076534224, StarCount=1, Password=WXOlqr3288}]]>
              </value>
            </param>
          </params>
          <exception class="org.openqa.selenium.NoSuchElementException">
            <message>
              <![CDATA[no such element: Unable to locate element: {"method":"xpath","selector":".//span[@class='hotel-card__body__header_hotel-location']"}
  (Session info: chrome=139.0.7258.139)
For documentation on this error, please visit: https://www.selenium.dev/documentation/webdriver/troubleshooting/errors#no-such-element-exception
Build info: version: '4.29.0', revision: '5fc1ec94cb'
System info: os.name: 'Windows 11', os.arch: 'amd64', os.version: '10.0', java.version: '21.0.7'
Driver info: org.openqa.selenium.chrome.ChromeDriver
Command: [88fd9d8a5045675ddf89fa6b2771f321, findElement {using=xpath, value=.//span[@class='hotel-card__body__header_hotel-location']}]
Capabilities {acceptInsecureCerts: false, browserName: chrome, browserVersion: 139.0.7258.139, chrome: {chromedriverVersion: 139.0.7258.138 (884e54ea8d4..., userDataDir: C:\Users\LENOVO\AppData\Loc...}, fedcm:accounts: true, goog:chromeOptions: {debuggerAddress: localhost:52463}, networkConnectionEnabled: false, pageLoadStrategy: normal, platformName: windows, proxy: Proxy(), se:cdp: ws://localhost:52463/devtoo..., se:cdpVersion: 139.0.7258.139, setWindowRect: true, strictFileInteractability: false, timeouts: {implicit: 0, pageLoad: 300000, script: 30000}, unhandledPromptBehavior: dismiss and notify, webauthn:extension:credBlob: true, webauthn:extension:largeBlob: true, webauthn:extension:minPinLength: true, webauthn:extension:prf: true, webauthn:virtualAuthenticators: true}
Session ID: 88fd9d8a5045675ddf89fa6b2771f321]]>
            </message>
            <full-stacktrace>
              <![CDATA[org.openqa.selenium.NoSuchElementException: no such element: Unable to locate element: {"method":"xpath","selector":".//span[@class='hotel-card__body__header_hotel-location']"}
  (Session info: chrome=139.0.7258.139)
For documentation on this error, please visit: https://www.selenium.dev/documentation/webdriver/troubleshooting/errors#no-such-element-exception
Build info: version: '4.29.0', revision: '5fc1ec94cb'
System info: os.name: 'Windows 11', os.arch: 'amd64', os.version: '10.0', java.version: '21.0.7'
Driver info: org.openqa.selenium.chrome.ChromeDriver
Command: [88fd9d8a5045675ddf89fa6b2771f321, findElement {using=xpath, value=.//span[@class='hotel-card__body__header_hotel-location']}]
Capabilities {acceptInsecureCerts: false, browserName: chrome, browserVersion: 139.0.7258.139, chrome: {chromedriverVersion: 139.0.7258.138 (884e54ea8d4..., userDataDir: C:\Users\LENOVO\AppData\Loc...}, fedcm:accounts: true, goog:chromeOptions: {debuggerAddress: localhost:52463}, networkConnectionEnabled: false, pageLoadStrategy: normal, platformName: windows, proxy: Proxy(), se:cdp: ws://localhost:52463/devtoo..., se:cdpVersion: 139.0.7258.139, setWindowRect: true, strictFileInteractability: false, timeouts: {implicit: 0, pageLoad: 300000, script: 30000}, unhandledPromptBehavior: dismiss and notify, webauthn:extension:credBlob: true, webauthn:extension:largeBlob: true, webauthn:extension:minPinLength: true, webauthn:extension:prf: true, webauthn:virtualAuthenticators: true}
Session ID: 88fd9d8a5045675ddf89fa6b2771f321
at java.base/jdk.internal.reflect.DirectConstructorHandleAccessor.newInstance(DirectConstructorHandleAccessor.java:62)
at java.base/java.lang.reflect.Constructor.newInstanceWithCaller(Constructor.java:502)
at java.base/java.lang.reflect.Constructor.newInstance(Constructor.java:486)
at org.openqa.selenium.remote.ErrorCodec.decode(ErrorCodec.java:167)
at org.openqa.selenium.remote.codec.w3c.W3CHttpResponseCodec.decode(W3CHttpResponseCodec.java:138)
at org.openqa.selenium.remote.codec.w3c.W3CHttpResponseCodec.decode(W3CHttpResponseCodec.java:50)
at org.openqa.selenium.remote.HttpCommandExecutor.execute(HttpCommandExecutor.java:215)
at org.openqa.selenium.remote.service.DriverCommandExecutor.invokeExecute(DriverCommandExecutor.java:216)
at org.openqa.selenium.remote.service.DriverCommandExecutor.execute(DriverCommandExecutor.java:174)
at org.openqa.selenium.remote.RemoteWebDriver.execute(RemoteWebDriver.java:545)
at org.openqa.selenium.remote.ElementLocation$ElementFinder$2.findElement(ElementLocation.java:165)
at org.openqa.selenium.remote.ElementLocation.findElement(ElementLocation.java:59)
at org.openqa.selenium.remote.RemoteWebDriver.findElement(RemoteWebDriver.java:368)
at org.openqa.selenium.remote.RemoteWebDriver.findElement(RemoteWebDriver.java:362)
at com.tripgain.collectionofpages.SkyTravelers_Hotels_SearchPage.getHotelLocationFromCardFromResultsPage(SkyTravelers_Hotels_SearchPage.java:733)
at SkyTravellers_Hotels.TCHO_3_verifyHotelsSearchwithStarRating.myTest(TCHO_3_verifyHotelsSearchwithStarRating.java:123)
at java.base/jdk.internal.reflect.DirectMethodHandleAccessor.invoke(DirectMethodHandleAccessor.java:103)
at java.base/java.lang.reflect.Method.invoke(Method.java:580)
at org.testng.internal.invokers.MethodInvocationHelper.invokeMethod(MethodInvocationHelper.java:141)
at org.testng.internal.invokers.TestInvoker.invokeMethod(TestInvoker.java:687)
at org.testng.internal.invokers.TestInvoker.invokeTestMethod(TestInvoker.java:230)
at org.testng.internal.invokers.MethodRunner.runInSequence(MethodRunner.java:63)
at org.testng.internal.invokers.TestInvoker$MethodInvocationAgent.invoke(TestInvoker.java:995)
at org.testng.internal.invokers.TestInvoker.invokeTestMethods(TestInvoker.java:203)
at org.testng.internal.invokers.TestMethodWorker.invokeTestMethods(TestMethodWorker.java:154)
at org.testng.internal.invokers.TestMethodWorker.run(TestMethodWorker.java:134)
at java.base/java.util.ArrayList.forEach(ArrayList.java:1596)
at org.testng.TestRunner.privateRun(TestRunner.java:741)
at org.testng.TestRunner.run(TestRunner.java:616)
at org.testng.SuiteRunner.runTest(SuiteRunner.java:421)
at org.testng.SuiteRunner$SuiteWorker.run(SuiteRunner.java:463)
at org.testng.internal.thread.ThreadUtil.lambda$execute$0(ThreadUtil.java:64)
at java.base/java.util.concurrent.FutureTask.run(FutureTask.java:317)
at java.base/java.util.concurrent.ThreadPoolExecutor.runWorker(ThreadPoolExecutor.java:1144)
at java.base/java.util.concurrent.ThreadPoolExecutor$Worker.run(ThreadPoolExecutor.java:642)
at java.base/java.lang.Thread.run(Thread.java:1583)
]]>
            </full-stacktrace>
          </exception> <!-- org.openqa.selenium.NoSuchElementException -->
          <reporter-output>
          </reporter-output>
        </test-method> <!-- myTest -->
        <test-method is-config="true" signature="tearDown()[pri:0, instance:SkyTravellers_Hotels.TCHO_3_verifyHotelsSearchwithStarRating@55b0dcab]" started-at="2025-08-26T12:23:24 IST" name="tearDown" finished-at="2025-08-26T12:23:25 IST" duration-ms="569" status="PASS">
          <reporter-output>
          </reporter-output>
        </test-method> <!-- tearDown -->
        <test-method is-config="true" signature="launchApplication(java.lang.String)[pri:0, instance:SkyTravellers_Hotels.TCHO_3_verifyHotelsSearchwithStarRating@55b0dcab]" started-at="2025-08-26T12:23:25 IST" name="launchApplication" finished-at="2025-08-26T12:23:27 IST" duration-ms="2457" status="PASS">
          <params>
            <param index="0">
              <value>
                <![CDATA[chrome]]>
              </value>
            </param>
          </params>
          <reporter-output>
          </reporter-output>
        </test-method> <!-- launchApplication -->
        <test-method signature="myTest(java.util.Map)[pri:0, instance:SkyTravellers_Hotels.TCHO_3_verifyHotelsSearchwithStarRating@55b0dcab]" started-at="2025-08-26T12:23:27 IST" name="myTest" data-provider="sheetBasedData" finished-at="2025-08-26T12:25:09 IST" duration-ms="101678" status="PASS">
          <params>
            <param index="0">
              <value>
                <![CDATA[{Origin=goa, UserName=tarun@tripgain.com, Email=abcd@tripgain.com, ChildAge=5, URL=https://uaev2.skytravellers.com/login, RoomCount=1, Payment=Netbanking, TestRun=, AdultCount=1, ChildCount=1, Phno=98076534225, StarCount=2, Password=WXOlqr3289}]]>
              </value>
            </param>
          </params>
          <reporter-output>
          </reporter-output>
        </test-method> <!-- myTest -->
        <test-method is-config="true" signature="tearDown()[pri:0, instance:SkyTravellers_Hotels.TCHO_3_verifyHotelsSearchwithStarRating@55b0dcab]" started-at="2025-08-26T12:25:09 IST" name="tearDown" finished-at="2025-08-26T12:25:09 IST" duration-ms="27" status="PASS">
          <reporter-output>
          </reporter-output>
        </test-method> <!-- tearDown -->
        <test-method is-config="true" signature="launchApplication(java.lang.String)[pri:0, instance:SkyTravellers_Hotels.TCHO_3_verifyHotelsSearchwithStarRating@55b0dcab]" started-at="2025-08-26T12:25:09 IST" name="launchApplication" finished-at="2025-08-26T12:25:11 IST" duration-ms="2314" status="PASS">
          <params>
            <param index="0">
              <value>
                <![CDATA[chrome]]>
              </value>
            </param>
          </params>
          <reporter-output>
          </reporter-output>
        </test-method> <!-- launchApplication -->
        <test-method signature="myTest(java.util.Map)[pri:0, instance:SkyTravellers_Hotels.TCHO_3_verifyHotelsSearchwithStarRating@55b0dcab]" started-at="2025-08-26T12:25:11 IST" name="myTest" data-provider="sheetBasedData" finished-at="2025-08-26T12:26:48 IST" duration-ms="96213" status="PASS">
          <params>
            <param index="0">
              <value>
                <![CDATA[{Origin=kerala, UserName=tarun@tripgain.com, Email=abcd@tripgain.com, ChildAge=5, URL=https://uaev2.skytravellers.com/login, RoomCount=1, Payment=UPI, TestRun=, AdultCount=1, ChildCount=1, Phno=98076534226, StarCount=4, Password=WXOlqr3290}]]>
              </value>
            </param>
          </params>
          <reporter-output>
          </reporter-output>
        </test-method> <!-- myTest -->
        <test-method is-config="true" signature="tearDown()[pri:0, instance:SkyTravellers_Hotels.TCHO_3_verifyHotelsSearchwithStarRating@55b0dcab]" started-at="2025-08-26T12:26:48 IST" name="tearDown" finished-at="2025-08-26T12:26:48 IST" duration-ms="15" status="PASS">
          <reporter-output>
          </reporter-output>
        </test-method> <!-- tearDown -->
        <test-method is-config="true" signature="launchApplication(java.lang.String)[pri:0, instance:SkyTravellers_Hotels.TCHO_3_verifyHotelsSearchwithStarRating@55b0dcab]" started-at="2025-08-26T12:26:48 IST" name="launchApplication" finished-at="2025-08-26T12:26:50 IST" duration-ms="2506" status="PASS">
          <params>
            <param index="0">
              <value>
                <![CDATA[chrome]]>
              </value>
            </param>
          </params>
          <reporter-output>
          </reporter-output>
        </test-method> <!-- launchApplication -->
        <test-method signature="myTest(java.util.Map)[pri:0, instance:SkyTravellers_Hotels.TCHO_3_verifyHotelsSearchwithStarRating@55b0dcab]" started-at="2025-08-26T12:26:50 IST" name="myTest" data-provider="sheetBasedData" finished-at="2025-08-26T12:28:27 IST" duration-ms="97252" status="PASS">
          <params>
            <param index="0">
              <value>
                <![CDATA[{Origin=Tamil Nadu, UserName=tarun@tripgain.com, Email=abcd@tripgain.com, ChildAge=5, URL=https://uaev2.skytravellers.com/login, RoomCount=1, Payment= CreditCard, TestRun=, AdultCount=1, ChildCount=1, Phno=98076534227, StarCount=3, Password=WXOlqr3291}]]>
              </value>
            </param>
          </params>
          <reporter-output>
          </reporter-output>
        </test-method> <!-- myTest -->
        <test-method is-config="true" signature="tearDown()[pri:0, instance:SkyTravellers_Hotels.TCHO_3_verifyHotelsSearchwithStarRating@55b0dcab]" started-at="2025-08-26T12:28:27 IST" name="tearDown" finished-at="2025-08-26T12:28:27 IST" duration-ms="47" status="PASS">
          <reporter-output>
          </reporter-output>
        </test-method> <!-- tearDown -->
      </class> <!-- SkyTravellers_Hotels.TCHO_3_verifyHotelsSearchwithStarRating -->
      <class name="SkyTravellers_Hotels.TCHO_1_verifyHotelsSearch1">
        <test-method is-config="true" signature="launchApplication(java.lang.String)[pri:0, instance:SkyTravellers_Hotels.TCHO_1_verifyHotelsSearch1@5bda8e08]" started-at="2025-08-26T11:34:23 IST" name="launchApplication" finished-at="2025-08-26T11:34:26 IST" duration-ms="2784" status="PASS">
          <params>
            <param index="0">
              <value>
                <![CDATA[chrome]]>
              </value>
            </param>
          </params>
          <reporter-output>
          </reporter-output>
        </test-method> <!-- launchApplication -->
        <test-method signature="myTest(java.util.Map)[pri:0, instance:SkyTravellers_Hotels.TCHO_1_verifyHotelsSearch1@5bda8e08]" started-at="2025-08-26T11:34:26 IST" name="myTest" data-provider="sheetBasedData" finished-at="2025-08-26T11:36:16 IST" duration-ms="110278" status="PASS">
          <params>
            <param index="0">
              <value>
                <![CDATA[{Origin=Delhi, RoomCount=1, Payment=UPI, UserName=tarun@tripgain.com, Email=abcd@tripgain.com, TestRun=, AdultCount=1, ChildAge=5, ChildCount=1, Phno=98076534218, URL=https://uaev2.skytravellers.com/login, Password=WXOlqr3282}]]>
              </value>
            </param>
          </params>
          <reporter-output>
          </reporter-output>
        </test-method> <!-- myTest -->
        <test-method is-config="true" signature="tearDown()[pri:0, instance:SkyTravellers_Hotels.TCHO_1_verifyHotelsSearch1@5bda8e08]" started-at="2025-08-26T11:36:16 IST" name="tearDown" finished-at="2025-08-26T11:36:16 IST" duration-ms="583" status="PASS">
          <reporter-output>
          </reporter-output>
        </test-method> <!-- tearDown -->
        <test-method is-config="true" signature="launchApplication(java.lang.String)[pri:0, instance:SkyTravellers_Hotels.TCHO_1_verifyHotelsSearch1@5bda8e08]" started-at="2025-08-26T11:36:16 IST" name="launchApplication" finished-at="2025-08-26T11:36:19 IST" duration-ms="2567" status="PASS">
          <params>
            <param index="0">
              <value>
                <![CDATA[chrome]]>
              </value>
            </param>
          </params>
          <reporter-output>
          </reporter-output>
        </test-method> <!-- launchApplication -->
        <test-method signature="myTest(java.util.Map)[pri:0, instance:SkyTravellers_Hotels.TCHO_1_verifyHotelsSearch1@5bda8e08]" started-at="2025-08-26T11:36:19 IST" name="myTest" data-provider="sheetBasedData" finished-at="2025-08-26T11:38:16 IST" duration-ms="117206" status="PASS">
          <params>
            <param index="0">
              <value>
                <![CDATA[{Origin=Mumbai, RoomCount=1, Payment= CreditCard, UserName=tarun@tripgain.com, Email=abcd@tripgain.com, TestRun=, AdultCount=1, ChildAge=5, ChildCount=1, Phno=98076534219, URL=https://uaev2.skytravellers.com/login, Password=WXOlqr3283}]]>
              </value>
            </param>
          </params>
          <reporter-output>
          </reporter-output>
        </test-method> <!-- myTest -->
        <test-method is-config="true" signature="tearDown()[pri:0, instance:SkyTravellers_Hotels.TCHO_1_verifyHotelsSearch1@5bda8e08]" started-at="2025-08-26T11:38:16 IST" name="tearDown" finished-at="2025-08-26T11:38:16 IST" duration-ms="49" status="PASS">
          <reporter-output>
          </reporter-output>
        </test-method> <!-- tearDown -->
        <test-method is-config="true" signature="launchApplication(java.lang.String)[pri:0, instance:SkyTravellers_Hotels.TCHO_1_verifyHotelsSearch1@5bda8e08]" started-at="2025-08-26T11:38:16 IST" name="launchApplication" finished-at="2025-08-26T11:38:19 IST" duration-ms="2874" status="PASS">
          <params>
            <param index="0">
              <value>
                <![CDATA[chrome]]>
              </value>
            </param>
          </params>
          <reporter-output>
          </reporter-output>
        </test-method> <!-- launchApplication -->
        <test-method signature="myTest(java.util.Map)[pri:0, instance:SkyTravellers_Hotels.TCHO_1_verifyHotelsSearch1@5bda8e08]" started-at="2025-08-26T11:38:19 IST" name="myTest" data-provider="sheetBasedData" finished-at="2025-08-26T11:40:16 IST" duration-ms="116584" status="PASS">
          <params>
            <param index="0">
              <value>
                <![CDATA[{Origin=Pune, RoomCount=1, Payment= DebitCard, UserName=tarun@tripgain.com, Email=abcd@tripgain.com, TestRun=, AdultCount=1, ChildAge=5, ChildCount=1, Phno=98076534220, URL=https://uaev2.skytravellers.com/login, Password=WXOlqr3284}]]>
              </value>
            </param>
          </params>
          <reporter-output>
          </reporter-output>
        </test-method> <!-- myTest -->
        <test-method is-config="true" signature="tearDown()[pri:0, instance:SkyTravellers_Hotels.TCHO_1_verifyHotelsSearch1@5bda8e08]" started-at="2025-08-26T11:40:16 IST" name="tearDown" finished-at="2025-08-26T11:40:16 IST" duration-ms="55" status="PASS">
          <reporter-output>
          </reporter-output>
        </test-method> <!-- tearDown -->
        <test-method is-config="true" signature="launchApplication(java.lang.String)[pri:0, instance:SkyTravellers_Hotels.TCHO_1_verifyHotelsSearch1@5bda8e08]" started-at="2025-08-26T11:40:16 IST" name="launchApplication" finished-at="2025-08-26T11:40:19 IST" duration-ms="3272" status="PASS">
          <params>
            <param index="0">
              <value>
                <![CDATA[chrome]]>
              </value>
            </param>
          </params>
          <reporter-output>
          </reporter-output>
        </test-method> <!-- launchApplication -->
        <test-method signature="myTest(java.util.Map)[pri:0, instance:SkyTravellers_Hotels.TCHO_1_verifyHotelsSearch1@5bda8e08]" started-at="2025-08-26T11:40:19 IST" name="myTest" data-provider="sheetBasedData" finished-at="2025-08-26T11:42:18 IST" duration-ms="118924" status="PASS">
          <params>
            <param index="0">
              <value>
                <![CDATA[{Origin=chennai, RoomCount=1, Payment=Netbanking, UserName=tarun@tripgain.com, Email=abcd@tripgain.com, TestRun=, AdultCount=1, ChildAge=5, ChildCount=1, Phno=98076534221, URL=https://uaev2.skytravellers.com/login, Password=WXOlqr3285}]]>
              </value>
            </param>
          </params>
          <reporter-output>
          </reporter-output>
        </test-method> <!-- myTest -->
        <test-method is-config="true" signature="tearDown()[pri:0, instance:SkyTravellers_Hotels.TCHO_1_verifyHotelsSearch1@5bda8e08]" started-at="2025-08-26T11:42:18 IST" name="tearDown" finished-at="2025-08-26T11:42:18 IST" duration-ms="31" status="PASS">
          <reporter-output>
          </reporter-output>
        </test-method> <!-- tearDown -->
        <test-method is-config="true" signature="launchApplication(java.lang.String)[pri:0, instance:SkyTravellers_Hotels.TCHO_1_verifyHotelsSearch1@5bda8e08]" started-at="2025-08-26T11:42:18 IST" name="launchApplication" finished-at="2025-08-26T11:42:22 IST" duration-ms="4030" status="PASS">
          <params>
            <param index="0">
              <value>
                <![CDATA[chrome]]>
              </value>
            </param>
          </params>
          <reporter-output>
          </reporter-output>
        </test-method> <!-- launchApplication -->
        <test-method signature="myTest(java.util.Map)[pri:0, instance:SkyTravellers_Hotels.TCHO_1_verifyHotelsSearch1@5bda8e08]" started-at="2025-08-26T11:42:22 IST" name="myTest" data-provider="sheetBasedData" finished-at="2025-08-26T11:44:27 IST" duration-ms="124840" status="PASS">
          <params>
            <param index="0">
              <value>
                <![CDATA[{Origin=newyork, RoomCount=1, Payment=UPI, UserName=tarun@tripgain.com, Email=abcd@tripgain.com, TestRun=, AdultCount=1, ChildAge=5, ChildCount=1, Phno=98076534222, URL=https://uaev2.skytravellers.com/login, Password=WXOlqr3286}]]>
              </value>
            </param>
          </params>
          <reporter-output>
          </reporter-output>
        </test-method> <!-- myTest -->
        <test-method is-config="true" signature="tearDown()[pri:0, instance:SkyTravellers_Hotels.TCHO_1_verifyHotelsSearch1@5bda8e08]" started-at="2025-08-26T11:44:27 IST" name="tearDown" finished-at="2025-08-26T11:44:27 IST" duration-ms="66" status="PASS">
          <reporter-output>
          </reporter-output>
        </test-method> <!-- tearDown -->
        <test-method is-config="true" signature="launchApplication(java.lang.String)[pri:0, instance:SkyTravellers_Hotels.TCHO_1_verifyHotelsSearch1@5bda8e08]" started-at="2025-08-26T11:44:27 IST" name="launchApplication" finished-at="2025-08-26T11:44:30 IST" duration-ms="3179" status="PASS">
          <params>
            <param index="0">
              <value>
                <![CDATA[chrome]]>
              </value>
            </param>
          </params>
          <reporter-output>
          </reporter-output>
        </test-method> <!-- launchApplication -->
        <test-method signature="myTest(java.util.Map)[pri:0, instance:SkyTravellers_Hotels.TCHO_1_verifyHotelsSearch1@5bda8e08]" started-at="2025-08-26T11:44:30 IST" name="myTest" data-provider="sheetBasedData" finished-at="2025-08-26T11:47:04 IST" duration-ms="153390" status="PASS">
          <params>
            <param index="0">
              <value>
                <![CDATA[{Origin=london, RoomCount=1, Payment= CreditCard, UserName=tarun@tripgain.com, Email=abcd@tripgain.com, TestRun=, AdultCount=1, ChildAge=5, ChildCount=1, Phno=98076534223, URL=https://uaev2.skytravellers.com/login, Password=WXOlqr3287}]]>
              </value>
            </param>
          </params>
          <reporter-output>
          </reporter-output>
        </test-method> <!-- myTest -->
        <test-method is-config="true" signature="tearDown()[pri:0, instance:SkyTravellers_Hotels.TCHO_1_verifyHotelsSearch1@5bda8e08]" started-at="2025-08-26T11:47:04 IST" name="tearDown" finished-at="2025-08-26T11:47:04 IST" duration-ms="80" status="PASS">
          <reporter-output>
          </reporter-output>
        </test-method> <!-- tearDown -->
        <test-method is-config="true" signature="launchApplication(java.lang.String)[pri:0, instance:SkyTravellers_Hotels.TCHO_1_verifyHotelsSearch1@5bda8e08]" started-at="2025-08-26T11:47:04 IST" name="launchApplication" finished-at="2025-08-26T11:47:06 IST" duration-ms="2335" status="PASS">
          <params>
            <param index="0">
              <value>
                <![CDATA[chrome]]>
              </value>
            </param>
          </params>
          <reporter-output>
          </reporter-output>
        </test-method> <!-- launchApplication -->
        <test-method signature="myTest(java.util.Map)[pri:0, instance:SkyTravellers_Hotels.TCHO_1_verifyHotelsSearch1@5bda8e08]" started-at="2025-08-26T11:47:06 IST" name="myTest" data-provider="sheetBasedData" finished-at="2025-08-26T11:48:38 IST" duration-ms="91616" status="FAIL">
          <params>
            <param index="0">
              <value>
                <![CDATA[{Origin=Ahmedabad, RoomCount=1, Payment= DebitCard, UserName=tarun@tripgain.com, Email=abcd@tripgain.com, TestRun=, AdultCount=1, ChildAge=5, ChildCount=1, Phno=98076534224, URL=https://uaev2.skytravellers.com/login, Password=WXOlqr3288}]]>
              </value>
            </param>
          </params>
          <exception class="org.openqa.selenium.NoSuchElementException">
            <message>
              <![CDATA[no such element: Unable to locate element: {"method":"xpath","selector":"//*[@class='booking-review-page__body__booking-details_hotel-name']"}
  (Session info: chrome=139.0.7258.139)
For documentation on this error, please visit: https://www.selenium.dev/documentation/webdriver/troubleshooting/errors#no-such-element-exception
Build info: version: '4.29.0', revision: '5fc1ec94cb'
System info: os.name: 'Windows 11', os.arch: 'amd64', os.version: '10.0', java.version: '21.0.7'
Driver info: org.openqa.selenium.chrome.ChromeDriver
Command: [223382dedd4c77652ae81b7974ab48a4, findElement {using=xpath, value=//*[@class='booking-review-page__body__booking-details_hotel-name']}]
Capabilities {acceptInsecureCerts: false, browserName: chrome, browserVersion: 139.0.7258.139, chrome: {chromedriverVersion: 139.0.7258.138 (884e54ea8d4..., userDataDir: C:\Users\LENOVO\AppData\Loc...}, fedcm:accounts: true, goog:chromeOptions: {debuggerAddress: localhost:60833}, networkConnectionEnabled: false, pageLoadStrategy: normal, platformName: windows, proxy: Proxy(), se:cdp: ws://localhost:60833/devtoo..., se:cdpVersion: 139.0.7258.139, setWindowRect: true, strictFileInteractability: false, timeouts: {implicit: 0, pageLoad: 300000, script: 30000}, unhandledPromptBehavior: dismiss and notify, webauthn:extension:credBlob: true, webauthn:extension:largeBlob: true, webauthn:extension:minPinLength: true, webauthn:extension:prf: true, webauthn:virtualAuthenticators: true}
Session ID: 223382dedd4c77652ae81b7974ab48a4]]>
            </message>
            <full-stacktrace>
              <![CDATA[org.openqa.selenium.NoSuchElementException: no such element: Unable to locate element: {"method":"xpath","selector":"//*[@class='booking-review-page__body__booking-details_hotel-name']"}
  (Session info: chrome=139.0.7258.139)
For documentation on this error, please visit: https://www.selenium.dev/documentation/webdriver/troubleshooting/errors#no-such-element-exception
Build info: version: '4.29.0', revision: '5fc1ec94cb'
System info: os.name: 'Windows 11', os.arch: 'amd64', os.version: '10.0', java.version: '21.0.7'
Driver info: org.openqa.selenium.chrome.ChromeDriver
Command: [223382dedd4c77652ae81b7974ab48a4, findElement {using=xpath, value=//*[@class='booking-review-page__body__booking-details_hotel-name']}]
Capabilities {acceptInsecureCerts: false, browserName: chrome, browserVersion: 139.0.7258.139, chrome: {chromedriverVersion: 139.0.7258.138 (884e54ea8d4..., userDataDir: C:\Users\LENOVO\AppData\Loc...}, fedcm:accounts: true, goog:chromeOptions: {debuggerAddress: localhost:60833}, networkConnectionEnabled: false, pageLoadStrategy: normal, platformName: windows, proxy: Proxy(), se:cdp: ws://localhost:60833/devtoo..., se:cdpVersion: 139.0.7258.139, setWindowRect: true, strictFileInteractability: false, timeouts: {implicit: 0, pageLoad: 300000, script: 30000}, unhandledPromptBehavior: dismiss and notify, webauthn:extension:credBlob: true, webauthn:extension:largeBlob: true, webauthn:extension:minPinLength: true, webauthn:extension:prf: true, webauthn:virtualAuthenticators: true}
Session ID: 223382dedd4c77652ae81b7974ab48a4
at java.base/jdk.internal.reflect.DirectConstructorHandleAccessor.newInstance(DirectConstructorHandleAccessor.java:62)
at java.base/java.lang.reflect.Constructor.newInstanceWithCaller(Constructor.java:502)
at java.base/java.lang.reflect.Constructor.newInstance(Constructor.java:486)
at org.openqa.selenium.remote.ErrorCodec.decode(ErrorCodec.java:167)
at org.openqa.selenium.remote.codec.w3c.W3CHttpResponseCodec.decode(W3CHttpResponseCodec.java:138)
at org.openqa.selenium.remote.codec.w3c.W3CHttpResponseCodec.decode(W3CHttpResponseCodec.java:50)
at org.openqa.selenium.remote.HttpCommandExecutor.execute(HttpCommandExecutor.java:215)
at org.openqa.selenium.remote.service.DriverCommandExecutor.invokeExecute(DriverCommandExecutor.java:216)
at org.openqa.selenium.remote.service.DriverCommandExecutor.execute(DriverCommandExecutor.java:174)
at org.openqa.selenium.remote.RemoteWebDriver.execute(RemoteWebDriver.java:545)
at org.openqa.selenium.remote.ElementLocation$ElementFinder$2.findElement(ElementLocation.java:165)
at org.openqa.selenium.remote.ElementLocation.findElement(ElementLocation.java:59)
at org.openqa.selenium.remote.RemoteWebDriver.findElement(RemoteWebDriver.java:368)
at org.openqa.selenium.remote.RemoteWebDriver.findElement(RemoteWebDriver.java:362)
at com.tripgain.collectionofpages.SkyTravelers_Hotels_BookingPage.getHotelNameFromBookingPage(SkyTravelers_Hotels_BookingPage.java:42)
at SkyTravellers_Hotels.TCHO_1_verifyHotelsSearch1.myTest(TCHO_1_verifyHotelsSearch1.java:205)
at java.base/jdk.internal.reflect.DirectMethodHandleAccessor.invoke(DirectMethodHandleAccessor.java:103)
at java.base/java.lang.reflect.Method.invoke(Method.java:580)
at org.testng.internal.invokers.MethodInvocationHelper.invokeMethod(MethodInvocationHelper.java:141)
at org.testng.internal.invokers.TestInvoker.invokeMethod(TestInvoker.java:687)
at org.testng.internal.invokers.TestInvoker.invokeTestMethod(TestInvoker.java:230)
at org.testng.internal.invokers.MethodRunner.runInSequence(MethodRunner.java:63)
at org.testng.internal.invokers.TestInvoker$MethodInvocationAgent.invoke(TestInvoker.java:995)
at org.testng.internal.invokers.TestInvoker.invokeTestMethods(TestInvoker.java:203)
at org.testng.internal.invokers.TestMethodWorker.invokeTestMethods(TestMethodWorker.java:154)
at org.testng.internal.invokers.TestMethodWorker.run(TestMethodWorker.java:134)
at java.base/java.util.ArrayList.forEach(ArrayList.java:1596)
at org.testng.TestRunner.privateRun(TestRunner.java:741)
at org.testng.TestRunner.run(TestRunner.java:616)
at org.testng.SuiteRunner.runTest(SuiteRunner.java:421)
at org.testng.SuiteRunner$SuiteWorker.run(SuiteRunner.java:463)
at org.testng.internal.thread.ThreadUtil.lambda$execute$0(ThreadUtil.java:64)
at java.base/java.util.concurrent.FutureTask.run(FutureTask.java:317)
at java.base/java.util.concurrent.ThreadPoolExecutor.runWorker(ThreadPoolExecutor.java:1144)
at java.base/java.util.concurrent.ThreadPoolExecutor$Worker.run(ThreadPoolExecutor.java:642)
at java.base/java.lang.Thread.run(Thread.java:1583)
]]>
            </full-stacktrace>
          </exception> <!-- org.openqa.selenium.NoSuchElementException -->
          <reporter-output>
          </reporter-output>
        </test-method> <!-- myTest -->
        <test-method is-config="true" signature="tearDown()[pri:0, instance:SkyTravellers_Hotels.TCHO_1_verifyHotelsSearch1@5bda8e08]" started-at="2025-08-26T11:48:38 IST" name="tearDown" finished-at="2025-08-26T11:48:38 IST" duration-ms="843" status="PASS">
          <reporter-output>
          </reporter-output>
        </test-method> <!-- tearDown -->
        <test-method is-config="true" signature="launchApplication(java.lang.String)[pri:0, instance:SkyTravellers_Hotels.TCHO_1_verifyHotelsSearch1@5bda8e08]" started-at="2025-08-26T11:48:38 IST" name="launchApplication" finished-at="2025-08-26T11:48:41 IST" duration-ms="2473" status="PASS">
          <params>
            <param index="0">
              <value>
                <![CDATA[chrome]]>
              </value>
            </param>
          </params>
          <reporter-output>
          </reporter-output>
        </test-method> <!-- launchApplication -->
        <test-method signature="myTest(java.util.Map)[pri:0, instance:SkyTravellers_Hotels.TCHO_1_verifyHotelsSearch1@5bda8e08]" started-at="2025-08-26T11:48:41 IST" name="myTest" data-provider="sheetBasedData" finished-at="2025-08-26T11:49:08 IST" duration-ms="27251" status="FAIL">
          <params>
            <param index="0">
              <value>
                <![CDATA[{Origin=dubai, RoomCount=1, Payment=Netbanking, UserName=tarun@tripgain.com, Email=abcd@tripgain.com, TestRun=, AdultCount=1, ChildAge=5, ChildCount=1, Phno=98076534225, URL=https://uaev2.skytravellers.com/login, Password=WXOlqr3289}]]>
              </value>
            </param>
          </params>
          <exception class="java.lang.NumberFormatException">
            <message>
              <![CDATA[For input string: ""]]>
            </message>
            <full-stacktrace>
              <![CDATA[java.lang.NumberFormatException: For input string: ""
at java.base/java.lang.NumberFormatException.forInputString(NumberFormatException.java:67)
at java.base/java.lang.Integer.parseInt(Integer.java:672)
at java.base/java.lang.Integer.parseInt(Integer.java:778)
at com.tripgain.collectionofpages.SkyTravelers_Hotels_SearchPage.fillRoomDetails(SkyTravelers_Hotels_SearchPage.java:267)
at SkyTravellers_Hotels.TCHO_1_verifyHotelsSearch1.myTest(TCHO_1_verifyHotelsSearch1.java:107)
at java.base/jdk.internal.reflect.DirectMethodHandleAccessor.invoke(DirectMethodHandleAccessor.java:103)
at java.base/java.lang.reflect.Method.invoke(Method.java:580)
at org.testng.internal.invokers.MethodInvocationHelper.invokeMethod(MethodInvocationHelper.java:141)
at org.testng.internal.invokers.TestInvoker.invokeMethod(TestInvoker.java:687)
at org.testng.internal.invokers.TestInvoker.invokeTestMethod(TestInvoker.java:230)
at org.testng.internal.invokers.MethodRunner.runInSequence(MethodRunner.java:63)
at org.testng.internal.invokers.TestInvoker$MethodInvocationAgent.invoke(TestInvoker.java:995)
at org.testng.internal.invokers.TestInvoker.invokeTestMethods(TestInvoker.java:203)
at org.testng.internal.invokers.TestMethodWorker.invokeTestMethods(TestMethodWorker.java:154)
at org.testng.internal.invokers.TestMethodWorker.run(TestMethodWorker.java:134)
at java.base/java.util.ArrayList.forEach(ArrayList.java:1596)
at org.testng.TestRunner.privateRun(TestRunner.java:741)
at org.testng.TestRunner.run(TestRunner.java:616)
at org.testng.SuiteRunner.runTest(SuiteRunner.java:421)
at org.testng.SuiteRunner$SuiteWorker.run(SuiteRunner.java:463)
at org.testng.internal.thread.ThreadUtil.lambda$execute$0(ThreadUtil.java:64)
at java.base/java.util.concurrent.FutureTask.run(FutureTask.java:317)
at java.base/java.util.concurrent.ThreadPoolExecutor.runWorker(ThreadPoolExecutor.java:1144)
at java.base/java.util.concurrent.ThreadPoolExecutor$Worker.run(ThreadPoolExecutor.java:642)
at java.base/java.lang.Thread.run(Thread.java:1583)
]]>
            </full-stacktrace>
          </exception> <!-- java.lang.NumberFormatException -->
          <reporter-output>
          </reporter-output>
        </test-method> <!-- myTest -->
        <test-method is-config="true" signature="tearDown()[pri:0, instance:SkyTravellers_Hotels.TCHO_1_verifyHotelsSearch1@5bda8e08]" started-at="2025-08-26T11:49:08 IST" name="tearDown" finished-at="2025-08-26T11:49:09 IST" duration-ms="617" status="PASS">
          <reporter-output>
          </reporter-output>
        </test-method> <!-- tearDown -->
        <test-method is-config="true" signature="launchApplication(java.lang.String)[pri:0, instance:SkyTravellers_Hotels.TCHO_1_verifyHotelsSearch1@5bda8e08]" started-at="2025-08-26T11:49:09 IST" name="launchApplication" finished-at="2025-08-26T11:49:11 IST" duration-ms="2516" status="PASS">
          <params>
            <param index="0">
              <value>
                <![CDATA[chrome]]>
              </value>
            </param>
          </params>
          <reporter-output>
          </reporter-output>
        </test-method> <!-- launchApplication -->
        <test-method signature="myTest(java.util.Map)[pri:0, instance:SkyTravellers_Hotels.TCHO_1_verifyHotelsSearch1@5bda8e08]" started-at="2025-08-26T11:49:11 IST" name="myTest" data-provider="sheetBasedData" finished-at="2025-08-26T11:51:29 IST" duration-ms="137204" status="PASS">
          <params>
            <param index="0">
              <value>
                <![CDATA[{Origin=tokyo, RoomCount=1, Payment=UPI, UserName=tarun@tripgain.com, Email=abcd@tripgain.com, TestRun=, AdultCount=1, ChildAge=5, ChildCount=1, Phno=98076534226, URL=https://uaev2.skytravellers.com/login, Password=WXOlqr3290}]]>
              </value>
            </param>
          </params>
          <reporter-output>
          </reporter-output>
        </test-method> <!-- myTest -->
        <test-method is-config="true" signature="tearDown()[pri:0, instance:SkyTravellers_Hotels.TCHO_1_verifyHotelsSearch1@5bda8e08]" started-at="2025-08-26T11:51:29 IST" name="tearDown" finished-at="2025-08-26T11:51:29 IST" duration-ms="64" status="PASS">
          <reporter-output>
          </reporter-output>
        </test-method> <!-- tearDown -->
        <test-method is-config="true" signature="launchApplication(java.lang.String)[pri:0, instance:SkyTravellers_Hotels.TCHO_1_verifyHotelsSearch1@5bda8e08]" started-at="2025-08-26T11:51:29 IST" name="launchApplication" finished-at="2025-08-26T11:51:31 IST" duration-ms="2436" status="PASS">
          <params>
            <param index="0">
              <value>
                <![CDATA[chrome]]>
              </value>
            </param>
          </params>
          <reporter-output>
          </reporter-output>
        </test-method> <!-- launchApplication -->
        <test-method signature="myTest(java.util.Map)[pri:0, instance:SkyTravellers_Hotels.TCHO_1_verifyHotelsSearch1@5bda8e08]" started-at="2025-08-26T11:51:31 IST" name="myTest" data-provider="sheetBasedData" finished-at="2025-08-26T11:53:40 IST" duration-ms="129268" status="PASS">
          <params>
            <param index="0">
              <value>
                <![CDATA[{Origin=singapore, RoomCount=1, Payment= CreditCard, UserName=tarun@tripgain.com, Email=abcd@tripgain.com, TestRun=, AdultCount=1, ChildAge=5, ChildCount=1, Phno=98076534227, URL=https://uaev2.skytravellers.com/login, Password=WXOlqr3291}]]>
              </value>
            </param>
          </params>
          <reporter-output>
          </reporter-output>
        </test-method> <!-- myTest -->
        <test-method is-config="true" signature="tearDown()[pri:0, instance:SkyTravellers_Hotels.TCHO_1_verifyHotelsSearch1@5bda8e08]" started-at="2025-08-26T11:53:40 IST" name="tearDown" finished-at="2025-08-26T11:53:40 IST" duration-ms="48" status="PASS">
          <reporter-output>
          </reporter-output>
        </test-method> <!-- tearDown -->
      </class> <!-- SkyTravellers_Hotels.TCHO_1_verifyHotelsSearch1 -->
      <class name="SkyTravellers_Hotels.TCHO_2_verifyHotelsSearchWithLocationDropdown">
        <test-method is-config="true" signature="launchApplication(java.lang.String)[pri:0, instance:SkyTravellers_Hotels.TCHO_2_verifyHotelsSearchWithLocationDropdown@131ef10]" started-at="2025-08-26T11:53:41 IST" name="launchApplication" finished-at="2025-08-26T11:53:43 IST" duration-ms="2534" status="PASS">
          <params>
            <param index="0">
              <value>
                <![CDATA[chrome]]>
              </value>
            </param>
          </params>
          <reporter-output>
          </reporter-output>
        </test-method> <!-- launchApplication -->
        <test-method signature="myTest(java.util.Map)[pri:0, instance:SkyTravellers_Hotels.TCHO_2_verifyHotelsSearchWithLocationDropdown@131ef10]" started-at="2025-08-26T11:53:43 IST" name="myTest" data-provider="sheetBasedData" finished-at="2025-08-26T11:56:08 IST" duration-ms="145303" status="PASS">
          <params>
            <param index="0">
              <value>
                <![CDATA[{Origin=Pune, RoomCount=2, Payment= CreditCard, UserName=tarun@tripgain.com, Email=abcd@tripgain.com, TestRun=, AdultCount=1,2, ChildAge=6,7, ChildCount=1,1, Phno=90876544345, URL=https://uaev2.skytravellers.com/login, Password=WXOlqr3282}]]>
              </value>
            </param>
          </params>
          <reporter-output>
          </reporter-output>
        </test-method> <!-- myTest -->
        <test-method is-config="true" signature="tearDown()[pri:0, instance:SkyTravellers_Hotels.TCHO_2_verifyHotelsSearchWithLocationDropdown@131ef10]" started-at="2025-08-26T11:56:08 IST" name="tearDown" finished-at="2025-08-26T11:56:08 IST" duration-ms="57" status="PASS">
          <reporter-output>
          </reporter-output>
        </test-method> <!-- tearDown -->
        <test-method is-config="true" signature="launchApplication(java.lang.String)[pri:0, instance:SkyTravellers_Hotels.TCHO_2_verifyHotelsSearchWithLocationDropdown@131ef10]" started-at="2025-08-26T11:56:08 IST" name="launchApplication" finished-at="2025-08-26T11:56:12 IST" duration-ms="3685" status="PASS">
          <params>
            <param index="0">
              <value>
                <![CDATA[chrome]]>
              </value>
            </param>
          </params>
          <reporter-output>
          </reporter-output>
        </test-method> <!-- launchApplication -->
        <test-method signature="myTest(java.util.Map)[pri:0, instance:SkyTravellers_Hotels.TCHO_2_verifyHotelsSearchWithLocationDropdown@131ef10]" started-at="2025-08-26T11:56:12 IST" name="myTest" data-provider="sheetBasedData" finished-at="2025-08-26T11:58:34 IST" duration-ms="141735" status="PASS">
          <params>
            <param index="0">
              <value>
                <![CDATA[{Origin=kolkata, RoomCount=1, Payment= CreditCard, UserName=tarun@tripgain.com, Email=abcd@tripgain.com, TestRun=, AdultCount=1, ChildAge=5, ChildCount=1, Phno=98076534219, URL=https://uaev2.skytravellers.com/login, Password=WXOlqr3283}]]>
              </value>
            </param>
          </params>
          <reporter-output>
          </reporter-output>
        </test-method> <!-- myTest -->
        <test-method is-config="true" signature="tearDown()[pri:0, instance:SkyTravellers_Hotels.TCHO_2_verifyHotelsSearchWithLocationDropdown@131ef10]" started-at="2025-08-26T11:58:34 IST" name="tearDown" finished-at="2025-08-26T11:58:34 IST" duration-ms="16" status="PASS">
          <reporter-output>
          </reporter-output>
        </test-method> <!-- tearDown -->
        <test-method is-config="true" signature="launchApplication(java.lang.String)[pri:0, instance:SkyTravellers_Hotels.TCHO_2_verifyHotelsSearchWithLocationDropdown@131ef10]" started-at="2025-08-26T11:58:34 IST" name="launchApplication" finished-at="2025-08-26T11:58:36 IST" duration-ms="2453" status="PASS">
          <params>
            <param index="0">
              <value>
                <![CDATA[chrome]]>
              </value>
            </param>
          </params>
          <reporter-output>
          </reporter-output>
        </test-method> <!-- launchApplication -->
        <test-method signature="myTest(java.util.Map)[pri:0, instance:SkyTravellers_Hotels.TCHO_2_verifyHotelsSearchWithLocationDropdown@131ef10]" started-at="2025-08-26T11:58:36 IST" name="myTest" data-provider="sheetBasedData" finished-at="2025-08-26T12:00:09 IST" duration-ms="92461" status="FAIL">
          <params>
            <param index="0">
              <value>
                <![CDATA[{Origin=Pune, RoomCount=1, Payment= DebitCard, UserName=tarun@tripgain.com, Email=abcd@tripgain.com, TestRun=, AdultCount=1, ChildAge=5, ChildCount=1, Phno=98076534220, URL=https://uaev2.skytravellers.com/login, Password=WXOlqr3284}]]>
              </value>
            </param>
          </params>
          <exception class="org.openqa.selenium.NoSuchElementException">
            <message>
              <![CDATA[no such element: Unable to locate element: {"method":"xpath","selector":"//span[text()='Room and Guest']/following-sibling::span"}
  (Session info: chrome=139.0.7258.139)
For documentation on this error, please visit: https://www.selenium.dev/documentation/webdriver/troubleshooting/errors#no-such-element-exception
Build info: version: '4.29.0', revision: '5fc1ec94cb'
System info: os.name: 'Windows 11', os.arch: 'amd64', os.version: '10.0', java.version: '21.0.7'
Driver info: org.openqa.selenium.chrome.ChromeDriver
Command: [a4f1dcace276e8ee8ff714003252383c, findElement {using=xpath, value=//span[text()='Room and Guest']/following-sibling::span}]
Capabilities {acceptInsecureCerts: false, browserName: chrome, browserVersion: 139.0.7258.139, chrome: {chromedriverVersion: 139.0.7258.138 (884e54ea8d4..., userDataDir: C:\Users\LENOVO\AppData\Loc...}, fedcm:accounts: true, goog:chromeOptions: {debuggerAddress: localhost:52326}, networkConnectionEnabled: false, pageLoadStrategy: normal, platformName: windows, proxy: Proxy(), se:cdp: ws://localhost:52326/devtoo..., se:cdpVersion: 139.0.7258.139, setWindowRect: true, strictFileInteractability: false, timeouts: {implicit: 0, pageLoad: 300000, script: 30000}, unhandledPromptBehavior: dismiss and notify, webauthn:extension:credBlob: true, webauthn:extension:largeBlob: true, webauthn:extension:minPinLength: true, webauthn:extension:prf: true, webauthn:virtualAuthenticators: true}
Session ID: a4f1dcace276e8ee8ff714003252383c]]>
            </message>
            <full-stacktrace>
              <![CDATA[org.openqa.selenium.NoSuchElementException: no such element: Unable to locate element: {"method":"xpath","selector":"//span[text()='Room and Guest']/following-sibling::span"}
  (Session info: chrome=139.0.7258.139)
For documentation on this error, please visit: https://www.selenium.dev/documentation/webdriver/troubleshooting/errors#no-such-element-exception
Build info: version: '4.29.0', revision: '5fc1ec94cb'
System info: os.name: 'Windows 11', os.arch: 'amd64', os.version: '10.0', java.version: '21.0.7'
Driver info: org.openqa.selenium.chrome.ChromeDriver
Command: [a4f1dcace276e8ee8ff714003252383c, findElement {using=xpath, value=//span[text()='Room and Guest']/following-sibling::span}]
Capabilities {acceptInsecureCerts: false, browserName: chrome, browserVersion: 139.0.7258.139, chrome: {chromedriverVersion: 139.0.7258.138 (884e54ea8d4..., userDataDir: C:\Users\LENOVO\AppData\Loc...}, fedcm:accounts: true, goog:chromeOptions: {debuggerAddress: localhost:52326}, networkConnectionEnabled: false, pageLoadStrategy: normal, platformName: windows, proxy: Proxy(), se:cdp: ws://localhost:52326/devtoo..., se:cdpVersion: 139.0.7258.139, setWindowRect: true, strictFileInteractability: false, timeouts: {implicit: 0, pageLoad: 300000, script: 30000}, unhandledPromptBehavior: dismiss and notify, webauthn:extension:credBlob: true, webauthn:extension:largeBlob: true, webauthn:extension:minPinLength: true, webauthn:extension:prf: true, webauthn:virtualAuthenticators: true}
Session ID: a4f1dcace276e8ee8ff714003252383c
at java.base/jdk.internal.reflect.DirectConstructorHandleAccessor.newInstance(DirectConstructorHandleAccessor.java:62)
at java.base/java.lang.reflect.Constructor.newInstanceWithCaller(Constructor.java:502)
at java.base/java.lang.reflect.Constructor.newInstance(Constructor.java:486)
at org.openqa.selenium.remote.ErrorCodec.decode(ErrorCodec.java:167)
at org.openqa.selenium.remote.codec.w3c.W3CHttpResponseCodec.decode(W3CHttpResponseCodec.java:138)
at org.openqa.selenium.remote.codec.w3c.W3CHttpResponseCodec.decode(W3CHttpResponseCodec.java:50)
at org.openqa.selenium.remote.HttpCommandExecutor.execute(HttpCommandExecutor.java:215)
at org.openqa.selenium.remote.service.DriverCommandExecutor.invokeExecute(DriverCommandExecutor.java:216)
at org.openqa.selenium.remote.service.DriverCommandExecutor.execute(DriverCommandExecutor.java:174)
at org.openqa.selenium.remote.RemoteWebDriver.execute(RemoteWebDriver.java:545)
at org.openqa.selenium.remote.ElementLocation$ElementFinder$2.findElement(ElementLocation.java:165)
at org.openqa.selenium.remote.ElementLocation.findElement(ElementLocation.java:59)
at org.openqa.selenium.remote.RemoteWebDriver.findElement(RemoteWebDriver.java:368)
at org.openqa.selenium.remote.RemoteWebDriver.findElement(RemoteWebDriver.java:362)
at com.tripgain.collectionofpages.SkyTravelers_Hotels_SearchPage.getRoomAndGuestTextFromResultPage(SkyTravelers_Hotels_SearchPage.java:774)
at SkyTravellers_Hotels.TCHO_2_verifyHotelsSearchWithLocationDropdown.myTest(TCHO_2_verifyHotelsSearchWithLocationDropdown.java:111)
at java.base/jdk.internal.reflect.DirectMethodHandleAccessor.invoke(DirectMethodHandleAccessor.java:103)
at java.base/java.lang.reflect.Method.invoke(Method.java:580)
at org.testng.internal.invokers.MethodInvocationHelper.invokeMethod(MethodInvocationHelper.java:141)
at org.testng.internal.invokers.TestInvoker.invokeMethod(TestInvoker.java:687)
at org.testng.internal.invokers.TestInvoker.invokeTestMethod(TestInvoker.java:230)
at org.testng.internal.invokers.MethodRunner.runInSequence(MethodRunner.java:63)
at org.testng.internal.invokers.TestInvoker$MethodInvocationAgent.invoke(TestInvoker.java:995)
at org.testng.internal.invokers.TestInvoker.invokeTestMethods(TestInvoker.java:203)
at org.testng.internal.invokers.TestMethodWorker.invokeTestMethods(TestMethodWorker.java:154)
at org.testng.internal.invokers.TestMethodWorker.run(TestMethodWorker.java:134)
at java.base/java.util.ArrayList.forEach(ArrayList.java:1596)
at org.testng.TestRunner.privateRun(TestRunner.java:741)
at org.testng.TestRunner.run(TestRunner.java:616)
at org.testng.SuiteRunner.runTest(SuiteRunner.java:421)
at org.testng.SuiteRunner$SuiteWorker.run(SuiteRunner.java:463)
at org.testng.internal.thread.ThreadUtil.lambda$execute$0(ThreadUtil.java:64)
at java.base/java.util.concurrent.FutureTask.run(FutureTask.java:317)
at java.base/java.util.concurrent.ThreadPoolExecutor.runWorker(ThreadPoolExecutor.java:1144)
at java.base/java.util.concurrent.ThreadPoolExecutor$Worker.run(ThreadPoolExecutor.java:642)
at java.base/java.lang.Thread.run(Thread.java:1583)
]]>
            </full-stacktrace>
          </exception> <!-- org.openqa.selenium.NoSuchElementException -->
          <reporter-output>
          </reporter-output>
        </test-method> <!-- myTest -->
        <test-method is-config="true" signature="tearDown()[pri:0, instance:SkyTravellers_Hotels.TCHO_2_verifyHotelsSearchWithLocationDropdown@131ef10]" started-at="2025-08-26T12:00:09 IST" name="tearDown" finished-at="2025-08-26T12:00:09 IST" duration-ms="542" status="PASS">
          <reporter-output>
          </reporter-output>
        </test-method> <!-- tearDown -->
        <test-method is-config="true" signature="launchApplication(java.lang.String)[pri:0, instance:SkyTravellers_Hotels.TCHO_2_verifyHotelsSearchWithLocationDropdown@131ef10]" started-at="2025-08-26T12:00:09 IST" name="launchApplication" finished-at="2025-08-26T12:00:12 IST" duration-ms="2889" status="PASS">
          <params>
            <param index="0">
              <value>
                <![CDATA[chrome]]>
              </value>
            </param>
          </params>
          <reporter-output>
          </reporter-output>
        </test-method> <!-- launchApplication -->
        <test-method signature="myTest(java.util.Map)[pri:0, instance:SkyTravellers_Hotels.TCHO_2_verifyHotelsSearchWithLocationDropdown@131ef10]" started-at="2025-08-26T12:00:12 IST" name="myTest" data-provider="sheetBasedData" finished-at="2025-08-26T12:02:16 IST" duration-ms="124189" status="PASS">
          <params>
            <param index="0">
              <value>
                <![CDATA[{Origin=delhi, RoomCount=1, Payment=Netbanking, UserName=tarun@tripgain.com, Email=abcd@tripgain.com, TestRun=, AdultCount=1, ChildAge=5, ChildCount=1, Phno=98076534221, URL=https://uaev2.skytravellers.com/login, Password=WXOlqr3285}]]>
              </value>
            </param>
          </params>
          <reporter-output>
          </reporter-output>
        </test-method> <!-- myTest -->
        <test-method is-config="true" signature="tearDown()[pri:0, instance:SkyTravellers_Hotels.TCHO_2_verifyHotelsSearchWithLocationDropdown@131ef10]" started-at="2025-08-26T12:02:16 IST" name="tearDown" finished-at="2025-08-26T12:02:16 IST" duration-ms="63" status="PASS">
          <reporter-output>
          </reporter-output>
        </test-method> <!-- tearDown -->
        <test-method is-config="true" signature="launchApplication(java.lang.String)[pri:0, instance:SkyTravellers_Hotels.TCHO_2_verifyHotelsSearchWithLocationDropdown@131ef10]" started-at="2025-08-26T12:02:16 IST" name="launchApplication" finished-at="2025-08-26T12:02:19 IST" duration-ms="2536" status="PASS">
          <params>
            <param index="0">
              <value>
                <![CDATA[chrome]]>
              </value>
            </param>
          </params>
          <reporter-output>
          </reporter-output>
        </test-method> <!-- launchApplication -->
        <test-method signature="myTest(java.util.Map)[pri:0, instance:SkyTravellers_Hotels.TCHO_2_verifyHotelsSearchWithLocationDropdown@131ef10]" started-at="2025-08-26T12:02:19 IST" name="myTest" data-provider="sheetBasedData" finished-at="2025-08-26T12:04:20 IST" duration-ms="121247" status="PASS">
          <params>
            <param index="0">
              <value>
                <![CDATA[{Origin=Bangladesh, RoomCount=1, Payment=UPI, UserName=tarun@tripgain.com, Email=abcd@tripgain.com, TestRun=, AdultCount=1, ChildAge=5, ChildCount=1, Phno=98076534222, URL=https://uaev2.skytravellers.com/login, Password=WXOlqr3286}]]>
              </value>
            </param>
          </params>
          <reporter-output>
          </reporter-output>
        </test-method> <!-- myTest -->
        <test-method is-config="true" signature="tearDown()[pri:0, instance:SkyTravellers_Hotels.TCHO_2_verifyHotelsSearchWithLocationDropdown@131ef10]" started-at="2025-08-26T12:04:20 IST" name="tearDown" finished-at="2025-08-26T12:04:20 IST" duration-ms="79" status="PASS">
          <reporter-output>
          </reporter-output>
        </test-method> <!-- tearDown -->
        <test-method is-config="true" signature="launchApplication(java.lang.String)[pri:0, instance:SkyTravellers_Hotels.TCHO_2_verifyHotelsSearchWithLocationDropdown@131ef10]" started-at="2025-08-26T12:04:20 IST" name="launchApplication" finished-at="2025-08-26T12:04:23 IST" duration-ms="2360" status="PASS">
          <params>
            <param index="0">
              <value>
                <![CDATA[chrome]]>
              </value>
            </param>
          </params>
          <reporter-output>
          </reporter-output>
        </test-method> <!-- launchApplication -->
        <test-method signature="myTest(java.util.Map)[pri:0, instance:SkyTravellers_Hotels.TCHO_2_verifyHotelsSearchWithLocationDropdown@131ef10]" started-at="2025-08-26T12:04:23 IST" name="myTest" data-provider="sheetBasedData" finished-at="2025-08-26T12:06:08 IST" duration-ms="105536" status="PASS">
          <params>
            <param index="0">
              <value>
                <![CDATA[{Origin=china, RoomCount=1, Payment= CreditCard, UserName=tarun@tripgain.com, Email=abcd@tripgain.com, TestRun=, AdultCount=1, ChildAge=5, ChildCount=1, Phno=98076534223, URL=https://uaev2.skytravellers.com/login, Password=WXOlqr3287}]]>
              </value>
            </param>
          </params>
          <reporter-output>
          </reporter-output>
        </test-method> <!-- myTest -->
        <test-method is-config="true" signature="tearDown()[pri:0, instance:SkyTravellers_Hotels.TCHO_2_verifyHotelsSearchWithLocationDropdown@131ef10]" started-at="2025-08-26T12:06:08 IST" name="tearDown" finished-at="2025-08-26T12:06:08 IST" duration-ms="64" status="PASS">
          <reporter-output>
          </reporter-output>
        </test-method> <!-- tearDown -->
        <test-method is-config="true" signature="launchApplication(java.lang.String)[pri:0, instance:SkyTravellers_Hotels.TCHO_2_verifyHotelsSearchWithLocationDropdown@131ef10]" started-at="2025-08-26T12:06:08 IST" name="launchApplication" finished-at="2025-08-26T12:06:11 IST" duration-ms="2500" status="PASS">
          <params>
            <param index="0">
              <value>
                <![CDATA[chrome]]>
              </value>
            </param>
          </params>
          <reporter-output>
          </reporter-output>
        </test-method> <!-- launchApplication -->
        <test-method signature="myTest(java.util.Map)[pri:0, instance:SkyTravellers_Hotels.TCHO_2_verifyHotelsSearchWithLocationDropdown@131ef10]" started-at="2025-08-26T12:06:11 IST" name="myTest" data-provider="sheetBasedData" finished-at="2025-08-26T12:08:04 IST" duration-ms="113606" status="PASS">
          <params>
            <param index="0">
              <value>
                <![CDATA[{Origin=Canada's Wonderland, RoomCount=1, Payment= DebitCard, UserName=tarun@tripgain.com, Email=abcd@tripgain.com, TestRun=, AdultCount=1, ChildAge=5, ChildCount=1, Phno=98076534224, URL=https://uaev2.skytravellers.com/login, Password=WXOlqr3288}]]>
              </value>
            </param>
          </params>
          <reporter-output>
          </reporter-output>
        </test-method> <!-- myTest -->
        <test-method is-config="true" signature="tearDown()[pri:0, instance:SkyTravellers_Hotels.TCHO_2_verifyHotelsSearchWithLocationDropdown@131ef10]" started-at="2025-08-26T12:08:04 IST" name="tearDown" finished-at="2025-08-26T12:08:04 IST" duration-ms="63" status="PASS">
          <reporter-output>
          </reporter-output>
        </test-method> <!-- tearDown -->
        <test-method is-config="true" signature="launchApplication(java.lang.String)[pri:0, instance:SkyTravellers_Hotels.TCHO_2_verifyHotelsSearchWithLocationDropdown@131ef10]" started-at="2025-08-26T12:08:04 IST" name="launchApplication" finished-at="2025-08-26T12:08:07 IST" duration-ms="2562" status="PASS">
          <params>
            <param index="0">
              <value>
                <![CDATA[chrome]]>
              </value>
            </param>
          </params>
          <reporter-output>
          </reporter-output>
        </test-method> <!-- launchApplication -->
        <test-method signature="myTest(java.util.Map)[pri:0, instance:SkyTravellers_Hotels.TCHO_2_verifyHotelsSearchWithLocationDropdown@131ef10]" started-at="2025-08-26T12:08:07 IST" name="myTest" data-provider="sheetBasedData" finished-at="2025-08-26T12:10:28 IST" duration-ms="141311" status="PASS">
          <params>
            <param index="0">
              <value>
                <![CDATA[{Origin=dubai, RoomCount=1, Payment=Netbanking, UserName=tarun@tripgain.com, Email=abcd@tripgain.com, TestRun=, AdultCount=1, ChildAge=5, ChildCount=1, Phno=98076534225, URL=https://uaev2.skytravellers.com/login, Password=WXOlqr3289}]]>
              </value>
            </param>
          </params>
          <reporter-output>
          </reporter-output>
        </test-method> <!-- myTest -->
        <test-method is-config="true" signature="tearDown()[pri:0, instance:SkyTravellers_Hotels.TCHO_2_verifyHotelsSearchWithLocationDropdown@131ef10]" started-at="2025-08-26T12:10:28 IST" name="tearDown" finished-at="2025-08-26T12:10:28 IST" duration-ms="79" status="PASS">
          <reporter-output>
          </reporter-output>
        </test-method> <!-- tearDown -->
        <test-method is-config="true" signature="launchApplication(java.lang.String)[pri:0, instance:SkyTravellers_Hotels.TCHO_2_verifyHotelsSearchWithLocationDropdown@131ef10]" started-at="2025-08-26T12:10:28 IST" name="launchApplication" finished-at="2025-08-26T12:10:31 IST" duration-ms="2537" status="PASS">
          <params>
            <param index="0">
              <value>
                <![CDATA[chrome]]>
              </value>
            </param>
          </params>
          <reporter-output>
          </reporter-output>
        </test-method> <!-- launchApplication -->
        <test-method signature="myTest(java.util.Map)[pri:0, instance:SkyTravellers_Hotels.TCHO_2_verifyHotelsSearchWithLocationDropdown@131ef10]" started-at="2025-08-26T12:10:31 IST" name="myTest" data-provider="sheetBasedData" finished-at="2025-08-26T12:11:39 IST" duration-ms="67712" status="FAIL">
          <params>
            <param index="0">
              <value>
                <![CDATA[{Origin=japan, RoomCount=1, Payment=UPI, UserName=tarun@tripgain.com, Email=abcd@tripgain.com, TestRun=, AdultCount=1, ChildAge=5, ChildCount=1, Phno=98076534226, URL=https://uaev2.skytravellers.com/login, Password=WXOlqr3290}]]>
              </value>
            </param>
          </params>
          <exception class="org.openqa.selenium.NoSuchElementException">
            <message>
              <![CDATA[no such element: Unable to locate element: {"method":"xpath","selector":".//span[@class='hotel-card__body__header_hotel-location']"}
  (Session info: chrome=139.0.7258.139)
For documentation on this error, please visit: https://www.selenium.dev/documentation/webdriver/troubleshooting/errors#no-such-element-exception
Build info: version: '4.29.0', revision: '5fc1ec94cb'
System info: os.name: 'Windows 11', os.arch: 'amd64', os.version: '10.0', java.version: '21.0.7'
Driver info: org.openqa.selenium.chrome.ChromeDriver
Command: [47c646d565cbf874a800c09769ef7aa4, findElement {using=xpath, value=.//span[@class='hotel-card__body__header_hotel-location']}]
Capabilities {acceptInsecureCerts: false, browserName: chrome, browserVersion: 139.0.7258.139, chrome: {chromedriverVersion: 139.0.7258.138 (884e54ea8d4..., userDataDir: C:\Users\LENOVO\AppData\Loc...}, fedcm:accounts: true, goog:chromeOptions: {debuggerAddress: localhost:58885}, networkConnectionEnabled: false, pageLoadStrategy: normal, platformName: windows, proxy: Proxy(), se:cdp: ws://localhost:58885/devtoo..., se:cdpVersion: 139.0.7258.139, setWindowRect: true, strictFileInteractability: false, timeouts: {implicit: 0, pageLoad: 300000, script: 30000}, unhandledPromptBehavior: dismiss and notify, webauthn:extension:credBlob: true, webauthn:extension:largeBlob: true, webauthn:extension:minPinLength: true, webauthn:extension:prf: true, webauthn:virtualAuthenticators: true}
Session ID: 47c646d565cbf874a800c09769ef7aa4]]>
            </message>
            <full-stacktrace>
              <![CDATA[org.openqa.selenium.NoSuchElementException: no such element: Unable to locate element: {"method":"xpath","selector":".//span[@class='hotel-card__body__header_hotel-location']"}
  (Session info: chrome=139.0.7258.139)
For documentation on this error, please visit: https://www.selenium.dev/documentation/webdriver/troubleshooting/errors#no-such-element-exception
Build info: version: '4.29.0', revision: '5fc1ec94cb'
System info: os.name: 'Windows 11', os.arch: 'amd64', os.version: '10.0', java.version: '21.0.7'
Driver info: org.openqa.selenium.chrome.ChromeDriver
Command: [47c646d565cbf874a800c09769ef7aa4, findElement {using=xpath, value=.//span[@class='hotel-card__body__header_hotel-location']}]
Capabilities {acceptInsecureCerts: false, browserName: chrome, browserVersion: 139.0.7258.139, chrome: {chromedriverVersion: 139.0.7258.138 (884e54ea8d4..., userDataDir: C:\Users\LENOVO\AppData\Loc...}, fedcm:accounts: true, goog:chromeOptions: {debuggerAddress: localhost:58885}, networkConnectionEnabled: false, pageLoadStrategy: normal, platformName: windows, proxy: Proxy(), se:cdp: ws://localhost:58885/devtoo..., se:cdpVersion: 139.0.7258.139, setWindowRect: true, strictFileInteractability: false, timeouts: {implicit: 0, pageLoad: 300000, script: 30000}, unhandledPromptBehavior: dismiss and notify, webauthn:extension:credBlob: true, webauthn:extension:largeBlob: true, webauthn:extension:minPinLength: true, webauthn:extension:prf: true, webauthn:virtualAuthenticators: true}
Session ID: 47c646d565cbf874a800c09769ef7aa4
at java.base/jdk.internal.reflect.DirectConstructorHandleAccessor.newInstance(DirectConstructorHandleAccessor.java:62)
at java.base/java.lang.reflect.Constructor.newInstanceWithCaller(Constructor.java:502)
at java.base/java.lang.reflect.Constructor.newInstance(Constructor.java:486)
at org.openqa.selenium.remote.ErrorCodec.decode(ErrorCodec.java:167)
at org.openqa.selenium.remote.codec.w3c.W3CHttpResponseCodec.decode(W3CHttpResponseCodec.java:138)
at org.openqa.selenium.remote.codec.w3c.W3CHttpResponseCodec.decode(W3CHttpResponseCodec.java:50)
at org.openqa.selenium.remote.HttpCommandExecutor.execute(HttpCommandExecutor.java:215)
at org.openqa.selenium.remote.service.DriverCommandExecutor.invokeExecute(DriverCommandExecutor.java:216)
at org.openqa.selenium.remote.service.DriverCommandExecutor.execute(DriverCommandExecutor.java:174)
at org.openqa.selenium.remote.RemoteWebDriver.execute(RemoteWebDriver.java:545)
at org.openqa.selenium.remote.ElementLocation$ElementFinder$2.findElement(ElementLocation.java:165)
at org.openqa.selenium.remote.ElementLocation.findElement(ElementLocation.java:59)
at org.openqa.selenium.remote.RemoteWebDriver.findElement(RemoteWebDriver.java:368)
at org.openqa.selenium.remote.RemoteWebDriver.findElement(RemoteWebDriver.java:362)
at com.tripgain.collectionofpages.SkyTravelers_Hotels_SearchPage.getHotelLocationFromCardFromResultsPage(SkyTravelers_Hotels_SearchPage.java:733)
at SkyTravellers_Hotels.TCHO_2_verifyHotelsSearchWithLocationDropdown.myTest(TCHO_2_verifyHotelsSearchWithLocationDropdown.java:123)
at java.base/jdk.internal.reflect.DirectMethodHandleAccessor.invoke(DirectMethodHandleAccessor.java:103)
at java.base/java.lang.reflect.Method.invoke(Method.java:580)
at org.testng.internal.invokers.MethodInvocationHelper.invokeMethod(MethodInvocationHelper.java:141)
at org.testng.internal.invokers.TestInvoker.invokeMethod(TestInvoker.java:687)
at org.testng.internal.invokers.TestInvoker.invokeTestMethod(TestInvoker.java:230)
at org.testng.internal.invokers.MethodRunner.runInSequence(MethodRunner.java:63)
at org.testng.internal.invokers.TestInvoker$MethodInvocationAgent.invoke(TestInvoker.java:995)
at org.testng.internal.invokers.TestInvoker.invokeTestMethods(TestInvoker.java:203)
at org.testng.internal.invokers.TestMethodWorker.invokeTestMethods(TestMethodWorker.java:154)
at org.testng.internal.invokers.TestMethodWorker.run(TestMethodWorker.java:134)
at java.base/java.util.ArrayList.forEach(ArrayList.java:1596)
at org.testng.TestRunner.privateRun(TestRunner.java:741)
at org.testng.TestRunner.run(TestRunner.java:616)
at org.testng.SuiteRunner.runTest(SuiteRunner.java:421)
at org.testng.SuiteRunner$SuiteWorker.run(SuiteRunner.java:463)
at org.testng.internal.thread.ThreadUtil.lambda$execute$0(ThreadUtil.java:64)
at java.base/java.util.concurrent.FutureTask.run(FutureTask.java:317)
at java.base/java.util.concurrent.ThreadPoolExecutor.runWorker(ThreadPoolExecutor.java:1144)
at java.base/java.util.concurrent.ThreadPoolExecutor$Worker.run(ThreadPoolExecutor.java:642)
at java.base/java.lang.Thread.run(Thread.java:1583)
]]>
            </full-stacktrace>
          </exception> <!-- org.openqa.selenium.NoSuchElementException -->
          <reporter-output>
          </reporter-output>
        </test-method> <!-- myTest -->
        <test-method is-config="true" signature="tearDown()[pri:0, instance:SkyTravellers_Hotels.TCHO_2_verifyHotelsSearchWithLocationDropdown@131ef10]" started-at="2025-08-26T12:11:39 IST" name="tearDown" finished-at="2025-08-26T12:11:39 IST" duration-ms="599" status="PASS">
          <reporter-output>
          </reporter-output>
        </test-method> <!-- tearDown -->
        <test-method is-config="true" signature="launchApplication(java.lang.String)[pri:0, instance:SkyTravellers_Hotels.TCHO_2_verifyHotelsSearchWithLocationDropdown@131ef10]" started-at="2025-08-26T12:11:39 IST" name="launchApplication" finished-at="2025-08-26T12:11:42 IST" duration-ms="2437" status="PASS">
          <params>
            <param index="0">
              <value>
                <![CDATA[chrome]]>
              </value>
            </param>
          </params>
          <reporter-output>
          </reporter-output>
        </test-method> <!-- launchApplication -->
        <test-method signature="myTest(java.util.Map)[pri:0, instance:SkyTravellers_Hotels.TCHO_2_verifyHotelsSearchWithLocationDropdown@131ef10]" started-at="2025-08-26T12:11:42 IST" name="myTest" data-provider="sheetBasedData" finished-at="2025-08-26T12:12:50 IST" duration-ms="68009" status="FAIL">
          <params>
            <param index="0">
              <value>
                <![CDATA[{Origin=vietnam, RoomCount=1, Payment= CreditCard, UserName=tarun@tripgain.com, Email=abcd@tripgain.com, TestRun=, AdultCount=1, ChildAge=5, ChildCount=1, Phno=98076534227, URL=https://uaev2.skytravellers.com/login, Password=WXOlqr3291}]]>
              </value>
            </param>
          </params>
          <exception class="org.openqa.selenium.NoSuchElementException">
            <message>
              <![CDATA[no such element: Unable to locate element: {"method":"xpath","selector":".//span[@class='hotel-card__body__header_hotel-location']"}
  (Session info: chrome=139.0.7258.139)
For documentation on this error, please visit: https://www.selenium.dev/documentation/webdriver/troubleshooting/errors#no-such-element-exception
Build info: version: '4.29.0', revision: '5fc1ec94cb'
System info: os.name: 'Windows 11', os.arch: 'amd64', os.version: '10.0', java.version: '21.0.7'
Driver info: org.openqa.selenium.chrome.ChromeDriver
Command: [adf24aa3de6e81330dde5c87f2dedf66, findElement {using=xpath, value=.//span[@class='hotel-card__body__header_hotel-location']}]
Capabilities {acceptInsecureCerts: false, browserName: chrome, browserVersion: 139.0.7258.139, chrome: {chromedriverVersion: 139.0.7258.138 (884e54ea8d4..., userDataDir: C:\Users\LENOVO\AppData\Loc...}, fedcm:accounts: true, goog:chromeOptions: {debuggerAddress: localhost:58928}, networkConnectionEnabled: false, pageLoadStrategy: normal, platformName: windows, proxy: Proxy(), se:cdp: ws://localhost:58928/devtoo..., se:cdpVersion: 139.0.7258.139, setWindowRect: true, strictFileInteractability: false, timeouts: {implicit: 0, pageLoad: 300000, script: 30000}, unhandledPromptBehavior: dismiss and notify, webauthn:extension:credBlob: true, webauthn:extension:largeBlob: true, webauthn:extension:minPinLength: true, webauthn:extension:prf: true, webauthn:virtualAuthenticators: true}
Session ID: adf24aa3de6e81330dde5c87f2dedf66]]>
            </message>
            <full-stacktrace>
              <![CDATA[org.openqa.selenium.NoSuchElementException: no such element: Unable to locate element: {"method":"xpath","selector":".//span[@class='hotel-card__body__header_hotel-location']"}
  (Session info: chrome=139.0.7258.139)
For documentation on this error, please visit: https://www.selenium.dev/documentation/webdriver/troubleshooting/errors#no-such-element-exception
Build info: version: '4.29.0', revision: '5fc1ec94cb'
System info: os.name: 'Windows 11', os.arch: 'amd64', os.version: '10.0', java.version: '21.0.7'
Driver info: org.openqa.selenium.chrome.ChromeDriver
Command: [adf24aa3de6e81330dde5c87f2dedf66, findElement {using=xpath, value=.//span[@class='hotel-card__body__header_hotel-location']}]
Capabilities {acceptInsecureCerts: false, browserName: chrome, browserVersion: 139.0.7258.139, chrome: {chromedriverVersion: 139.0.7258.138 (884e54ea8d4..., userDataDir: C:\Users\LENOVO\AppData\Loc...}, fedcm:accounts: true, goog:chromeOptions: {debuggerAddress: localhost:58928}, networkConnectionEnabled: false, pageLoadStrategy: normal, platformName: windows, proxy: Proxy(), se:cdp: ws://localhost:58928/devtoo..., se:cdpVersion: 139.0.7258.139, setWindowRect: true, strictFileInteractability: false, timeouts: {implicit: 0, pageLoad: 300000, script: 30000}, unhandledPromptBehavior: dismiss and notify, webauthn:extension:credBlob: true, webauthn:extension:largeBlob: true, webauthn:extension:minPinLength: true, webauthn:extension:prf: true, webauthn:virtualAuthenticators: true}
Session ID: adf24aa3de6e81330dde5c87f2dedf66
at java.base/jdk.internal.reflect.DirectConstructorHandleAccessor.newInstance(DirectConstructorHandleAccessor.java:62)
at java.base/java.lang.reflect.Constructor.newInstanceWithCaller(Constructor.java:502)
at java.base/java.lang.reflect.Constructor.newInstance(Constructor.java:486)
at org.openqa.selenium.remote.ErrorCodec.decode(ErrorCodec.java:167)
at org.openqa.selenium.remote.codec.w3c.W3CHttpResponseCodec.decode(W3CHttpResponseCodec.java:138)
at org.openqa.selenium.remote.codec.w3c.W3CHttpResponseCodec.decode(W3CHttpResponseCodec.java:50)
at org.openqa.selenium.remote.HttpCommandExecutor.execute(HttpCommandExecutor.java:215)
at org.openqa.selenium.remote.service.DriverCommandExecutor.invokeExecute(DriverCommandExecutor.java:216)
at org.openqa.selenium.remote.service.DriverCommandExecutor.execute(DriverCommandExecutor.java:174)
at org.openqa.selenium.remote.RemoteWebDriver.execute(RemoteWebDriver.java:545)
at org.openqa.selenium.remote.ElementLocation$ElementFinder$2.findElement(ElementLocation.java:165)
at org.openqa.selenium.remote.ElementLocation.findElement(ElementLocation.java:59)
at org.openqa.selenium.remote.RemoteWebDriver.findElement(RemoteWebDriver.java:368)
at org.openqa.selenium.remote.RemoteWebDriver.findElement(RemoteWebDriver.java:362)
at com.tripgain.collectionofpages.SkyTravelers_Hotels_SearchPage.getHotelLocationFromCardFromResultsPage(SkyTravelers_Hotels_SearchPage.java:733)
at SkyTravellers_Hotels.TCHO_2_verifyHotelsSearchWithLocationDropdown.myTest(TCHO_2_verifyHotelsSearchWithLocationDropdown.java:123)
at java.base/jdk.internal.reflect.DirectMethodHandleAccessor.invoke(DirectMethodHandleAccessor.java:103)
at java.base/java.lang.reflect.Method.invoke(Method.java:580)
at org.testng.internal.invokers.MethodInvocationHelper.invokeMethod(MethodInvocationHelper.java:141)
at org.testng.internal.invokers.TestInvoker.invokeMethod(TestInvoker.java:687)
at org.testng.internal.invokers.TestInvoker.invokeTestMethod(TestInvoker.java:230)
at org.testng.internal.invokers.MethodRunner.runInSequence(MethodRunner.java:63)
at org.testng.internal.invokers.TestInvoker$MethodInvocationAgent.invoke(TestInvoker.java:995)
at org.testng.internal.invokers.TestInvoker.invokeTestMethods(TestInvoker.java:203)
at org.testng.internal.invokers.TestMethodWorker.invokeTestMethods(TestMethodWorker.java:154)
at org.testng.internal.invokers.TestMethodWorker.run(TestMethodWorker.java:134)
at java.base/java.util.ArrayList.forEach(ArrayList.java:1596)
at org.testng.TestRunner.privateRun(TestRunner.java:741)
at org.testng.TestRunner.run(TestRunner.java:616)
at org.testng.SuiteRunner.runTest(SuiteRunner.java:421)
at org.testng.SuiteRunner$SuiteWorker.run(SuiteRunner.java:463)
at org.testng.internal.thread.ThreadUtil.lambda$execute$0(ThreadUtil.java:64)
at java.base/java.util.concurrent.FutureTask.run(FutureTask.java:317)
at java.base/java.util.concurrent.ThreadPoolExecutor.runWorker(ThreadPoolExecutor.java:1144)
at java.base/java.util.concurrent.ThreadPoolExecutor$Worker.run(ThreadPoolExecutor.java:642)
at java.base/java.lang.Thread.run(Thread.java:1583)
]]>
            </full-stacktrace>
          </exception> <!-- org.openqa.selenium.NoSuchElementException -->
          <reporter-output>
          </reporter-output>
        </test-method> <!-- myTest -->
        <test-method is-config="true" signature="tearDown()[pri:0, instance:SkyTravellers_Hotels.TCHO_2_verifyHotelsSearchWithLocationDropdown@131ef10]" started-at="2025-08-26T12:12:50 IST" name="tearDown" finished-at="2025-08-26T12:12:50 IST" duration-ms="538" status="PASS">
          <reporter-output>
          </reporter-output>
        </test-method> <!-- tearDown -->
      </class> <!-- SkyTravellers_Hotels.TCHO_2_verifyHotelsSearchWithLocationDropdown -->
      <class name="SkyTravellers_Hotels.TCHO_4_verifyHotelsSearchwithFacilities">
        <test-method is-config="true" signature="launchApplication(java.lang.String)[pri:0, instance:SkyTravellers_Hotels.TCHO_4_verifyHotelsSearchwithFacilities@38afe297]" started-at="2025-08-26T12:28:28 IST" name="launchApplication" finished-at="2025-08-26T12:28:30 IST" duration-ms="2369" status="PASS">
          <params>
            <param index="0">
              <value>
                <![CDATA[chrome]]>
              </value>
            </param>
          </params>
          <reporter-output>
          </reporter-output>
        </test-method> <!-- launchApplication -->
        <test-method signature="myTest(java.util.Map)[pri:0, instance:SkyTravellers_Hotels.TCHO_4_verifyHotelsSearchwithFacilities@38afe297]" started-at="2025-08-26T12:28:30 IST" name="myTest" data-provider="sheetBasedData" finished-at="2025-08-26T12:30:02 IST" duration-ms="92592" status="FAIL">
          <params>
            <param index="0">
              <value>
                <![CDATA[{Origin=Bihar, RoomCount=1, Payment= DebitCard, UserName=tarun@tripgain.com, Email=abcd@tripgain.com, TestRun=, AdultCount=3,2, ChildCount=2,1, childAge=2,3,4, Phno=9704343708, URL=https://uaev2.skytravellers.com/login, Password=WXOlqr3282}]]>
              </value>
            </param>
          </params>
          <exception class="org.openqa.selenium.NoSuchElementException">
            <message>
              <![CDATA[no such element: Unable to locate element: {"method":"xpath","selector":"//*[@class='booking-review-page__body__booking-details_hotel-name']"}
  (Session info: chrome=139.0.7258.139)
For documentation on this error, please visit: https://www.selenium.dev/documentation/webdriver/troubleshooting/errors#no-such-element-exception
Build info: version: '4.29.0', revision: '5fc1ec94cb'
System info: os.name: 'Windows 11', os.arch: 'amd64', os.version: '10.0', java.version: '21.0.7'
Driver info: org.openqa.selenium.chrome.ChromeDriver
Command: [0425f2033e1de6574f1c838c820d452b, findElement {using=xpath, value=//*[@class='booking-review-page__body__booking-details_hotel-name']}]
Capabilities {acceptInsecureCerts: false, browserName: chrome, browserVersion: 139.0.7258.139, chrome: {chromedriverVersion: 139.0.7258.138 (884e54ea8d4..., userDataDir: C:\Users\LENOVO\AppData\Loc...}, fedcm:accounts: true, goog:chromeOptions: {debuggerAddress: localhost:59758}, networkConnectionEnabled: false, pageLoadStrategy: normal, platformName: windows, proxy: Proxy(), se:cdp: ws://localhost:59758/devtoo..., se:cdpVersion: 139.0.7258.139, setWindowRect: true, strictFileInteractability: false, timeouts: {implicit: 0, pageLoad: 300000, script: 30000}, unhandledPromptBehavior: dismiss and notify, webauthn:extension:credBlob: true, webauthn:extension:largeBlob: true, webauthn:extension:minPinLength: true, webauthn:extension:prf: true, webauthn:virtualAuthenticators: true}
Session ID: 0425f2033e1de6574f1c838c820d452b]]>
            </message>
            <full-stacktrace>
              <![CDATA[org.openqa.selenium.NoSuchElementException: no such element: Unable to locate element: {"method":"xpath","selector":"//*[@class='booking-review-page__body__booking-details_hotel-name']"}
  (Session info: chrome=139.0.7258.139)
For documentation on this error, please visit: https://www.selenium.dev/documentation/webdriver/troubleshooting/errors#no-such-element-exception
Build info: version: '4.29.0', revision: '5fc1ec94cb'
System info: os.name: 'Windows 11', os.arch: 'amd64', os.version: '10.0', java.version: '21.0.7'
Driver info: org.openqa.selenium.chrome.ChromeDriver
Command: [0425f2033e1de6574f1c838c820d452b, findElement {using=xpath, value=//*[@class='booking-review-page__body__booking-details_hotel-name']}]
Capabilities {acceptInsecureCerts: false, browserName: chrome, browserVersion: 139.0.7258.139, chrome: {chromedriverVersion: 139.0.7258.138 (884e54ea8d4..., userDataDir: C:\Users\LENOVO\AppData\Loc...}, fedcm:accounts: true, goog:chromeOptions: {debuggerAddress: localhost:59758}, networkConnectionEnabled: false, pageLoadStrategy: normal, platformName: windows, proxy: Proxy(), se:cdp: ws://localhost:59758/devtoo..., se:cdpVersion: 139.0.7258.139, setWindowRect: true, strictFileInteractability: false, timeouts: {implicit: 0, pageLoad: 300000, script: 30000}, unhandledPromptBehavior: dismiss and notify, webauthn:extension:credBlob: true, webauthn:extension:largeBlob: true, webauthn:extension:minPinLength: true, webauthn:extension:prf: true, webauthn:virtualAuthenticators: true}
Session ID: 0425f2033e1de6574f1c838c820d452b
at java.base/jdk.internal.reflect.DirectConstructorHandleAccessor.newInstance(DirectConstructorHandleAccessor.java:62)
at java.base/java.lang.reflect.Constructor.newInstanceWithCaller(Constructor.java:502)
at java.base/java.lang.reflect.Constructor.newInstance(Constructor.java:486)
at org.openqa.selenium.remote.ErrorCodec.decode(ErrorCodec.java:167)
at org.openqa.selenium.remote.codec.w3c.W3CHttpResponseCodec.decode(W3CHttpResponseCodec.java:138)
at org.openqa.selenium.remote.codec.w3c.W3CHttpResponseCodec.decode(W3CHttpResponseCodec.java:50)
at org.openqa.selenium.remote.HttpCommandExecutor.execute(HttpCommandExecutor.java:215)
at org.openqa.selenium.remote.service.DriverCommandExecutor.invokeExecute(DriverCommandExecutor.java:216)
at org.openqa.selenium.remote.service.DriverCommandExecutor.execute(DriverCommandExecutor.java:174)
at org.openqa.selenium.remote.RemoteWebDriver.execute(RemoteWebDriver.java:545)
at org.openqa.selenium.remote.ElementLocation$ElementFinder$2.findElement(ElementLocation.java:165)
at org.openqa.selenium.remote.ElementLocation.findElement(ElementLocation.java:59)
at org.openqa.selenium.remote.RemoteWebDriver.findElement(RemoteWebDriver.java:368)
at org.openqa.selenium.remote.RemoteWebDriver.findElement(RemoteWebDriver.java:362)
at com.tripgain.collectionofpages.SkyTravelers_Hotels_BookingPage.getHotelNameFromBookingPage(SkyTravelers_Hotels_BookingPage.java:42)
at SkyTravellers_Hotels.TCHO_4_verifyHotelsSearchwithFacilities.myTest(TCHO_4_verifyHotelsSearchwithFacilities.java:178)
at java.base/jdk.internal.reflect.DirectMethodHandleAccessor.invoke(DirectMethodHandleAccessor.java:103)
at java.base/java.lang.reflect.Method.invoke(Method.java:580)
at org.testng.internal.invokers.MethodInvocationHelper.invokeMethod(MethodInvocationHelper.java:141)
at org.testng.internal.invokers.TestInvoker.invokeMethod(TestInvoker.java:687)
at org.testng.internal.invokers.TestInvoker.invokeTestMethod(TestInvoker.java:230)
at org.testng.internal.invokers.MethodRunner.runInSequence(MethodRunner.java:63)
at org.testng.internal.invokers.TestInvoker$MethodInvocationAgent.invoke(TestInvoker.java:995)
at org.testng.internal.invokers.TestInvoker.invokeTestMethods(TestInvoker.java:203)
at org.testng.internal.invokers.TestMethodWorker.invokeTestMethods(TestMethodWorker.java:154)
at org.testng.internal.invokers.TestMethodWorker.run(TestMethodWorker.java:134)
at java.base/java.util.ArrayList.forEach(ArrayList.java:1596)
at org.testng.TestRunner.privateRun(TestRunner.java:741)
at org.testng.TestRunner.run(TestRunner.java:616)
at org.testng.SuiteRunner.runTest(SuiteRunner.java:421)
at org.testng.SuiteRunner$SuiteWorker.run(SuiteRunner.java:463)
at org.testng.internal.thread.ThreadUtil.lambda$execute$0(ThreadUtil.java:64)
at java.base/java.util.concurrent.FutureTask.run(FutureTask.java:317)
at java.base/java.util.concurrent.ThreadPoolExecutor.runWorker(ThreadPoolExecutor.java:1144)
at java.base/java.util.concurrent.ThreadPoolExecutor$Worker.run(ThreadPoolExecutor.java:642)
at java.base/java.lang.Thread.run(Thread.java:1583)
]]>
            </full-stacktrace>
          </exception> <!-- org.openqa.selenium.NoSuchElementException -->
          <reporter-output>
          </reporter-output>
        </test-method> <!-- myTest -->
        <test-method is-config="true" signature="tearDown()[pri:0, instance:SkyTravellers_Hotels.TCHO_4_verifyHotelsSearchwithFacilities@38afe297]" started-at="2025-08-26T12:30:03 IST" name="tearDown" finished-at="2025-08-26T12:30:03 IST" duration-ms="702" status="PASS">
          <reporter-output>
          </reporter-output>
        </test-method> <!-- tearDown -->
        <test-method is-config="true" signature="launchApplication(java.lang.String)[pri:0, instance:SkyTravellers_Hotels.TCHO_4_verifyHotelsSearchwithFacilities@38afe297]" started-at="2025-08-26T12:30:03 IST" name="launchApplication" finished-at="2025-08-26T12:30:06 IST" duration-ms="2634" status="PASS">
          <params>
            <param index="0">
              <value>
                <![CDATA[chrome]]>
              </value>
            </param>
          </params>
          <reporter-output>
          </reporter-output>
        </test-method> <!-- launchApplication -->
        <test-method signature="myTest(java.util.Map)[pri:0, instance:SkyTravellers_Hotels.TCHO_4_verifyHotelsSearchwithFacilities@38afe297]" started-at="2025-08-26T12:30:06 IST" name="myTest" data-provider="sheetBasedData" finished-at="2025-08-26T12:31:40 IST" duration-ms="94435" status="FAIL">
          <params>
            <param index="0">
              <value>
                <![CDATA[{Origin=Mumbai, RoomCount=1, Payment= CreditCard, UserName=tarun@tripgain.com, Email=abcd@tripgain.com, TestRun=, AdultCount=1, ChildCount=1, childAge=5, Phno=7689076554, URL=https://uaev2.skytravellers.com/login, Password=WXOlqr3283}]]>
              </value>
            </param>
          </params>
          <exception class="org.openqa.selenium.NoSuchElementException">
            <message>
              <![CDATA[no such element: Unable to locate element: {"method":"xpath","selector":"//*[@class='booking-review-page__body__booking-details_hotel-name']"}
  (Session info: chrome=139.0.7258.139)
For documentation on this error, please visit: https://www.selenium.dev/documentation/webdriver/troubleshooting/errors#no-such-element-exception
Build info: version: '4.29.0', revision: '5fc1ec94cb'
System info: os.name: 'Windows 11', os.arch: 'amd64', os.version: '10.0', java.version: '21.0.7'
Driver info: org.openqa.selenium.chrome.ChromeDriver
Command: [83dd3771da4f56ee1c68797caed023f8, findElement {using=xpath, value=//*[@class='booking-review-page__body__booking-details_hotel-name']}]
Capabilities {acceptInsecureCerts: false, browserName: chrome, browserVersion: 139.0.7258.139, chrome: {chromedriverVersion: 139.0.7258.138 (884e54ea8d4..., userDataDir: C:\Users\LENOVO\AppData\Loc...}, fedcm:accounts: true, goog:chromeOptions: {debuggerAddress: localhost:53126}, networkConnectionEnabled: false, pageLoadStrategy: normal, platformName: windows, proxy: Proxy(), se:cdp: ws://localhost:53126/devtoo..., se:cdpVersion: 139.0.7258.139, setWindowRect: true, strictFileInteractability: false, timeouts: {implicit: 0, pageLoad: 300000, script: 30000}, unhandledPromptBehavior: dismiss and notify, webauthn:extension:credBlob: true, webauthn:extension:largeBlob: true, webauthn:extension:minPinLength: true, webauthn:extension:prf: true, webauthn:virtualAuthenticators: true}
Session ID: 83dd3771da4f56ee1c68797caed023f8]]>
            </message>
            <full-stacktrace>
              <![CDATA[org.openqa.selenium.NoSuchElementException: no such element: Unable to locate element: {"method":"xpath","selector":"//*[@class='booking-review-page__body__booking-details_hotel-name']"}
  (Session info: chrome=139.0.7258.139)
For documentation on this error, please visit: https://www.selenium.dev/documentation/webdriver/troubleshooting/errors#no-such-element-exception
Build info: version: '4.29.0', revision: '5fc1ec94cb'
System info: os.name: 'Windows 11', os.arch: 'amd64', os.version: '10.0', java.version: '21.0.7'
Driver info: org.openqa.selenium.chrome.ChromeDriver
Command: [83dd3771da4f56ee1c68797caed023f8, findElement {using=xpath, value=//*[@class='booking-review-page__body__booking-details_hotel-name']}]
Capabilities {acceptInsecureCerts: false, browserName: chrome, browserVersion: 139.0.7258.139, chrome: {chromedriverVersion: 139.0.7258.138 (884e54ea8d4..., userDataDir: C:\Users\LENOVO\AppData\Loc...}, fedcm:accounts: true, goog:chromeOptions: {debuggerAddress: localhost:53126}, networkConnectionEnabled: false, pageLoadStrategy: normal, platformName: windows, proxy: Proxy(), se:cdp: ws://localhost:53126/devtoo..., se:cdpVersion: 139.0.7258.139, setWindowRect: true, strictFileInteractability: false, timeouts: {implicit: 0, pageLoad: 300000, script: 30000}, unhandledPromptBehavior: dismiss and notify, webauthn:extension:credBlob: true, webauthn:extension:largeBlob: true, webauthn:extension:minPinLength: true, webauthn:extension:prf: true, webauthn:virtualAuthenticators: true}
Session ID: 83dd3771da4f56ee1c68797caed023f8
at java.base/jdk.internal.reflect.DirectConstructorHandleAccessor.newInstance(DirectConstructorHandleAccessor.java:62)
at java.base/java.lang.reflect.Constructor.newInstanceWithCaller(Constructor.java:502)
at java.base/java.lang.reflect.Constructor.newInstance(Constructor.java:486)
at org.openqa.selenium.remote.ErrorCodec.decode(ErrorCodec.java:167)
at org.openqa.selenium.remote.codec.w3c.W3CHttpResponseCodec.decode(W3CHttpResponseCodec.java:138)
at org.openqa.selenium.remote.codec.w3c.W3CHttpResponseCodec.decode(W3CHttpResponseCodec.java:50)
at org.openqa.selenium.remote.HttpCommandExecutor.execute(HttpCommandExecutor.java:215)
at org.openqa.selenium.remote.service.DriverCommandExecutor.invokeExecute(DriverCommandExecutor.java:216)
at org.openqa.selenium.remote.service.DriverCommandExecutor.execute(DriverCommandExecutor.java:174)
at org.openqa.selenium.remote.RemoteWebDriver.execute(RemoteWebDriver.java:545)
at org.openqa.selenium.remote.ElementLocation$ElementFinder$2.findElement(ElementLocation.java:165)
at org.openqa.selenium.remote.ElementLocation.findElement(ElementLocation.java:59)
at org.openqa.selenium.remote.RemoteWebDriver.findElement(RemoteWebDriver.java:368)
at org.openqa.selenium.remote.RemoteWebDriver.findElement(RemoteWebDriver.java:362)
at com.tripgain.collectionofpages.SkyTravelers_Hotels_BookingPage.getHotelNameFromBookingPage(SkyTravelers_Hotels_BookingPage.java:42)
at SkyTravellers_Hotels.TCHO_4_verifyHotelsSearchwithFacilities.myTest(TCHO_4_verifyHotelsSearchwithFacilities.java:178)
at java.base/jdk.internal.reflect.DirectMethodHandleAccessor.invoke(DirectMethodHandleAccessor.java:103)
at java.base/java.lang.reflect.Method.invoke(Method.java:580)
at org.testng.internal.invokers.MethodInvocationHelper.invokeMethod(MethodInvocationHelper.java:141)
at org.testng.internal.invokers.TestInvoker.invokeMethod(TestInvoker.java:687)
at org.testng.internal.invokers.TestInvoker.invokeTestMethod(TestInvoker.java:230)
at org.testng.internal.invokers.MethodRunner.runInSequence(MethodRunner.java:63)
at org.testng.internal.invokers.TestInvoker$MethodInvocationAgent.invoke(TestInvoker.java:995)
at org.testng.internal.invokers.TestInvoker.invokeTestMethods(TestInvoker.java:203)
at org.testng.internal.invokers.TestMethodWorker.invokeTestMethods(TestMethodWorker.java:154)
at org.testng.internal.invokers.TestMethodWorker.run(TestMethodWorker.java:134)
at java.base/java.util.ArrayList.forEach(ArrayList.java:1596)
at org.testng.TestRunner.privateRun(TestRunner.java:741)
at org.testng.TestRunner.run(TestRunner.java:616)
at org.testng.SuiteRunner.runTest(SuiteRunner.java:421)
at org.testng.SuiteRunner$SuiteWorker.run(SuiteRunner.java:463)
at org.testng.internal.thread.ThreadUtil.lambda$execute$0(ThreadUtil.java:64)
at java.base/java.util.concurrent.FutureTask.run(FutureTask.java:317)
at java.base/java.util.concurrent.ThreadPoolExecutor.runWorker(ThreadPoolExecutor.java:1144)
at java.base/java.util.concurrent.ThreadPoolExecutor$Worker.run(ThreadPoolExecutor.java:642)
at java.base/java.lang.Thread.run(Thread.java:1583)
]]>
            </full-stacktrace>
          </exception> <!-- org.openqa.selenium.NoSuchElementException -->
          <reporter-output>
          </reporter-output>
        </test-method> <!-- myTest -->
        <test-method is-config="true" signature="tearDown()[pri:0, instance:SkyTravellers_Hotels.TCHO_4_verifyHotelsSearchwithFacilities@38afe297]" started-at="2025-08-26T12:31:40 IST" name="tearDown" finished-at="2025-08-26T12:31:41 IST" duration-ms="823" status="PASS">
          <reporter-output>
          </reporter-output>
        </test-method> <!-- tearDown -->
        <test-method is-config="true" signature="launchApplication(java.lang.String)[pri:0, instance:SkyTravellers_Hotels.TCHO_4_verifyHotelsSearchwithFacilities@38afe297]" started-at="2025-08-26T12:31:41 IST" name="launchApplication" finished-at="2025-08-26T12:31:44 IST" duration-ms="2494" status="PASS">
          <params>
            <param index="0">
              <value>
                <![CDATA[chrome]]>
              </value>
            </param>
          </params>
          <reporter-output>
          </reporter-output>
        </test-method> <!-- launchApplication -->
        <test-method signature="myTest(java.util.Map)[pri:0, instance:SkyTravellers_Hotels.TCHO_4_verifyHotelsSearchwithFacilities@38afe297]" started-at="2025-08-26T12:31:44 IST" name="myTest" data-provider="sheetBasedData" finished-at="2025-08-26T12:33:20 IST" duration-ms="96040" status="PASS">
          <params>
            <param index="0">
              <value>
                <![CDATA[{Origin=Pune, RoomCount=1, Payment= DebitCard, UserName=tarun@tripgain.com, Email=abcd@tripgain.com, TestRun=, AdultCount=1, ChildCount=1, childAge=5, Phno=98765433221, URL=https://uaev2.skytravellers.com/login, Password=WXOlqr3284}]]>
              </value>
            </param>
          </params>
          <reporter-output>
          </reporter-output>
        </test-method> <!-- myTest -->
        <test-method is-config="true" signature="tearDown()[pri:0, instance:SkyTravellers_Hotels.TCHO_4_verifyHotelsSearchwithFacilities@38afe297]" started-at="2025-08-26T12:33:20 IST" name="tearDown" finished-at="2025-08-26T12:33:20 IST" duration-ms="47" status="PASS">
          <reporter-output>
          </reporter-output>
        </test-method> <!-- tearDown -->
        <test-method is-config="true" signature="launchApplication(java.lang.String)[pri:0, instance:SkyTravellers_Hotels.TCHO_4_verifyHotelsSearchwithFacilities@38afe297]" started-at="2025-08-26T12:33:20 IST" name="launchApplication" finished-at="2025-08-26T12:33:22 IST" duration-ms="2451" status="PASS">
          <params>
            <param index="0">
              <value>
                <![CDATA[chrome]]>
              </value>
            </param>
          </params>
          <reporter-output>
          </reporter-output>
        </test-method> <!-- launchApplication -->
        <test-method signature="myTest(java.util.Map)[pri:0, instance:SkyTravellers_Hotels.TCHO_4_verifyHotelsSearchwithFacilities@38afe297]" started-at="2025-08-26T12:33:22 IST" name="myTest" data-provider="sheetBasedData" finished-at="2025-08-26T12:34:52 IST" duration-ms="89723" status="FAIL">
          <params>
            <param index="0">
              <value>
                <![CDATA[{Origin=chennai, RoomCount=1, Payment=Netbanking, UserName=tarun@tripgain.com, Email=abcd@tripgain.com, TestRun=, AdultCount=1, ChildCount=1, childAge=5, Phno=9876589054, URL=https://uaev2.skytravellers.com/login, Password=WXOlqr3285}]]>
              </value>
            </param>
          </params>
          <exception class="org.openqa.selenium.NoSuchElementException">
            <message>
              <![CDATA[no such element: Unable to locate element: {"method":"xpath","selector":"//*[@class='booking-review-page__body__booking-details_hotel-name']"}
  (Session info: chrome=139.0.7258.139)
For documentation on this error, please visit: https://www.selenium.dev/documentation/webdriver/troubleshooting/errors#no-such-element-exception
Build info: version: '4.29.0', revision: '5fc1ec94cb'
System info: os.name: 'Windows 11', os.arch: 'amd64', os.version: '10.0', java.version: '21.0.7'
Driver info: org.openqa.selenium.chrome.ChromeDriver
Command: [c1d551d446ecacbc279fa5374324d396, findElement {using=xpath, value=//*[@class='booking-review-page__body__booking-details_hotel-name']}]
Capabilities {acceptInsecureCerts: false, browserName: chrome, browserVersion: 139.0.7258.139, chrome: {chromedriverVersion: 139.0.7258.138 (884e54ea8d4..., userDataDir: C:\Users\LENOVO\AppData\Loc...}, fedcm:accounts: true, goog:chromeOptions: {debuggerAddress: localhost:53268}, networkConnectionEnabled: false, pageLoadStrategy: normal, platformName: windows, proxy: Proxy(), se:cdp: ws://localhost:53268/devtoo..., se:cdpVersion: 139.0.7258.139, setWindowRect: true, strictFileInteractability: false, timeouts: {implicit: 0, pageLoad: 300000, script: 30000}, unhandledPromptBehavior: dismiss and notify, webauthn:extension:credBlob: true, webauthn:extension:largeBlob: true, webauthn:extension:minPinLength: true, webauthn:extension:prf: true, webauthn:virtualAuthenticators: true}
Session ID: c1d551d446ecacbc279fa5374324d396]]>
            </message>
            <full-stacktrace>
              <![CDATA[org.openqa.selenium.NoSuchElementException: no such element: Unable to locate element: {"method":"xpath","selector":"//*[@class='booking-review-page__body__booking-details_hotel-name']"}
  (Session info: chrome=139.0.7258.139)
For documentation on this error, please visit: https://www.selenium.dev/documentation/webdriver/troubleshooting/errors#no-such-element-exception
Build info: version: '4.29.0', revision: '5fc1ec94cb'
System info: os.name: 'Windows 11', os.arch: 'amd64', os.version: '10.0', java.version: '21.0.7'
Driver info: org.openqa.selenium.chrome.ChromeDriver
Command: [c1d551d446ecacbc279fa5374324d396, findElement {using=xpath, value=//*[@class='booking-review-page__body__booking-details_hotel-name']}]
Capabilities {acceptInsecureCerts: false, browserName: chrome, browserVersion: 139.0.7258.139, chrome: {chromedriverVersion: 139.0.7258.138 (884e54ea8d4..., userDataDir: C:\Users\LENOVO\AppData\Loc...}, fedcm:accounts: true, goog:chromeOptions: {debuggerAddress: localhost:53268}, networkConnectionEnabled: false, pageLoadStrategy: normal, platformName: windows, proxy: Proxy(), se:cdp: ws://localhost:53268/devtoo..., se:cdpVersion: 139.0.7258.139, setWindowRect: true, strictFileInteractability: false, timeouts: {implicit: 0, pageLoad: 300000, script: 30000}, unhandledPromptBehavior: dismiss and notify, webauthn:extension:credBlob: true, webauthn:extension:largeBlob: true, webauthn:extension:minPinLength: true, webauthn:extension:prf: true, webauthn:virtualAuthenticators: true}
Session ID: c1d551d446ecacbc279fa5374324d396
at java.base/jdk.internal.reflect.DirectConstructorHandleAccessor.newInstance(DirectConstructorHandleAccessor.java:62)
at java.base/java.lang.reflect.Constructor.newInstanceWithCaller(Constructor.java:502)
at java.base/java.lang.reflect.Constructor.newInstance(Constructor.java:486)
at org.openqa.selenium.remote.ErrorCodec.decode(ErrorCodec.java:167)
at org.openqa.selenium.remote.codec.w3c.W3CHttpResponseCodec.decode(W3CHttpResponseCodec.java:138)
at org.openqa.selenium.remote.codec.w3c.W3CHttpResponseCodec.decode(W3CHttpResponseCodec.java:50)
at org.openqa.selenium.remote.HttpCommandExecutor.execute(HttpCommandExecutor.java:215)
at org.openqa.selenium.remote.service.DriverCommandExecutor.invokeExecute(DriverCommandExecutor.java:216)
at org.openqa.selenium.remote.service.DriverCommandExecutor.execute(DriverCommandExecutor.java:174)
at org.openqa.selenium.remote.RemoteWebDriver.execute(RemoteWebDriver.java:545)
at org.openqa.selenium.remote.ElementLocation$ElementFinder$2.findElement(ElementLocation.java:165)
at org.openqa.selenium.remote.ElementLocation.findElement(ElementLocation.java:59)
at org.openqa.selenium.remote.RemoteWebDriver.findElement(RemoteWebDriver.java:368)
at org.openqa.selenium.remote.RemoteWebDriver.findElement(RemoteWebDriver.java:362)
at com.tripgain.collectionofpages.SkyTravelers_Hotels_BookingPage.getHotelNameFromBookingPage(SkyTravelers_Hotels_BookingPage.java:42)
at SkyTravellers_Hotels.TCHO_4_verifyHotelsSearchwithFacilities.myTest(TCHO_4_verifyHotelsSearchwithFacilities.java:178)
at java.base/jdk.internal.reflect.DirectMethodHandleAccessor.invoke(DirectMethodHandleAccessor.java:103)
at java.base/java.lang.reflect.Method.invoke(Method.java:580)
at org.testng.internal.invokers.MethodInvocationHelper.invokeMethod(MethodInvocationHelper.java:141)
at org.testng.internal.invokers.TestInvoker.invokeMethod(TestInvoker.java:687)
at org.testng.internal.invokers.TestInvoker.invokeTestMethod(TestInvoker.java:230)
at org.testng.internal.invokers.MethodRunner.runInSequence(MethodRunner.java:63)
at org.testng.internal.invokers.TestInvoker$MethodInvocationAgent.invoke(TestInvoker.java:995)
at org.testng.internal.invokers.TestInvoker.invokeTestMethods(TestInvoker.java:203)
at org.testng.internal.invokers.TestMethodWorker.invokeTestMethods(TestMethodWorker.java:154)
at org.testng.internal.invokers.TestMethodWorker.run(TestMethodWorker.java:134)
at java.base/java.util.ArrayList.forEach(ArrayList.java:1596)
at org.testng.TestRunner.privateRun(TestRunner.java:741)
at org.testng.TestRunner.run(TestRunner.java:616)
at org.testng.SuiteRunner.runTest(SuiteRunner.java:421)
at org.testng.SuiteRunner$SuiteWorker.run(SuiteRunner.java:463)
at org.testng.internal.thread.ThreadUtil.lambda$execute$0(ThreadUtil.java:64)
at java.base/java.util.concurrent.FutureTask.run(FutureTask.java:317)
at java.base/java.util.concurrent.ThreadPoolExecutor.runWorker(ThreadPoolExecutor.java:1144)
at java.base/java.util.concurrent.ThreadPoolExecutor$Worker.run(ThreadPoolExecutor.java:642)
at java.base/java.lang.Thread.run(Thread.java:1583)
]]>
            </full-stacktrace>
          </exception> <!-- org.openqa.selenium.NoSuchElementException -->
          <reporter-output>
          </reporter-output>
        </test-method> <!-- myTest -->
        <test-method is-config="true" signature="tearDown()[pri:0, instance:SkyTravellers_Hotels.TCHO_4_verifyHotelsSearchwithFacilities@38afe297]" started-at="2025-08-26T12:34:52 IST" name="tearDown" finished-at="2025-08-26T12:34:53 IST" duration-ms="1395" status="PASS">
          <reporter-output>
          </reporter-output>
        </test-method> <!-- tearDown -->
        <test-method is-config="true" signature="launchApplication(java.lang.String)[pri:0, instance:SkyTravellers_Hotels.TCHO_4_verifyHotelsSearchwithFacilities@38afe297]" started-at="2025-08-26T12:34:53 IST" name="launchApplication" finished-at="2025-08-26T12:34:56 IST" duration-ms="2620" status="PASS">
          <params>
            <param index="0">
              <value>
                <![CDATA[chrome]]>
              </value>
            </param>
          </params>
          <reporter-output>
          </reporter-output>
        </test-method> <!-- launchApplication -->
        <test-method signature="myTest(java.util.Map)[pri:0, instance:SkyTravellers_Hotels.TCHO_4_verifyHotelsSearchwithFacilities@38afe297]" started-at="2025-08-26T12:34:56 IST" name="myTest" data-provider="sheetBasedData" finished-at="2025-08-26T12:36:28 IST" duration-ms="92096" status="FAIL">
          <params>
            <param index="0">
              <value>
                <![CDATA[{Origin=Jharkhand, RoomCount=1, Payment=UPI, UserName=tarun@tripgain.com, Email=abcd@tripgain.com, TestRun=, AdultCount=1, ChildCount=1, childAge=5, Phno=87906543212, URL=https://uaev2.skytravellers.com/login, Password=WXOlqr3286}]]>
              </value>
            </param>
          </params>
          <exception class="org.openqa.selenium.NoSuchElementException">
            <message>
              <![CDATA[no such element: Unable to locate element: {"method":"xpath","selector":"//span[text()='Room and Guest']/following-sibling::span"}
  (Session info: chrome=139.0.7258.139)
For documentation on this error, please visit: https://www.selenium.dev/documentation/webdriver/troubleshooting/errors#no-such-element-exception
Build info: version: '4.29.0', revision: '5fc1ec94cb'
System info: os.name: 'Windows 11', os.arch: 'amd64', os.version: '10.0', java.version: '21.0.7'
Driver info: org.openqa.selenium.chrome.ChromeDriver
Command: [d7b5bfdc8d8002834fa7e57a7d2b3575, findElement {using=xpath, value=//span[text()='Room and Guest']/following-sibling::span}]
Capabilities {acceptInsecureCerts: false, browserName: chrome, browserVersion: 139.0.7258.139, chrome: {chromedriverVersion: 139.0.7258.138 (884e54ea8d4..., userDataDir: C:\Users\LENOVO\AppData\Loc...}, fedcm:accounts: true, goog:chromeOptions: {debuggerAddress: localhost:56311}, networkConnectionEnabled: false, pageLoadStrategy: normal, platformName: windows, proxy: Proxy(), se:cdp: ws://localhost:56311/devtoo..., se:cdpVersion: 139.0.7258.139, setWindowRect: true, strictFileInteractability: false, timeouts: {implicit: 0, pageLoad: 300000, script: 30000}, unhandledPromptBehavior: dismiss and notify, webauthn:extension:credBlob: true, webauthn:extension:largeBlob: true, webauthn:extension:minPinLength: true, webauthn:extension:prf: true, webauthn:virtualAuthenticators: true}
Session ID: d7b5bfdc8d8002834fa7e57a7d2b3575]]>
            </message>
            <full-stacktrace>
              <![CDATA[org.openqa.selenium.NoSuchElementException: no such element: Unable to locate element: {"method":"xpath","selector":"//span[text()='Room and Guest']/following-sibling::span"}
  (Session info: chrome=139.0.7258.139)
For documentation on this error, please visit: https://www.selenium.dev/documentation/webdriver/troubleshooting/errors#no-such-element-exception
Build info: version: '4.29.0', revision: '5fc1ec94cb'
System info: os.name: 'Windows 11', os.arch: 'amd64', os.version: '10.0', java.version: '21.0.7'
Driver info: org.openqa.selenium.chrome.ChromeDriver
Command: [d7b5bfdc8d8002834fa7e57a7d2b3575, findElement {using=xpath, value=//span[text()='Room and Guest']/following-sibling::span}]
Capabilities {acceptInsecureCerts: false, browserName: chrome, browserVersion: 139.0.7258.139, chrome: {chromedriverVersion: 139.0.7258.138 (884e54ea8d4..., userDataDir: C:\Users\LENOVO\AppData\Loc...}, fedcm:accounts: true, goog:chromeOptions: {debuggerAddress: localhost:56311}, networkConnectionEnabled: false, pageLoadStrategy: normal, platformName: windows, proxy: Proxy(), se:cdp: ws://localhost:56311/devtoo..., se:cdpVersion: 139.0.7258.139, setWindowRect: true, strictFileInteractability: false, timeouts: {implicit: 0, pageLoad: 300000, script: 30000}, unhandledPromptBehavior: dismiss and notify, webauthn:extension:credBlob: true, webauthn:extension:largeBlob: true, webauthn:extension:minPinLength: true, webauthn:extension:prf: true, webauthn:virtualAuthenticators: true}
Session ID: d7b5bfdc8d8002834fa7e57a7d2b3575
at java.base/jdk.internal.reflect.DirectConstructorHandleAccessor.newInstance(DirectConstructorHandleAccessor.java:62)
at java.base/java.lang.reflect.Constructor.newInstanceWithCaller(Constructor.java:502)
at java.base/java.lang.reflect.Constructor.newInstance(Constructor.java:486)
at org.openqa.selenium.remote.ErrorCodec.decode(ErrorCodec.java:167)
at org.openqa.selenium.remote.codec.w3c.W3CHttpResponseCodec.decode(W3CHttpResponseCodec.java:138)
at org.openqa.selenium.remote.codec.w3c.W3CHttpResponseCodec.decode(W3CHttpResponseCodec.java:50)
at org.openqa.selenium.remote.HttpCommandExecutor.execute(HttpCommandExecutor.java:215)
at org.openqa.selenium.remote.service.DriverCommandExecutor.invokeExecute(DriverCommandExecutor.java:216)
at org.openqa.selenium.remote.service.DriverCommandExecutor.execute(DriverCommandExecutor.java:174)
at org.openqa.selenium.remote.RemoteWebDriver.execute(RemoteWebDriver.java:545)
at org.openqa.selenium.remote.ElementLocation$ElementFinder$2.findElement(ElementLocation.java:165)
at org.openqa.selenium.remote.ElementLocation.findElement(ElementLocation.java:59)
at org.openqa.selenium.remote.RemoteWebDriver.findElement(RemoteWebDriver.java:368)
at org.openqa.selenium.remote.RemoteWebDriver.findElement(RemoteWebDriver.java:362)
at com.tripgain.collectionofpages.SkyTravelers_Hotels_SearchPage.getRoomAndGuestTextFromResultPage(SkyTravelers_Hotels_SearchPage.java:774)
at SkyTravellers_Hotels.TCHO_4_verifyHotelsSearchwithFacilities.myTest(TCHO_4_verifyHotelsSearchwithFacilities.java:112)
at java.base/jdk.internal.reflect.DirectMethodHandleAccessor.invoke(DirectMethodHandleAccessor.java:103)
at java.base/java.lang.reflect.Method.invoke(Method.java:580)
at org.testng.internal.invokers.MethodInvocationHelper.invokeMethod(MethodInvocationHelper.java:141)
at org.testng.internal.invokers.TestInvoker.invokeMethod(TestInvoker.java:687)
at org.testng.internal.invokers.TestInvoker.invokeTestMethod(TestInvoker.java:230)
at org.testng.internal.invokers.MethodRunner.runInSequence(MethodRunner.java:63)
at org.testng.internal.invokers.TestInvoker$MethodInvocationAgent.invoke(TestInvoker.java:995)
at org.testng.internal.invokers.TestInvoker.invokeTestMethods(TestInvoker.java:203)
at org.testng.internal.invokers.TestMethodWorker.invokeTestMethods(TestMethodWorker.java:154)
at org.testng.internal.invokers.TestMethodWorker.run(TestMethodWorker.java:134)
at java.base/java.util.ArrayList.forEach(ArrayList.java:1596)
at org.testng.TestRunner.privateRun(TestRunner.java:741)
at org.testng.TestRunner.run(TestRunner.java:616)
at org.testng.SuiteRunner.runTest(SuiteRunner.java:421)
at org.testng.SuiteRunner$SuiteWorker.run(SuiteRunner.java:463)
at org.testng.internal.thread.ThreadUtil.lambda$execute$0(ThreadUtil.java:64)
at java.base/java.util.concurrent.FutureTask.run(FutureTask.java:317)
at java.base/java.util.concurrent.ThreadPoolExecutor.runWorker(ThreadPoolExecutor.java:1144)
at java.base/java.util.concurrent.ThreadPoolExecutor$Worker.run(ThreadPoolExecutor.java:642)
at java.base/java.lang.Thread.run(Thread.java:1583)
]]>
            </full-stacktrace>
          </exception> <!-- org.openqa.selenium.NoSuchElementException -->
          <reporter-output>
          </reporter-output>
        </test-method> <!-- myTest -->
        <test-method is-config="true" signature="tearDown()[pri:0, instance:SkyTravellers_Hotels.TCHO_4_verifyHotelsSearchwithFacilities@38afe297]" started-at="2025-08-26T12:36:28 IST" name="tearDown" finished-at="2025-08-26T12:36:29 IST" duration-ms="676" status="PASS">
          <reporter-output>
          </reporter-output>
        </test-method> <!-- tearDown -->
        <test-method is-config="true" signature="launchApplication(java.lang.String)[pri:0, instance:SkyTravellers_Hotels.TCHO_4_verifyHotelsSearchwithFacilities@38afe297]" started-at="2025-08-26T12:36:29 IST" name="launchApplication" finished-at="2025-08-26T12:36:31 IST" duration-ms="2627" status="PASS">
          <params>
            <param index="0">
              <value>
                <![CDATA[chrome]]>
              </value>
            </param>
          </params>
          <reporter-output>
          </reporter-output>
        </test-method> <!-- launchApplication -->
        <test-method signature="myTest(java.util.Map)[pri:0, instance:SkyTravellers_Hotels.TCHO_4_verifyHotelsSearchwithFacilities@38afe297]" started-at="2025-08-26T12:36:31 IST" name="myTest" data-provider="sheetBasedData" finished-at="2025-08-26T12:38:34 IST" duration-ms="122253" status="PASS">
          <params>
            <param index="0">
              <value>
                <![CDATA[{Origin=Malaysia, RoomCount=1, Payment= CreditCard, UserName=tarun@tripgain.com, Email=abcd@tripgain.com, TestRun=, AdultCount=1, ChildCount=1, childAge=5, Phno=6789076545, URL=https://uaev2.skytravellers.com/login, Password=WXOlqr3287}]]>
              </value>
            </param>
          </params>
          <reporter-output>
          </reporter-output>
        </test-method> <!-- myTest -->
        <test-method is-config="true" signature="tearDown()[pri:0, instance:SkyTravellers_Hotels.TCHO_4_verifyHotelsSearchwithFacilities@38afe297]" started-at="2025-08-26T12:38:34 IST" name="tearDown" finished-at="2025-08-26T12:38:34 IST" duration-ms="75" status="PASS">
          <reporter-output>
          </reporter-output>
        </test-method> <!-- tearDown -->
        <test-method is-config="true" signature="launchApplication(java.lang.String)[pri:0, instance:SkyTravellers_Hotels.TCHO_4_verifyHotelsSearchwithFacilities@38afe297]" started-at="2025-08-26T12:38:34 IST" name="launchApplication" finished-at="2025-08-26T12:38:36 IST" duration-ms="2508" status="PASS">
          <params>
            <param index="0">
              <value>
                <![CDATA[chrome]]>
              </value>
            </param>
          </params>
          <reporter-output>
          </reporter-output>
        </test-method> <!-- launchApplication -->
        <test-method signature="myTest(java.util.Map)[pri:0, instance:SkyTravellers_Hotels.TCHO_4_verifyHotelsSearchwithFacilities@38afe297]" started-at="2025-08-26T12:38:36 IST" name="myTest" data-provider="sheetBasedData" finished-at="2025-08-26T12:41:31 IST" duration-ms="175223" status="FAIL">
          <params>
            <param index="0">
              <value>
                <![CDATA[{Origin=South Korea, RoomCount=1, Payment= DebitCard, UserName=tarun@tripgain.com, Email=abcd@tripgain.com, TestRun=, AdultCount=1, ChildCount=1, childAge=5, Phno=98076534224, URL=https://uaev2.skytravellers.com/login, Password=WXOlqr3288}]]>
              </value>
            </param>
          </params>
          <exception class="org.openqa.selenium.NoSuchElementException">
            <message>
              <![CDATA[no such element: Unable to locate element: {"method":"xpath","selector":"//*[contains(@class,'check-in-out-card_check-out-date')]"}
  (Session info: chrome=139.0.7258.139)
For documentation on this error, please visit: https://www.selenium.dev/documentation/webdriver/troubleshooting/errors#no-such-element-exception
Build info: version: '4.29.0', revision: '5fc1ec94cb'
System info: os.name: 'Windows 11', os.arch: 'amd64', os.version: '10.0', java.version: '21.0.7'
Driver info: org.openqa.selenium.chrome.ChromeDriver
Command: [d43288663e991040ae47827effc76785, findElement {using=xpath, value=//*[contains(@class,'check-in-out-card_check-out-date')]}]
Capabilities {acceptInsecureCerts: false, browserName: chrome, browserVersion: 139.0.7258.139, chrome: {chromedriverVersion: 139.0.7258.138 (884e54ea8d4..., userDataDir: C:\Users\LENOVO\AppData\Loc...}, fedcm:accounts: true, goog:chromeOptions: {debuggerAddress: localhost:65277}, networkConnectionEnabled: false, pageLoadStrategy: normal, platformName: windows, proxy: Proxy(), se:cdp: ws://localhost:65277/devtoo..., se:cdpVersion: 139.0.7258.139, setWindowRect: true, strictFileInteractability: false, timeouts: {implicit: 0, pageLoad: 300000, script: 30000}, unhandledPromptBehavior: dismiss and notify, webauthn:extension:credBlob: true, webauthn:extension:largeBlob: true, webauthn:extension:minPinLength: true, webauthn:extension:prf: true, webauthn:virtualAuthenticators: true}
Session ID: d43288663e991040ae47827effc76785]]>
            </message>
            <full-stacktrace>
              <![CDATA[org.openqa.selenium.NoSuchElementException: no such element: Unable to locate element: {"method":"xpath","selector":"//*[contains(@class,'check-in-out-card_check-out-date')]"}
  (Session info: chrome=139.0.7258.139)
For documentation on this error, please visit: https://www.selenium.dev/documentation/webdriver/troubleshooting/errors#no-such-element-exception
Build info: version: '4.29.0', revision: '5fc1ec94cb'
System info: os.name: 'Windows 11', os.arch: 'amd64', os.version: '10.0', java.version: '21.0.7'
Driver info: org.openqa.selenium.chrome.ChromeDriver
Command: [d43288663e991040ae47827effc76785, findElement {using=xpath, value=//*[contains(@class,'check-in-out-card_check-out-date')]}]
Capabilities {acceptInsecureCerts: false, browserName: chrome, browserVersion: 139.0.7258.139, chrome: {chromedriverVersion: 139.0.7258.138 (884e54ea8d4..., userDataDir: C:\Users\LENOVO\AppData\Loc...}, fedcm:accounts: true, goog:chromeOptions: {debuggerAddress: localhost:65277}, networkConnectionEnabled: false, pageLoadStrategy: normal, platformName: windows, proxy: Proxy(), se:cdp: ws://localhost:65277/devtoo..., se:cdpVersion: 139.0.7258.139, setWindowRect: true, strictFileInteractability: false, timeouts: {implicit: 0, pageLoad: 300000, script: 30000}, unhandledPromptBehavior: dismiss and notify, webauthn:extension:credBlob: true, webauthn:extension:largeBlob: true, webauthn:extension:minPinLength: true, webauthn:extension:prf: true, webauthn:virtualAuthenticators: true}
Session ID: d43288663e991040ae47827effc76785
at java.base/jdk.internal.reflect.DirectConstructorHandleAccessor.newInstance(DirectConstructorHandleAccessor.java:62)
at java.base/java.lang.reflect.Constructor.newInstanceWithCaller(Constructor.java:502)
at java.base/java.lang.reflect.Constructor.newInstance(Constructor.java:486)
at org.openqa.selenium.remote.ErrorCodec.decode(ErrorCodec.java:167)
at org.openqa.selenium.remote.codec.w3c.W3CHttpResponseCodec.decode(W3CHttpResponseCodec.java:138)
at org.openqa.selenium.remote.codec.w3c.W3CHttpResponseCodec.decode(W3CHttpResponseCodec.java:50)
at org.openqa.selenium.remote.HttpCommandExecutor.execute(HttpCommandExecutor.java:215)
at org.openqa.selenium.remote.service.DriverCommandExecutor.invokeExecute(DriverCommandExecutor.java:216)
at org.openqa.selenium.remote.service.DriverCommandExecutor.execute(DriverCommandExecutor.java:174)
at org.openqa.selenium.remote.RemoteWebDriver.execute(RemoteWebDriver.java:545)
at org.openqa.selenium.remote.ElementLocation$ElementFinder$2.findElement(ElementLocation.java:165)
at org.openqa.selenium.remote.ElementLocation.findElement(ElementLocation.java:59)
at org.openqa.selenium.remote.RemoteWebDriver.findElement(RemoteWebDriver.java:368)
at org.openqa.selenium.remote.RemoteWebDriver.findElement(RemoteWebDriver.java:362)
at com.tripgain.collectionofpages.SkyTravelers_Hotels_DescriptionPage.getCheckoutDateFromDescPage(SkyTravelers_Hotels_DescriptionPage.java:133)
at SkyTravellers_Hotels.TCHO_4_verifyHotelsSearchwithFacilities.myTest(TCHO_4_verifyHotelsSearchwithFacilities.java:141)
at java.base/jdk.internal.reflect.DirectMethodHandleAccessor.invoke(DirectMethodHandleAccessor.java:103)
at java.base/java.lang.reflect.Method.invoke(Method.java:580)
at org.testng.internal.invokers.MethodInvocationHelper.invokeMethod(MethodInvocationHelper.java:141)
at org.testng.internal.invokers.TestInvoker.invokeMethod(TestInvoker.java:687)
at org.testng.internal.invokers.TestInvoker.invokeTestMethod(TestInvoker.java:230)
at org.testng.internal.invokers.MethodRunner.runInSequence(MethodRunner.java:63)
at org.testng.internal.invokers.TestInvoker$MethodInvocationAgent.invoke(TestInvoker.java:995)
at org.testng.internal.invokers.TestInvoker.invokeTestMethods(TestInvoker.java:203)
at org.testng.internal.invokers.TestMethodWorker.invokeTestMethods(TestMethodWorker.java:154)
at org.testng.internal.invokers.TestMethodWorker.run(TestMethodWorker.java:134)
at java.base/java.util.ArrayList.forEach(ArrayList.java:1596)
at org.testng.TestRunner.privateRun(TestRunner.java:741)
at org.testng.TestRunner.run(TestRunner.java:616)
at org.testng.SuiteRunner.runTest(SuiteRunner.java:421)
at org.testng.SuiteRunner$SuiteWorker.run(SuiteRunner.java:463)
at org.testng.internal.thread.ThreadUtil.lambda$execute$0(ThreadUtil.java:64)
at java.base/java.util.concurrent.FutureTask.run(FutureTask.java:317)
at java.base/java.util.concurrent.ThreadPoolExecutor.runWorker(ThreadPoolExecutor.java:1144)
at java.base/java.util.concurrent.ThreadPoolExecutor$Worker.run(ThreadPoolExecutor.java:642)
at java.base/java.lang.Thread.run(Thread.java:1583)
]]>
            </full-stacktrace>
          </exception> <!-- org.openqa.selenium.NoSuchElementException -->
          <reporter-output>
          </reporter-output>
        </test-method> <!-- myTest -->
        <test-method is-config="true" signature="tearDown()[pri:0, instance:SkyTravellers_Hotels.TCHO_4_verifyHotelsSearchwithFacilities@38afe297]" started-at="2025-08-26T12:41:31 IST" name="tearDown" finished-at="2025-08-26T12:41:32 IST" duration-ms="524" status="PASS">
          <reporter-output>
          </reporter-output>
        </test-method> <!-- tearDown -->
        <test-method is-config="true" signature="launchApplication(java.lang.String)[pri:0, instance:SkyTravellers_Hotels.TCHO_4_verifyHotelsSearchwithFacilities@38afe297]" started-at="2025-08-26T12:41:32 IST" name="launchApplication" finished-at="2025-08-26T12:41:34 IST" duration-ms="2410" status="PASS">
          <params>
            <param index="0">
              <value>
                <![CDATA[chrome]]>
              </value>
            </param>
          </params>
          <reporter-output>
          </reporter-output>
        </test-method> <!-- launchApplication -->
        <test-method signature="myTest(java.util.Map)[pri:0, instance:SkyTravellers_Hotels.TCHO_4_verifyHotelsSearchwithFacilities@38afe297]" started-at="2025-08-26T12:41:34 IST" name="myTest" data-provider="sheetBasedData" finished-at="2025-08-26T12:42:57 IST" duration-ms="82271" status="FAIL">
          <params>
            <param index="0">
              <value>
                <![CDATA[{Origin=Sri lanka, RoomCount=1, Payment=Netbanking, UserName=tarun@tripgain.com, Email=abcd@tripgain.com, TestRun=, AdultCount=1, ChildCount=1, childAge=5, Phno=98076534225, URL=https://uaev2.skytravellers.com/login, Password=WXOlqr3289}]]>
              </value>
            </param>
          </params>
          <exception class="org.openqa.selenium.NoSuchElementException">
            <message>
              <![CDATA[no such element: Unable to locate element: {"method":"xpath","selector":"//*[@class='booking-review-page__body__booking-details_hotel-name']"}
  (Session info: chrome=139.0.7258.139)
For documentation on this error, please visit: https://www.selenium.dev/documentation/webdriver/troubleshooting/errors#no-such-element-exception
Build info: version: '4.29.0', revision: '5fc1ec94cb'
System info: os.name: 'Windows 11', os.arch: 'amd64', os.version: '10.0', java.version: '21.0.7'
Driver info: org.openqa.selenium.chrome.ChromeDriver
Command: [e53de1d096cedc6365342ad518ab25d7, findElement {using=xpath, value=//*[@class='booking-review-page__body__booking-details_hotel-name']}]
Capabilities {acceptInsecureCerts: false, browserName: chrome, browserVersion: 139.0.7258.139, chrome: {chromedriverVersion: 139.0.7258.138 (884e54ea8d4..., userDataDir: C:\Users\LENOVO\AppData\Loc...}, fedcm:accounts: true, goog:chromeOptions: {debuggerAddress: localhost:59480}, networkConnectionEnabled: false, pageLoadStrategy: normal, platformName: windows, proxy: Proxy(), se:cdp: ws://localhost:59480/devtoo..., se:cdpVersion: 139.0.7258.139, setWindowRect: true, strictFileInteractability: false, timeouts: {implicit: 0, pageLoad: 300000, script: 30000}, unhandledPromptBehavior: dismiss and notify, webauthn:extension:credBlob: true, webauthn:extension:largeBlob: true, webauthn:extension:minPinLength: true, webauthn:extension:prf: true, webauthn:virtualAuthenticators: true}
Session ID: e53de1d096cedc6365342ad518ab25d7]]>
            </message>
            <full-stacktrace>
              <![CDATA[org.openqa.selenium.NoSuchElementException: no such element: Unable to locate element: {"method":"xpath","selector":"//*[@class='booking-review-page__body__booking-details_hotel-name']"}
  (Session info: chrome=139.0.7258.139)
For documentation on this error, please visit: https://www.selenium.dev/documentation/webdriver/troubleshooting/errors#no-such-element-exception
Build info: version: '4.29.0', revision: '5fc1ec94cb'
System info: os.name: 'Windows 11', os.arch: 'amd64', os.version: '10.0', java.version: '21.0.7'
Driver info: org.openqa.selenium.chrome.ChromeDriver
Command: [e53de1d096cedc6365342ad518ab25d7, findElement {using=xpath, value=//*[@class='booking-review-page__body__booking-details_hotel-name']}]
Capabilities {acceptInsecureCerts: false, browserName: chrome, browserVersion: 139.0.7258.139, chrome: {chromedriverVersion: 139.0.7258.138 (884e54ea8d4..., userDataDir: C:\Users\LENOVO\AppData\Loc...}, fedcm:accounts: true, goog:chromeOptions: {debuggerAddress: localhost:59480}, networkConnectionEnabled: false, pageLoadStrategy: normal, platformName: windows, proxy: Proxy(), se:cdp: ws://localhost:59480/devtoo..., se:cdpVersion: 139.0.7258.139, setWindowRect: true, strictFileInteractability: false, timeouts: {implicit: 0, pageLoad: 300000, script: 30000}, unhandledPromptBehavior: dismiss and notify, webauthn:extension:credBlob: true, webauthn:extension:largeBlob: true, webauthn:extension:minPinLength: true, webauthn:extension:prf: true, webauthn:virtualAuthenticators: true}
Session ID: e53de1d096cedc6365342ad518ab25d7
at java.base/jdk.internal.reflect.DirectConstructorHandleAccessor.newInstance(DirectConstructorHandleAccessor.java:62)
at java.base/java.lang.reflect.Constructor.newInstanceWithCaller(Constructor.java:502)
at java.base/java.lang.reflect.Constructor.newInstance(Constructor.java:486)
at org.openqa.selenium.remote.ErrorCodec.decode(ErrorCodec.java:167)
at org.openqa.selenium.remote.codec.w3c.W3CHttpResponseCodec.decode(W3CHttpResponseCodec.java:138)
at org.openqa.selenium.remote.codec.w3c.W3CHttpResponseCodec.decode(W3CHttpResponseCodec.java:50)
at org.openqa.selenium.remote.HttpCommandExecutor.execute(HttpCommandExecutor.java:215)
at org.openqa.selenium.remote.service.DriverCommandExecutor.invokeExecute(DriverCommandExecutor.java:216)
at org.openqa.selenium.remote.service.DriverCommandExecutor.execute(DriverCommandExecutor.java:174)
at org.openqa.selenium.remote.RemoteWebDriver.execute(RemoteWebDriver.java:545)
at org.openqa.selenium.remote.ElementLocation$ElementFinder$2.findElement(ElementLocation.java:165)
at org.openqa.selenium.remote.ElementLocation.findElement(ElementLocation.java:59)
at org.openqa.selenium.remote.RemoteWebDriver.findElement(RemoteWebDriver.java:368)
at org.openqa.selenium.remote.RemoteWebDriver.findElement(RemoteWebDriver.java:362)
at com.tripgain.collectionofpages.SkyTravelers_Hotels_BookingPage.getHotelNameFromBookingPage(SkyTravelers_Hotels_BookingPage.java:42)
at SkyTravellers_Hotels.TCHO_4_verifyHotelsSearchwithFacilities.myTest(TCHO_4_verifyHotelsSearchwithFacilities.java:178)
at java.base/jdk.internal.reflect.DirectMethodHandleAccessor.invoke(DirectMethodHandleAccessor.java:103)
at java.base/java.lang.reflect.Method.invoke(Method.java:580)
at org.testng.internal.invokers.MethodInvocationHelper.invokeMethod(MethodInvocationHelper.java:141)
at org.testng.internal.invokers.TestInvoker.invokeMethod(TestInvoker.java:687)
at org.testng.internal.invokers.TestInvoker.invokeTestMethod(TestInvoker.java:230)
at org.testng.internal.invokers.MethodRunner.runInSequence(MethodRunner.java:63)
at org.testng.internal.invokers.TestInvoker$MethodInvocationAgent.invoke(TestInvoker.java:995)
at org.testng.internal.invokers.TestInvoker.invokeTestMethods(TestInvoker.java:203)
at org.testng.internal.invokers.TestMethodWorker.invokeTestMethods(TestMethodWorker.java:154)
at org.testng.internal.invokers.TestMethodWorker.run(TestMethodWorker.java:134)
at java.base/java.util.ArrayList.forEach(ArrayList.java:1596)
at org.testng.TestRunner.privateRun(TestRunner.java:741)
at org.testng.TestRunner.run(TestRunner.java:616)
at org.testng.SuiteRunner.runTest(SuiteRunner.java:421)
at org.testng.SuiteRunner$SuiteWorker.run(SuiteRunner.java:463)
at org.testng.internal.thread.ThreadUtil.lambda$execute$0(ThreadUtil.java:64)
at java.base/java.util.concurrent.FutureTask.run(FutureTask.java:317)
at java.base/java.util.concurrent.ThreadPoolExecutor.runWorker(ThreadPoolExecutor.java:1144)
at java.base/java.util.concurrent.ThreadPoolExecutor$Worker.run(ThreadPoolExecutor.java:642)
at java.base/java.lang.Thread.run(Thread.java:1583)
]]>
            </full-stacktrace>
          </exception> <!-- org.openqa.selenium.NoSuchElementException -->
          <reporter-output>
          </reporter-output>
        </test-method> <!-- myTest -->
        <test-method is-config="true" signature="tearDown()[pri:0, instance:SkyTravellers_Hotels.TCHO_4_verifyHotelsSearchwithFacilities@38afe297]" started-at="2025-08-26T12:42:57 IST" name="tearDown" finished-at="2025-08-26T12:42:57 IST" duration-ms="647" status="PASS">
          <reporter-output>
          </reporter-output>
        </test-method> <!-- tearDown -->
        <test-method is-config="true" signature="launchApplication(java.lang.String)[pri:0, instance:SkyTravellers_Hotels.TCHO_4_verifyHotelsSearchwithFacilities@38afe297]" started-at="2025-08-26T12:42:57 IST" name="launchApplication" finished-at="2025-08-26T12:43:00 IST" duration-ms="2378" status="PASS">
          <params>
            <param index="0">
              <value>
                <![CDATA[chrome]]>
              </value>
            </param>
          </params>
          <reporter-output>
          </reporter-output>
        </test-method> <!-- launchApplication -->
        <test-method signature="myTest(java.util.Map)[pri:0, instance:SkyTravellers_Hotels.TCHO_4_verifyHotelsSearchwithFacilities@38afe297]" started-at="2025-08-26T12:43:00 IST" name="myTest" data-provider="sheetBasedData" finished-at="2025-08-26T12:44:29 IST" duration-ms="89478" status="FAIL">
          <params>
            <param index="0">
              <value>
                <![CDATA[{Origin=Belgium, RoomCount=1, Payment=UPI, UserName=tarun@tripgain.com, Email=abcd@tripgain.com, TestRun=, AdultCount=1, ChildCount=1, childAge=5, Phno=98076534226, URL=https://uaev2.skytravellers.com/login, Password=WXOlqr3290}]]>
              </value>
            </param>
          </params>
          <exception class="org.openqa.selenium.NoSuchElementException">
            <message>
              <![CDATA[no such element: Unable to locate element: {"method":"xpath","selector":"//*[@class='booking-review-page__body__booking-details_hotel-name']"}
  (Session info: chrome=139.0.7258.139)
For documentation on this error, please visit: https://www.selenium.dev/documentation/webdriver/troubleshooting/errors#no-such-element-exception
Build info: version: '4.29.0', revision: '5fc1ec94cb'
System info: os.name: 'Windows 11', os.arch: 'amd64', os.version: '10.0', java.version: '21.0.7'
Driver info: org.openqa.selenium.chrome.ChromeDriver
Command: [867850198e9cd910b00832fa687d13f5, findElement {using=xpath, value=//*[@class='booking-review-page__body__booking-details_hotel-name']}]
Capabilities {acceptInsecureCerts: false, browserName: chrome, browserVersion: 139.0.7258.139, chrome: {chromedriverVersion: 139.0.7258.138 (884e54ea8d4..., userDataDir: C:\Users\LENOVO\AppData\Loc...}, fedcm:accounts: true, goog:chromeOptions: {debuggerAddress: localhost:63020}, networkConnectionEnabled: false, pageLoadStrategy: normal, platformName: windows, proxy: Proxy(), se:cdp: ws://localhost:63020/devtoo..., se:cdpVersion: 139.0.7258.139, setWindowRect: true, strictFileInteractability: false, timeouts: {implicit: 0, pageLoad: 300000, script: 30000}, unhandledPromptBehavior: dismiss and notify, webauthn:extension:credBlob: true, webauthn:extension:largeBlob: true, webauthn:extension:minPinLength: true, webauthn:extension:prf: true, webauthn:virtualAuthenticators: true}
Session ID: 867850198e9cd910b00832fa687d13f5]]>
            </message>
            <full-stacktrace>
              <![CDATA[org.openqa.selenium.NoSuchElementException: no such element: Unable to locate element: {"method":"xpath","selector":"//*[@class='booking-review-page__body__booking-details_hotel-name']"}
  (Session info: chrome=139.0.7258.139)
For documentation on this error, please visit: https://www.selenium.dev/documentation/webdriver/troubleshooting/errors#no-such-element-exception
Build info: version: '4.29.0', revision: '5fc1ec94cb'
System info: os.name: 'Windows 11', os.arch: 'amd64', os.version: '10.0', java.version: '21.0.7'
Driver info: org.openqa.selenium.chrome.ChromeDriver
Command: [867850198e9cd910b00832fa687d13f5, findElement {using=xpath, value=//*[@class='booking-review-page__body__booking-details_hotel-name']}]
Capabilities {acceptInsecureCerts: false, browserName: chrome, browserVersion: 139.0.7258.139, chrome: {chromedriverVersion: 139.0.7258.138 (884e54ea8d4..., userDataDir: C:\Users\LENOVO\AppData\Loc...}, fedcm:accounts: true, goog:chromeOptions: {debuggerAddress: localhost:63020}, networkConnectionEnabled: false, pageLoadStrategy: normal, platformName: windows, proxy: Proxy(), se:cdp: ws://localhost:63020/devtoo..., se:cdpVersion: 139.0.7258.139, setWindowRect: true, strictFileInteractability: false, timeouts: {implicit: 0, pageLoad: 300000, script: 30000}, unhandledPromptBehavior: dismiss and notify, webauthn:extension:credBlob: true, webauthn:extension:largeBlob: true, webauthn:extension:minPinLength: true, webauthn:extension:prf: true, webauthn:virtualAuthenticators: true}
Session ID: 867850198e9cd910b00832fa687d13f5
at java.base/jdk.internal.reflect.DirectConstructorHandleAccessor.newInstance(DirectConstructorHandleAccessor.java:62)
at java.base/java.lang.reflect.Constructor.newInstanceWithCaller(Constructor.java:502)
at java.base/java.lang.reflect.Constructor.newInstance(Constructor.java:486)
at org.openqa.selenium.remote.ErrorCodec.decode(ErrorCodec.java:167)
at org.openqa.selenium.remote.codec.w3c.W3CHttpResponseCodec.decode(W3CHttpResponseCodec.java:138)
at org.openqa.selenium.remote.codec.w3c.W3CHttpResponseCodec.decode(W3CHttpResponseCodec.java:50)
at org.openqa.selenium.remote.HttpCommandExecutor.execute(HttpCommandExecutor.java:215)
at org.openqa.selenium.remote.service.DriverCommandExecutor.invokeExecute(DriverCommandExecutor.java:216)
at org.openqa.selenium.remote.service.DriverCommandExecutor.execute(DriverCommandExecutor.java:174)
at org.openqa.selenium.remote.RemoteWebDriver.execute(RemoteWebDriver.java:545)
at org.openqa.selenium.remote.ElementLocation$ElementFinder$2.findElement(ElementLocation.java:165)
at org.openqa.selenium.remote.ElementLocation.findElement(ElementLocation.java:59)
at org.openqa.selenium.remote.RemoteWebDriver.findElement(RemoteWebDriver.java:368)
at org.openqa.selenium.remote.RemoteWebDriver.findElement(RemoteWebDriver.java:362)
at com.tripgain.collectionofpages.SkyTravelers_Hotels_BookingPage.getHotelNameFromBookingPage(SkyTravelers_Hotels_BookingPage.java:42)
at SkyTravellers_Hotels.TCHO_4_verifyHotelsSearchwithFacilities.myTest(TCHO_4_verifyHotelsSearchwithFacilities.java:178)
at java.base/jdk.internal.reflect.DirectMethodHandleAccessor.invoke(DirectMethodHandleAccessor.java:103)
at java.base/java.lang.reflect.Method.invoke(Method.java:580)
at org.testng.internal.invokers.MethodInvocationHelper.invokeMethod(MethodInvocationHelper.java:141)
at org.testng.internal.invokers.TestInvoker.invokeMethod(TestInvoker.java:687)
at org.testng.internal.invokers.TestInvoker.invokeTestMethod(TestInvoker.java:230)
at org.testng.internal.invokers.MethodRunner.runInSequence(MethodRunner.java:63)
at org.testng.internal.invokers.TestInvoker$MethodInvocationAgent.invoke(TestInvoker.java:995)
at org.testng.internal.invokers.TestInvoker.invokeTestMethods(TestInvoker.java:203)
at org.testng.internal.invokers.TestMethodWorker.invokeTestMethods(TestMethodWorker.java:154)
at org.testng.internal.invokers.TestMethodWorker.run(TestMethodWorker.java:134)
at java.base/java.util.ArrayList.forEach(ArrayList.java:1596)
at org.testng.TestRunner.privateRun(TestRunner.java:741)
at org.testng.TestRunner.run(TestRunner.java:616)
at org.testng.SuiteRunner.runTest(SuiteRunner.java:421)
at org.testng.SuiteRunner$SuiteWorker.run(SuiteRunner.java:463)
at org.testng.internal.thread.ThreadUtil.lambda$execute$0(ThreadUtil.java:64)
at java.base/java.util.concurrent.FutureTask.run(FutureTask.java:317)
at java.base/java.util.concurrent.ThreadPoolExecutor.runWorker(ThreadPoolExecutor.java:1144)
at java.base/java.util.concurrent.ThreadPoolExecutor$Worker.run(ThreadPoolExecutor.java:642)
at java.base/java.lang.Thread.run(Thread.java:1583)
]]>
            </full-stacktrace>
          </exception> <!-- org.openqa.selenium.NoSuchElementException -->
          <reporter-output>
          </reporter-output>
        </test-method> <!-- myTest -->
        <test-method is-config="true" signature="tearDown()[pri:0, instance:SkyTravellers_Hotels.TCHO_4_verifyHotelsSearchwithFacilities@38afe297]" started-at="2025-08-26T12:44:29 IST" name="tearDown" finished-at="2025-08-26T12:44:30 IST" duration-ms="640" status="PASS">
          <reporter-output>
          </reporter-output>
        </test-method> <!-- tearDown -->
        <test-method is-config="true" signature="launchApplication(java.lang.String)[pri:0, instance:SkyTravellers_Hotels.TCHO_4_verifyHotelsSearchwithFacilities@38afe297]" started-at="2025-08-26T12:44:30 IST" name="launchApplication" finished-at="2025-08-26T12:44:32 IST" duration-ms="2659" status="PASS">
          <params>
            <param index="0">
              <value>
                <![CDATA[chrome]]>
              </value>
            </param>
          </params>
          <reporter-output>
          </reporter-output>
        </test-method> <!-- launchApplication -->
        <test-method signature="myTest(java.util.Map)[pri:0, instance:SkyTravellers_Hotels.TCHO_4_verifyHotelsSearchwithFacilities@38afe297]" started-at="2025-08-26T12:44:32 IST" name="myTest" data-provider="sheetBasedData" finished-at="2025-08-26T12:46:13 IST" duration-ms="100633" status="PASS">
          <params>
            <param index="0">
              <value>
                <![CDATA[{Origin=Israel, RoomCount=1, Payment= CreditCard, UserName=tarun@tripgain.com, Email=abcd@tripgain.com, TestRun=, AdultCount=1, ChildCount=1, childAge=5, Phno=98076534227, URL=https://uaev2.skytravellers.com/login, Password=WXOlqr3291}]]>
              </value>
            </param>
          </params>
          <reporter-output>
          </reporter-output>
        </test-method> <!-- myTest -->
        <test-method is-config="true" signature="tearDown()[pri:0, instance:SkyTravellers_Hotels.TCHO_4_verifyHotelsSearchwithFacilities@38afe297]" started-at="2025-08-26T12:46:13 IST" name="tearDown" finished-at="2025-08-26T12:46:13 IST" duration-ms="50" status="PASS">
          <reporter-output>
          </reporter-output>
        </test-method> <!-- tearDown -->
      </class> <!-- SkyTravellers_Hotels.TCHO_4_verifyHotelsSearchwithFacilities -->
    </test> <!-- test -->
  </suite> <!-- Suite -->
</testng-results>
