<?xml version="1.0" encoding="UTF-8"?>
<!-- Generated by org.testng.reporters.JUnitReportReporter -->
<testsuite hostname="DESKTOP-UAQDHCM" failures="1" tests="1" name="L1_L1GRADE.TC_021_L1_L1Grade_InPolicy" time="46.340" errors="0" timestamp="2025-06-11T16:15:35 IST" skipped="0">
  <testcase classname="L1_L1GRADE.TC_021_L1_L1Grade_InPolicy" name="myTest" time="46.340">
    <failure message="Exception: Unknown stop type in onward flight: 1stops" type="java.lang.AssertionError">
      <![CDATA[java.lang.AssertionError: Exception: Unknown stop type in onward flight: 1stops
at org.testng.Assert.fail(Assert.java:111)
at com.tripgain.collectionofpages.Tripgain_RoundTripResultsScreen.verifyFlightsDetailsOnResultScreenForLocal(Tripgain_RoundTripResultsScreen.java:1730)
at L1_L1GRADE.TC_021_L1_L1Grade_InPolicy.myTest(TC_021_L1_L1Grade_InPolicy.java:107)
at java.base/jdk.internal.reflect.DirectMethodHandleAccessor.invoke(DirectMethodHandleAccessor.java:103)
at java.base/java.lang.reflect.Method.invoke(Method.java:580)
at org.testng.internal.invokers.MethodInvocationHelper.invokeMethod(MethodInvocationHelper.java:141)
at org.testng.internal.invokers.TestInvoker.invokeMethod(TestInvoker.java:687)
at org.testng.internal.invokers.TestInvoker.invokeTestMethod(TestInvoker.java:230)
at org.testng.internal.invokers.MethodRunner.runInSequence(MethodRunner.java:63)
at org.testng.internal.invokers.TestInvoker$MethodInvocationAgent.invoke(TestInvoker.java:995)
at org.testng.internal.invokers.TestInvoker.invokeTestMethods(TestInvoker.java:203)
at org.testng.internal.invokers.TestMethodWorker.invokeTestMethods(TestMethodWorker.java:154)
at org.testng.internal.invokers.TestMethodWorker.run(TestMethodWorker.java:134)
at java.base/java.util.ArrayList.forEach(ArrayList.java:1596)
at org.testng.TestRunner.privateRun(TestRunner.java:741)
at org.testng.TestRunner.run(TestRunner.java:616)
at org.testng.SuiteRunner.runTest(SuiteRunner.java:421)
at org.testng.SuiteRunner$SuiteWorker.run(SuiteRunner.java:463)
at org.testng.internal.thread.ThreadUtil.lambda$execute$0(ThreadUtil.java:64)
at java.base/java.util.concurrent.FutureTask.run(FutureTask.java:317)
at java.base/java.util.concurrent.ThreadPoolExecutor.runWorker(ThreadPoolExecutor.java:1144)
at java.base/java.util.concurrent.ThreadPoolExecutor$Worker.run(ThreadPoolExecutor.java:642)
at java.base/java.lang.Thread.run(Thread.java:1583)
]]>
    </failure>
  </testcase> <!-- myTest -->
</testsuite> <!-- L1_L1GRADE.TC_021_L1_L1Grade_InPolicy -->
